200318-02:55:09 [INFO] -- 
200318-02:55:09 [INFO] -- 
200318-02:55:09 [INFO] -- ============================================================
200318-02:55:09 [INFO] -- MyAppStarter: Application Starting...
200318-02:55:10 [INFO] -- timer: starting...
200318-02:55:10 [INFO] -- Anger: starting...
200318-02:55:10 [INFO] -- Riley: starting...
200318-02:55:10 [INFO] -- Joy: starting...
200318-02:55:10 [INFO] -- Disgust: starting...
200318-02:55:10 [INFO] -- Sadness: starting...
200318-02:55:10 [INFO] -- Fear: starting...
200318-02:55:12 [INFO] -- ------------------------------------------------------------
200318-02:55:12 [INFO] -- Riley: TimesUp 21806 0  Let's say Hello to Anger!
200318-02:55:12 [INFO] -- Hello Riley!  This is Anger.  I am always ANGRY!!!
200318-02:55:12 [INFO] -- Hello Anger!  This is Disgust.  Now what??  What do you want??
200318-02:55:12 [INFO] -- Hello Disgust!  This is Fear.  I am SCARED!!!
200318-02:55:12 [INFO] -- Hello Fear!  This is Joy.  La, la, la, la, lah!  I am HAPPY!!!
200318-02:55:12 [INFO] -- Hello Joy!  This is Sadness.  Why is the sky so blue....  =(
200318-02:55:12 [INFO] -- Hello Sadness!  This is Riley.  Nice meeting you!!
200318-02:55:14 [INFO] -- ------------------------------------------------------------
200318-02:55:14 [INFO] -- Riley: TimesUp 61042 0  Let's say Hello to Anger!
200318-02:55:14 [INFO] -- Hello Riley!  This is Anger.  I am always ANGRY!!!
200318-02:55:14 [INFO] -- Hello Anger!  This is Disgust.  Now what??  What do you want??
200318-02:55:14 [INFO] -- Hello Disgust!  This is Fear.  I am SCARED!!!
200318-02:55:14 [INFO] -- Hello Fear!  This is Joy.  La, la, la, la, lah!  I am HAPPY!!!
200318-02:55:14 [INFO] -- Hello Joy!  This is Sadness.  Why is the sky so blue....  =(
200318-02:55:14 [INFO] -- Hello Sadness!  This is Riley.  Nice meeting you!!
200318-02:55:16 [INFO] -- ------------------------------------------------------------
200318-02:55:16 [INFO] -- Riley: TimesUp 78525 0  Let's say Hello to Anger!
200318-02:55:16 [INFO] -- Hello Riley!  This is Anger.  I am always ANGRY!!!
200318-02:55:16 [INFO] -- Hello Anger!  This is Disgust.  Now what??  What do you want??
200318-02:55:16 [INFO] -- Hello Disgust!  This is Fear.  I am SCARED!!!
200318-02:55:16 [INFO] -- Hello Fear!  This is Joy.  La, la, la, la, lah!  I am HAPPY!!!
200318-02:55:16 [INFO] -- Hello Joy!  This is Sadness.  Why is the sky so blue....  =(
200318-02:55:16 [INFO] -- Hello Sadness!  This is Riley.  Nice meeting you!!
200318-02:55:18 [INFO] -- ------------------------------------------------------------
200318-02:55:18 [INFO] -- Riley: TimesUp 15819 0  Let's say Hello to Anger!
200318-02:55:18 [INFO] -- Hello Riley!  This is Anger.  I am always ANGRY!!!
200318-02:55:18 [INFO] -- Hello Anger!  This is Disgust.  Now what??  What do you want??
200318-02:55:18 [INFO] -- Hello Disgust!  This is Fear.  I am SCARED!!!
200318-02:55:18 [INFO] -- Hello Fear!  This is Joy.  La, la, la, la, lah!  I am HAPPY!!!
200318-02:55:18 [INFO] -- Hello Joy!  This is Sadness.  Why is the sky so blue....  =(
200318-02:55:18 [INFO] -- Hello Sadness!  This is Riley.  Nice meeting you!!
200318-02:55:20 [INFO] -- ------------------------------------------------------------
200318-02:55:20 [INFO] -- Riley: TimesUp 72116 0  Let's say Hello to Anger!
200318-02:55:20 [INFO] -- Hello Riley!  This is Anger.  I am always ANGRY!!!
200318-02:55:20 [INFO] -- Hello Anger!  This is Disgust.  Now what??  What do you want??
200318-02:55:20 [INFO] -- Hello Disgust!  This is Fear.  I am SCARED!!!
200318-02:55:20 [INFO] -- Hello Fear!  This is Joy.  La, la, la, la, lah!  I am HAPPY!!!
200318-02:55:20 [INFO] -- Hello Joy!  This is Sadness.  Why is the sky so blue....  =(
200318-02:55:20 [INFO] -- Hello Sadness!  This is Riley.  Nice meeting you!!
200318-02:55:22 [INFO] -- ------------------------------------------------------------
200318-02:55:22 [INFO] -- Riley: TimesUp 87655 0  Let's say Hello to Anger!
200318-02:55:22 [INFO] -- Hello Riley!  This is Anger.  I am always ANGRY!!!
200318-02:55:22 [INFO] -- Hello Anger!  This is Disgust.  Now what??  What do you want??
200318-02:55:22 [INFO] -- Hello Disgust!  This is Fear.  I am SCARED!!!
200318-02:55:22 [INFO] -- Hello Fear!  This is Joy.  La, la, la, la, lah!  I am HAPPY!!!
200318-02:55:22 [INFO] -- Hello Joy!  This is Sadness.  Why is the sky so blue....  =(
200318-02:55:22 [INFO] -- Hello Sadness!  This is Riley.  Nice meeting you!!
200318-02:55:24 [INFO] -- ------------------------------------------------------------
200318-02:55:24 [INFO] -- Riley: TimesUp 46339 0  Let's say Hello to Anger!
200318-02:55:24 [INFO] -- Hello Riley!  This is Anger.  I am always ANGRY!!!
200318-02:55:24 [INFO] -- Hello Anger!  This is Disgust.  Now what??  What do you want??
200318-02:55:24 [INFO] -- Hello Disgust!  This is Fear.  I am SCARED!!!
200318-02:55:24 [INFO] -- Hello Fear!  This is Joy.  La, la, la, la, lah!  I am HAPPY!!!
200318-02:55:24 [INFO] -- Hello Joy!  This is Sadness.  Why is the sky so blue....  =(
200318-02:55:24 [INFO] -- Hello Sadness!  This is Riley.  Nice meeting you!!
200318-02:55:26 [INFO] -- ------------------------------------------------------------
200318-02:55:26 [INFO] -- Riley: TimesUp 33331 0  Let's say Hello to Anger!
200318-02:55:26 [INFO] -- Hello Riley!  This is Anger.  I am always ANGRY!!!
200318-02:55:26 [INFO] -- Hello Anger!  This is Disgust.  Now what??  What do you want??
200318-02:55:26 [INFO] -- Hello Disgust!  This is Fear.  I am SCARED!!!
200318-02:55:26 [INFO] -- Hello Fear!  This is Joy.  La, la, la, la, lah!  I am HAPPY!!!
200318-02:55:26 [INFO] -- Hello Joy!  This is Sadness.  Why is the sky so blue....  =(
200318-02:55:26 [INFO] -- Hello Sadness!  This is Riley.  Nice meeting you!!
200318-02:55:28 [INFO] -- ------------------------------------------------------------
200318-02:55:28 [INFO] -- Riley: TimesUp 28139 0  Let's say Hello to Anger!
200318-02:55:28 [INFO] -- Hello Riley!  This is Anger.  I am always ANGRY!!!
200318-02:55:28 [INFO] -- Hello Anger!  This is Disgust.  Now what??  What do you want??
200318-02:55:28 [INFO] -- Hello Disgust!  This is Fear.  I am SCARED!!!
200318-02:55:28 [INFO] -- Hello Fear!  This is Joy.  La, la, la, la, lah!  I am HAPPY!!!
200318-02:55:28 [INFO] -- Hello Joy!  This is Sadness.  Why is the sky so blue....  =(
200318-02:55:28 [INFO] -- Hello Sadness!  This is Riley.  Nice meeting you!!
200318-02:55:30 [INFO] -- ------------------------------------------------------------
200318-02:55:30 [INFO] -- Riley: TimesUp 69558 0  Let's say Hello to Anger!
200318-02:55:30 [INFO] -- Hello Riley!  This is Anger.  I am always ANGRY!!!
200318-02:55:30 [INFO] -- Hello Anger!  This is Disgust.  Now what??  What do you want??
200318-02:55:30 [INFO] -- Hello Disgust!  This is Fear.  I am SCARED!!!
200318-02:55:30 [INFO] -- Hello Fear!  This is Joy.  La, la, la, la, lah!  I am HAPPY!!!
200318-02:55:30 [INFO] -- Hello Joy!  This is Sadness.  Why is the sky so blue....  =(
200318-02:55:30 [INFO] -- Hello Sadness!  This is Riley.  Nice meeting you!!
200318-02:55:32 [INFO] -- ------------------------------------------------------------
200318-02:55:32 [INFO] -- Riley: TimesUp 52314 0  Let's say Hello to Anger!
200318-02:55:32 [INFO] -- Hello Riley!  This is Anger.  I am always ANGRY!!!
200318-02:55:32 [INFO] -- Hello Anger!  This is Disgust.  Now what??  What do you want??
200318-02:55:32 [INFO] -- Hello Disgust!  This is Fear.  I am SCARED!!!
200318-02:55:32 [INFO] -- Hello Fear!  This is Joy.  La, la, la, la, lah!  I am HAPPY!!!
200318-02:55:32 [INFO] -- Hello Joy!  This is Sadness.  Why is the sky so blue....  =(
200318-02:55:32 [INFO] -- Hello Sadness!  This is Riley.  Nice meeting you!!
200318-02:55:34 [INFO] -- ------------------------------------------------------------
200318-02:55:34 [INFO] -- Riley: TimesUp 55191 0  Let's say Hello to Anger!
200318-02:55:34 [INFO] -- Hello Riley!  This is Anger.  I am always ANGRY!!!
200318-02:55:34 [INFO] -- Hello Anger!  This is Disgust.  Now what??  What do you want??
200318-02:55:34 [INFO] -- Hello Disgust!  This is Fear.  I am SCARED!!!
200318-02:55:34 [INFO] -- Hello Fear!  This is Joy.  La, la, la, la, lah!  I am HAPPY!!!
200318-02:55:34 [INFO] -- Hello Joy!  This is Sadness.  Why is the sky so blue....  =(
200318-02:55:34 [INFO] -- Hello Sadness!  This is Riley.  Nice meeting you!!
200318-02:55:36 [INFO] -- ------------------------------------------------------------
200318-02:55:36 [INFO] -- Riley: TimesUp 33819 0  Let's say Hello to Anger!
200318-02:55:36 [INFO] -- Hello Riley!  This is Anger.  I am always ANGRY!!!
200318-02:55:36 [INFO] -- Hello Anger!  This is Disgust.  Now what??  What do you want??
200318-02:55:36 [INFO] -- Hello Disgust!  This is Fear.  I am SCARED!!!
200318-02:55:36 [INFO] -- Hello Fear!  This is Joy.  La, la, la, la, lah!  I am HAPPY!!!
200318-02:55:36 [INFO] -- Hello Joy!  This is Sadness.  Why is the sky so blue....  =(
200318-02:55:36 [INFO] -- Hello Sadness!  This is Riley.  Nice meeting you!!
200318-02:55:38 [INFO] -- ------------------------------------------------------------
200318-02:55:38 [INFO] -- Riley: TimesUp 75988 0  Let's say Hello to Anger!
200318-02:55:38 [INFO] -- Hello Riley!  This is Anger.  I am always ANGRY!!!
200318-02:55:38 [INFO] -- Hello Anger!  This is Disgust.  Now what??  What do you want??
200318-02:55:38 [INFO] -- Hello Disgust!  This is Fear.  I am SCARED!!!
200318-02:55:38 [INFO] -- Hello Fear!  This is Joy.  La, la, la, la, lah!  I am HAPPY!!!
200318-02:55:38 [INFO] -- Hello Joy!  This is Sadness.  Why is the sky so blue....  =(
200318-02:55:38 [INFO] -- Hello Sadness!  This is Riley.  Nice meeting you!!
200318-02:55:40 [INFO] -- ------------------------------------------------------------
200318-02:55:40 [INFO] -- Riley: TimesUp 80884 0  Let's say Hello to Anger!
200318-02:55:40 [INFO] -- Hello Riley!  This is Anger.  I am always ANGRY!!!
200318-02:55:40 [INFO] -- Hello Anger!  This is Disgust.  Now what??  What do you want??
200318-02:55:40 [INFO] -- Hello Disgust!  This is Fear.  I am SCARED!!!
200318-02:55:40 [INFO] -- Hello Fear!  This is Joy.  La, la, la, la, lah!  I am HAPPY!!!
200318-02:55:40 [INFO] -- Hello Joy!  This is Sadness.  Why is the sky so blue....  =(
200318-02:55:40 [INFO] -- Hello Sadness!  This is Riley.  Nice meeting you!!
200318-02:55:42 [INFO] -- ------------------------------------------------------------
200318-02:55:42 [INFO] -- Riley: TimesUp 10418 0  Let's say Hello to Anger!
200318-02:55:42 [INFO] -- Hello Riley!  This is Anger.  I am always ANGRY!!!
200318-02:55:42 [INFO] -- Hello Anger!  This is Disgust.  Now what??  What do you want??
200318-02:55:42 [INFO] -- Hello Disgust!  This is Fear.  I am SCARED!!!
200318-02:55:42 [INFO] -- Hello Fear!  This is Joy.  La, la, la, la, lah!  I am HAPPY!!!
200318-02:55:42 [INFO] -- Hello Joy!  This is Sadness.  Why is the sky so blue....  =(
200318-02:55:42 [INFO] -- Hello Sadness!  This is Riley.  Nice meeting you!!
200318-02:55:44 [INFO] -- ------------------------------------------------------------
200318-02:55:44 [INFO] -- Riley: TimesUp 88656 0  Let's say Hello to Anger!
200318-02:55:44 [INFO] -- Hello Riley!  This is Anger.  I am always ANGRY!!!
200318-02:55:44 [INFO] -- Hello Anger!  This is Disgust.  Now what??  What do you want??
200318-02:55:44 [INFO] -- Hello Disgust!  This is Fear.  I am SCARED!!!
200318-02:55:44 [INFO] -- Hello Fear!  This is Joy.  La, la, la, la, lah!  I am HAPPY!!!
200318-02:55:44 [INFO] -- Hello Joy!  This is Sadness.  Why is the sky so blue....  =(
200318-02:55:44 [INFO] -- Hello Sadness!  This is Riley.  Nice meeting you!!
200318-02:55:46 [INFO] -- ------------------------------------------------------------
200318-02:55:46 [INFO] -- Riley: TimesUp 30492 0  Let's say Hello to Anger!
200318-02:55:46 [INFO] -- Hello Riley!  This is Anger.  I am always ANGRY!!!
200318-02:55:46 [INFO] -- Hello Anger!  This is Disgust.  Now what??  What do you want??
200318-02:55:46 [INFO] -- Hello Disgust!  This is Fear.  I am SCARED!!!
200318-02:55:46 [INFO] -- Hello Fear!  This is Joy.  La, la, la, la, lah!  I am HAPPY!!!
200318-02:55:46 [INFO] -- Hello Joy!  This is Sadness.  Why is the sky so blue....  =(
200318-02:55:46 [INFO] -- Hello Sadness!  This is Riley.  Nice meeting you!!
200318-02:55:48 [INFO] -- ------------------------------------------------------------
200318-02:55:48 [INFO] -- Riley: TimesUp 71434 0  Let's say Hello to Anger!
200318-02:55:48 [INFO] -- Hello Riley!  This is Anger.  I am always ANGRY!!!
200318-02:55:48 [INFO] -- Hello Anger!  This is Disgust.  Now what??  What do you want??
200318-02:55:48 [INFO] -- Hello Disgust!  This is Fear.  I am SCARED!!!
200318-02:55:48 [INFO] -- Hello Fear!  This is Joy.  La, la, la, la, lah!  I am HAPPY!!!
200318-02:55:48 [INFO] -- Hello Joy!  This is Sadness.  Why is the sky so blue....  =(
200318-02:55:48 [INFO] -- Hello Sadness!  This is Riley.  Nice meeting you!!
200318-02:55:50 [INFO] -- ------------------------------------------------------------
200318-02:55:50 [INFO] -- Riley: TimesUp 92326 0  Let's say Hello to Anger!
200318-02:55:50 [INFO] -- Hello Riley!  This is Anger.  I am always ANGRY!!!
200318-02:55:50 [INFO] -- Hello Anger!  This is Disgust.  Now what??  What do you want??
200318-02:55:50 [INFO] -- Hello Disgust!  This is Fear.  I am SCARED!!!
200318-02:55:50 [INFO] -- Hello Fear!  This is Joy.  La, la, la, la, lah!  I am HAPPY!!!
200318-02:55:50 [INFO] -- Hello Joy!  This is Sadness.  Why is the sky so blue....  =(
200318-02:55:50 [INFO] -- Hello Sadness!  This is Riley.  Nice meeting you!!
200318-02:55:52 [INFO] -- ------------------------------------------------------------
200318-02:55:52 [INFO] -- Riley: TimesUp 54083 0  Let's say Hello to Anger!
200318-02:55:52 [INFO] -- Hello Riley!  This is Anger.  I am always ANGRY!!!
200318-02:55:52 [INFO] -- Hello Anger!  This is Disgust.  Now what??  What do you want??
200318-02:55:52 [INFO] -- Hello Disgust!  This is Fear.  I am SCARED!!!
200318-02:55:52 [INFO] -- Hello Fear!  This is Joy.  La, la, la, la, lah!  I am HAPPY!!!
200318-02:55:52 [INFO] -- Hello Joy!  This is Sadness.  Why is the sky so blue....  =(
200318-02:55:52 [INFO] -- Hello Sadness!  This is Riley.  Nice meeting you!!
200318-02:55:54 [INFO] -- ------------------------------------------------------------
200318-02:55:54 [INFO] -- Riley: TimesUp 49852 0  Let's say Hello to Anger!
200318-02:55:54 [INFO] -- Hello Riley!  This is Anger.  I am always ANGRY!!!
200318-02:55:54 [INFO] -- Hello Anger!  This is Disgust.  Now what??  What do you want??
200318-02:55:54 [INFO] -- Hello Disgust!  This is Fear.  I am SCARED!!!
200318-02:55:54 [INFO] -- Hello Fear!  This is Joy.  La, la, la, la, lah!  I am HAPPY!!!
200318-02:55:54 [INFO] -- Hello Joy!  This is Sadness.  Why is the sky so blue....  =(
200318-02:55:54 [INFO] -- Hello Sadness!  This is Riley.  Nice meeting you!!
200318-02:55:56 [INFO] -- ------------------------------------------------------------
200318-02:55:56 [INFO] -- Riley: TimesUp 81741 0  Let's say Hello to Anger!
200318-02:55:56 [INFO] -- Hello Riley!  This is Anger.  I am always ANGRY!!!
200318-02:55:56 [INFO] -- Hello Anger!  This is Disgust.  Now what??  What do you want??
200318-02:55:56 [INFO] -- Hello Disgust!  This is Fear.  I am SCARED!!!
200318-02:55:56 [INFO] -- Hello Fear!  This is Joy.  La, la, la, la, lah!  I am HAPPY!!!
200318-02:55:56 [INFO] -- Hello Joy!  This is Sadness.  Why is the sky so blue....  =(
200318-02:55:56 [INFO] -- Hello Sadness!  This is Riley.  Nice meeting you!!
200318-02:55:58 [INFO] -- ------------------------------------------------------------
200318-02:55:58 [INFO] -- Riley: TimesUp 49337 0  Let's say Hello to Anger!
200318-02:55:58 [INFO] -- Hello Riley!  This is Anger.  I am always ANGRY!!!
200318-02:55:58 [INFO] -- Hello Anger!  This is Disgust.  Now what??  What do you want??
200318-02:55:58 [INFO] -- Hello Disgust!  This is Fear.  I am SCARED!!!
200318-02:55:58 [INFO] -- Hello Fear!  This is Joy.  La, la, la, la, lah!  I am HAPPY!!!
200318-02:55:58 [INFO] -- Hello Joy!  This is Sadness.  Why is the sky so blue....  =(
200318-02:55:58 [INFO] -- Hello Sadness!  This is Riley.  Nice meeting you!!
200318-02:56:00 [INFO] -- ------------------------------------------------------------
200318-02:56:00 [INFO] -- Riley: TimesUp 69924 0  Let's say Hello to Anger!
200318-02:56:00 [INFO] -- Hello Riley!  This is Anger.  I am always ANGRY!!!
200318-02:56:00 [INFO] -- Hello Anger!  This is Disgust.  Now what??  What do you want??
200318-02:56:00 [INFO] -- Hello Disgust!  This is Fear.  I am SCARED!!!
200318-02:56:00 [INFO] -- Hello Fear!  This is Joy.  La, la, la, la, lah!  I am HAPPY!!!
200318-02:56:00 [INFO] -- Hello Joy!  This is Sadness.  Why is the sky so blue....  =(
200318-02:56:00 [INFO] -- Hello Sadness!  This is Riley.  Nice meeting you!!
