Log file open, 09/17/20 19:34:39
LogWindows: Failed to load 'aqProf.dll' (GetLastError=126)
LogWindows: File 'aqProf.dll' does not exist
LogWindows: Failed to load 'VtuneApi.dll' (GetLastError=126)
LogWindows: File 'VtuneApi.dll' does not exist
LogWindows: Failed to load 'VtuneApi32e.dll' (GetLastError=126)
LogWindows: File 'VtuneApi32e.dll' does not exist
LogConsoleResponse: Display: Failed to find resolution value strings in scalability ini. Falling back to default.
LogInit: Display: Running engine for game: FYP
LogPlatformFile: Not using cached read wrapper
LogTaskGraph: Started task graph with 5 named threads and 23 total threads with 3 sets of task threads.
LogStats: Stats thread started at 0.100253
LogD3D11RHI: Loaded GFSDK_Aftermath_Lib.x64.dll
LogICUInternationalization: ICU TimeZone Detection - Raw Offset: +8:00, Platform Override: ''
LogPluginManager: Mounting plugin Paper2D
LogPluginManager: Mounting plugin AISupport
LogPluginManager: Mounting plugin LightPropagationVolume
LogPluginManager: Mounting plugin ActorLayerUtilities
LogPluginManager: Mounting plugin AnimationSharing
LogPluginManager: Mounting plugin CLionSourceCodeAccess
LogPluginManager: Mounting plugin CodeLiteSourceCodeAccess
LogPluginManager: Mounting plugin ConcertMain
LogPluginManager: Mounting plugin ConcertSyncClient
LogPluginManager: Mounting plugin ConcertSyncCore
LogPluginManager: Mounting plugin MultiUserClient
LogPluginManager: Mounting plugin GitSourceControl
LogPluginManager: Mounting plugin KDevelopSourceCodeAccess
LogPluginManager: Mounting plugin NullSourceCodeAccess
LogPluginManager: Mounting plugin PerforceSourceControl
LogPluginManager: Mounting plugin PlasticSourceControl
LogPluginManager: Mounting plugin SubversionSourceControl
LogPluginManager: Mounting plugin UObjectPlugin
LogPluginManager: Mounting plugin VisualStudioCodeSourceCodeAccess
LogPluginManager: Mounting plugin VisualStudioSourceCodeAccess
LogPluginManager: Mounting plugin XCodeSourceCodeAccess
LogPluginManager: Mounting plugin AssetManagerEditor
LogPluginManager: Mounting plugin CryptoKeys
LogPluginManager: Mounting plugin CurveEditorTools
LogPluginManager: Mounting plugin DataValidation
LogPluginManager: Mounting plugin FacialAnimation
LogPluginManager: Mounting plugin GameplayTagsEditor
LogPluginManager: Mounting plugin MacGraphicsSwitching
LogPluginManager: Mounting plugin MaterialAnalyzer
LogPluginManager: Mounting plugin MobileLauncherProfileWizard
LogPluginManager: Mounting plugin PluginBrowser
LogPluginManager: Mounting plugin SpeedTreeImporter
LogPluginManager: Mounting plugin DatasmithContent
LogPluginManager: Mounting plugin VariantManagerContent
LogPluginManager: Mounting plugin AlembicImporter
LogPluginManager: Mounting plugin AutomationUtils
LogPluginManager: Mounting plugin BackChannel
LogPluginManager: Mounting plugin CharacterAI
LogPluginManager: Mounting plugin GeometryCache
LogPluginManager: Mounting plugin PlatformCrypto
LogPluginManager: Mounting plugin ProxyLODPlugin
LogPluginManager: Mounting plugin SkeletalReduction
LogPluginManager: Mounting plugin MagicLeap
LogPluginManager: Mounting plugin MagicLeapMedia
LogPluginManager: Mounting plugin MLSDK
LogPluginManager: Mounting plugin AndroidMedia
LogPluginManager: Mounting plugin AvfMedia
LogPluginManager: Mounting plugin ImgMedia
LogPluginManager: Mounting plugin MediaCompositing
LogPluginManager: Mounting plugin MediaPlayerEditor
LogPluginManager: Mounting plugin WebMMedia
LogPluginManager: Mounting plugin WmfMedia
LogPluginManager: Mounting plugin TcpMessaging
LogPluginManager: Mounting plugin UdpMessaging
LogPluginManager: Mounting plugin ActorSequence
LogPluginManager: Mounting plugin LevelSequenceEditor
LogPluginManager: Mounting plugin MatineeToLevelSequence
LogPluginManager: Mounting plugin NetcodeUnitTest
LogPluginManager: Mounting plugin NUTUnrealEngine4
LogPluginManager: Mounting plugin OnlineSubsystemGooglePlay
LogPluginManager: Mounting plugin OnlineSubsystemIOS
LogPluginManager: Mounting plugin OnlineSubsystem
LogPluginManager: Mounting plugin OnlineSubsystemNull
LogPluginManager: Mounting plugin OnlineSubsystemUtils
LogPluginManager: Mounting plugin LauncherChunkInstaller
LogPluginManager: Mounting plugin AndroidDeviceProfileSelector
LogPluginManager: Mounting plugin AndroidMoviePlayer
LogPluginManager: Mounting plugin AndroidPermission
LogPluginManager: Mounting plugin AppleImageUtils
LogPluginManager: Mounting plugin AppleMoviePlayer
LogPluginManager: Mounting plugin ArchVisCharacter
LogPluginManager: Mounting plugin AssetTags
LogPluginManager: Mounting plugin AudioCapture
LogPluginManager: Mounting plugin CableComponent
LogPluginManager: Mounting plugin CustomMeshComponent
LogPluginManager: Mounting plugin SQLiteCore
LogPluginManager: Mounting plugin EditableMesh
LogPluginManager: Mounting plugin ExampleDeviceProfileSelector
LogPluginManager: Mounting plugin GoogleCloudMessaging
LogPluginManager: Mounting plugin IOSDeviceProfileSelector
LogPluginManager: Mounting plugin LinuxDeviceProfileSelector
LogPluginManager: Mounting plugin LocationServicesBPLibrary
LogPluginManager: Mounting plugin MobilePatchingUtils
LogPluginManager: Mounting plugin OculusVR
LogPluginManager: Mounting plugin PhysXVehicles
LogPluginManager: Mounting plugin PostSplashScreen
LogPluginManager: Mounting plugin ProceduralMeshComponent
LogPluginManager: Mounting plugin RuntimePhysXCooking
LogPluginManager: Mounting plugin SignificanceManager
LogPluginManager: Mounting plugin SteamVR
LogPluginManager: Mounting plugin WebMMoviePlayer
LogPluginManager: Mounting plugin WindowsMoviePlayer
LogPluginManager: Mounting plugin ScreenshotTools
LogInit: Using libcurl 7.55.1-DEV
LogInit:  - built for x86_64-pc-win32
LogInit:  - supports SSL with OpenSSL/1.1.1
LogInit:  - supports HTTP deflate (compression) using libz 1.2.8
LogInit:  - other features:
LogInit:      CURL_VERSION_SSL
LogInit:      CURL_VERSION_LIBZ
LogInit:      CURL_VERSION_IPV6
LogInit:      CURL_VERSION_ASYNCHDNS
LogInit:      CURL_VERSION_LARGEFILE
LogInit:      CURL_VERSION_IDN
LogInit:  CurlRequestOptions (configurable via config and command line):
LogInit:  - bVerifyPeer = true  - Libcurl will verify peer certificate
LogInit:  - bUseHttpProxy = false  - Libcurl will NOT use HTTP proxy
LogInit:  - bDontReuseConnections = false  - Libcurl will reuse connections
LogInit:  - MaxHostConnections = 16  - Libcurl will limit the number of connections to a host
LogInit:  - LocalHostAddr = Default
LogInit:  - BufferSize = 65536
LogOnline: OSS: Creating online subsystem instance for: NULL
LogInit: WinSock: version 1.1 (2.2), MaxSocks=32767, MaxUdp=65467
LogOnline: OSS: TryLoadSubsystemAndSetDefault: Loaded subsystem for module [NULL]
LogInit: Build: ++UE4+Release-4.24-CL-11590370
LogInit: Engine Version: 4.24.3-11590370+++UE4+Release-4.24
LogInit: Compatible Engine Version: 4.24.0-10570792+++UE4+Release-4.24
LogInit: Net CL: 10570792
LogInit: OS: Windows 10 (Release 2004) (), CPU: Intel(R) Core(TM) i7-4770 CPU @ 3.40GHz, GPU: NVIDIA GeForce GTX 1060 6GB
LogInit: Compiled (64-bit): Feb 24 2020 15:39:18
LogInit: Compiled with Visual C++: 19.16.27032.01
LogInit: Build Configuration: Development
LogInit: Branch Name: ++UE4+Release-4.24
LogInit: Command Line: 
LogInit: Base Directory: D:/Program Files/UE_4.24/Engine/Binaries/Win64/
LogInit: Installed Engine Build: 1
LogDevObjectVersion: Number of dev versions registered: 25
LogDevObjectVersion:   Dev-Blueprints (B0D832E4-1F89-4F0D-ACCF-7EB736FD4AA2): 10
LogDevObjectVersion:   Dev-Build (E1C64328-A22C-4D53-A36C-8E866417BD8C): 0
LogDevObjectVersion:   Dev-Core (375EC13C-06E4-48FB-B500-84F0262A717E): 3
LogDevObjectVersion:   Dev-Editor (E4B068ED-F494-42E9-A231-DA0B2E46BB41): 37
LogDevObjectVersion:   Dev-Framework (CFFC743F-43B0-4480-9391-14DF171D2073): 36
LogDevObjectVersion:   Dev-Mobile (B02B49B5-BB20-44E9-A304-32B752E40360): 2
LogDevObjectVersion:   Dev-Networking (A4E4105C-59A1-49B5-A7C5-40C4547EDFEE): 0
LogDevObjectVersion:   Dev-Online (39C831C9-5AE6-47DC-9A44-9C173E1C8E7C): 0
LogDevObjectVersion:   Dev-Physics (78F01B33-EBEA-4F98-B9B4-84EACCB95AA2): 2
LogDevObjectVersion:   Dev-Platform (6631380F-2D4D-43E0-8009-CF276956A95A): 0
LogDevObjectVersion:   Dev-Rendering (12F88B9F-8875-4AFC-A67C-D90C383ABD29): 36
LogDevObjectVersion:   Dev-Sequencer (7B5AE74C-D270-4C10-A958-57980B212A5A): 11
LogDevObjectVersion:   Dev-VR (D7296918-1DD6-4BDD-9DE2-64A83CC13884): 2
LogDevObjectVersion:   Dev-LoadTimes (C2A15278-BFE7-4AFE-6C17-90FF531DF755): 1
LogDevObjectVersion:   Private-Geometry (6EACA3D4-40EC-4CC1-B786-8BED09428FC5): 3
LogDevObjectVersion:   Dev-AnimPhys (29E575DD-E0A3-4627-9D10-D276232CDCEA): 17
LogDevObjectVersion:   Dev-Anim (AF43A65D-7FD3-4947-9873-3E8ED9C1BB05): 2
LogDevObjectVersion:   Dev-ReflectionCapture (6B266CEC-1EC7-4B8F-A30B-E4D90942FC07): 1
LogDevObjectVersion:   Dev-Automation (0DF73D61-A23F-47EA-B727-89E90C41499A): 1
LogDevObjectVersion:   FortniteMain (601D1886-AC64-4F84-AA16-D3DE0DEAC7D6): 31
LogDevObjectVersion:   Dev-Enterprise (9DFFBCD6-494F-0158-E221-12823C92A888): 8
LogDevObjectVersion:   Dev-Niagara (F2AED0AC-9AFE-416F-8664-AA7FFA26D6FC): 1
LogDevObjectVersion:   Dev-Destruction (174F1F0B-B4C6-45A5-B13F-2EE8D0FB917D): 9
LogDevObjectVersion:   Dev-Physics-Ext (35F94A83-E258-406C-A318-09F59610247C): 8
LogDevObjectVersion:   Dev-CineCamera (B2E18506-4273-CFC2-A54E-F4BB758BBA07): 1
LogInit: Presizing for max 25165824 objects, including 0 objects not considered by GC, pre-allocating 0 bytes for permanent pool.
LogInit: Object subsystem initialized
LogConfig: Setting CVar [[con.DebugEarlyDefault:1]]
LogConfig: Setting CVar [[r.setres:1280x720]]
[2020.09.17-11.34.40:140][  0]LogConfig: Setting CVar [[r.VSync:0]]
[2020.09.17-11.34.40:140][  0]LogConfig: Setting CVar [[r.RHICmdBypass:0]]
[2020.09.17-11.34.40:140][  0]LogConfig: Applying CVar settings from Section [/Script/Engine.RendererSettings] File [C:/Users/ken/Desktop/BU/FYP/FYP/Saved/Config/Windows/Engine.ini]
[2020.09.17-11.34.40:140][  0]LogConfig: Setting CVar [[r.GPUCrashDebugging:0]]
[2020.09.17-11.34.40:140][  0]LogConfig: Setting CVar [[r.MobileHDR:1]]
[2020.09.17-11.34.40:140][  0]LogConfig: Setting CVar [[r.Mobile.DisableVertexFog:1]]
[2020.09.17-11.34.40:140][  0]LogConfig: Setting CVar [[r.Shadow.CSM.MaxMobileCascades:2]]
[2020.09.17-11.34.40:140][  0]LogConfig: Setting CVar [[r.MobileMSAA:1]]
[2020.09.17-11.34.40:140][  0]LogConfig: Setting CVar [[r.Mobile.UseLegacyShadingModel:0]]
[2020.09.17-11.34.40:140][  0]LogConfig: Setting CVar [[r.Mobile.UseHWsRGBEncoding:0]]
[2020.09.17-11.34.40:140][  0]LogConfig: Setting CVar [[r.Mobile.AllowDitheredLODTransition:0]]
[2020.09.17-11.34.40:140][  0]LogConfig: Setting CVar [[r.Mobile.AllowSoftwareOcclusion:0]]
[2020.09.17-11.34.40:140][  0]LogConfig: Setting CVar [[r.DiscardUnusedQuality:0]]
[2020.09.17-11.34.40:140][  0]LogConfig: Setting CVar [[r.AllowOcclusionQueries:1]]
[2020.09.17-11.34.40:140][  0]LogConfig: Setting CVar [[r.MinScreenRadiusForLights:0.030000]]
[2020.09.17-11.34.40:140][  0]LogConfig: Setting CVar [[r.MinScreenRadiusForDepthPrepass:0.030000]]
[2020.09.17-11.34.40:140][  0]LogConfig: Setting CVar [[r.MinScreenRadiusForCSMDepth:0.010000]]
[2020.09.17-11.34.40:140][  0]LogConfig: Setting CVar [[r.PrecomputedVisibilityWarning:0]]
[2020.09.17-11.34.40:140][  0]LogConfig: Setting CVar [[r.TextureStreaming:1]]
[2020.09.17-11.34.40:140][  0]LogConfig: Setting CVar [[Compat.UseDXT5NormalMaps:0]]
[2020.09.17-11.34.40:140][  0]LogConfig: Setting CVar [[r.VirtualTextures:0]]
[2020.09.17-11.34.40:140][  0]LogConfig: Setting CVar [[r.VirtualTexturedLightmaps:0]]
[2020.09.17-11.34.40:140][  0]LogConfig: Setting CVar [[r.VT.TileSize:128]]
[2020.09.17-11.34.40:140][  0]LogConfig: Setting CVar [[r.VT.TileBorderSize:4]]
[2020.09.17-11.34.40:140][  0]LogConfig: Setting CVar [[r.vt.FeedbackFactor:16]]
[2020.09.17-11.34.40:140][  0]LogConfig: Setting CVar [[r.VT.EnableCompressZlib:1]]
[2020.09.17-11.34.40:140][  0]LogConfig: Setting CVar [[r.VT.EnableCompressCrunch:0]]
[2020.09.17-11.34.40:140][  0]LogConfig: Setting CVar [[r.ClearCoatNormal:0]]
[2020.09.17-11.34.40:140][  0]LogConfig: Setting CVar [[r.ReflectionCaptureResolution:128]]
[2020.09.17-11.34.40:140][  0]LogConfig: Setting CVar [[r.ReflectionEnvironmentLightmapMixBasedOnRoughness:1]]
[2020.09.17-11.34.40:140][  0]LogConfig: Setting CVar [[r.ForwardShading:0]]
[2020.09.17-11.34.40:140][  0]LogConfig: Setting CVar [[r.VertexFoggingForOpaque:1]]
[2020.09.17-11.34.40:140][  0]LogConfig: Setting CVar [[r.AllowStaticLighting:1]]
[2020.09.17-11.34.40:140][  0]LogConfig: Setting CVar [[r.NormalMapsForStaticLighting:0]]
[2020.09.17-11.34.40:140][  0]LogConfig: Setting CVar [[r.GenerateMeshDistanceFields:0]]
[2020.09.17-11.34.40:140][  0]LogConfig: Setting CVar [[r.DistanceFieldBuild.EightBit:0]]
[2020.09.17-11.34.40:140][  0]LogConfig: Setting CVar [[r.GenerateLandscapeGIData:0]]
[2020.09.17-11.34.40:140][  0]LogConfig: Setting CVar [[r.DistanceFieldBuild.Compress:0]]
[2020.09.17-11.34.40:140][  0]LogConfig: Setting CVar [[r.TessellationAdaptivePixelsPerTriangle:48.000000]]
[2020.09.17-11.34.40:140][  0]LogConfig: Setting CVar [[r.SeparateTranslucency:0]]
[2020.09.17-11.34.40:140][  0]LogConfig: Setting CVar [[r.TranslucentSortPolicy:0]]
[2020.09.17-11.34.40:140][  0]LogConfig: Setting CVar [[r.CustomDepth:1]]
[2020.09.17-11.34.40:140][  0]LogConfig: Setting CVar [[r.CustomDepthTemporalAAJitter:1]]
[2020.09.17-11.34.40:140][  0]LogConfig: Setting CVar [[r.PostProcessing.PropagateAlpha:0]]
[2020.09.17-11.34.40:140][  0]LogConfig: Setting CVar [[r.DefaultFeature.Bloom:1]]
[2020.09.17-11.34.40:140][  0]LogConfig: Setting CVar [[r.DefaultFeature.AmbientOcclusion:0]]
[2020.09.17-11.34.40:140][  0]LogConfig: Setting CVar [[r.DefaultFeature.AmbientOcclusionStaticFraction:1]]
[2020.09.17-11.34.40:140][  0]LogConfig: Setting CVar [[r.DefaultFeature.AutoExposure:0]]
[2020.09.17-11.34.40:140][  0]LogConfig: Setting CVar [[r.DefaultFeature.AutoExposure.Method:0]]
[2020.09.17-11.34.40:140][  0]LogConfig: Setting CVar [[r.DefaultFeature.AutoExposure.ExtendDefaultLuminanceRange:0]]
[2020.09.17-11.34.40:140][  0]LogConfig: Setting CVar [[r.UsePreExposure:1]]
[2020.09.17-11.34.40:140][  0]LogConfig: Setting CVar [[r.EyeAdaptation.EditorOnly:1]]
[2020.09.17-11.34.40:140][  0]LogConfig: Setting CVar [[r.DefaultFeature.MotionBlur:0]]
[2020.09.17-11.34.40:140][  0]LogConfig: Setting CVar [[r.DefaultFeature.LensFlare:0]]
[2020.09.17-11.34.40:140][  0]LogConfig: Setting CVar [[r.TemporalAA.Upsampling:0]]
[2020.09.17-11.34.40:140][  0]LogConfig: Setting CVar [[r.SSGI.Enable:0]]
[2020.09.17-11.34.40:140][  0]LogConfig: Setting CVar [[r.DefaultFeature.AntiAliasing:0]]
[2020.09.17-11.34.40:140][  0]LogConfig: Setting CVar [[r.DefaultFeature.LightUnits:1]]
[2020.09.17-11.34.40:140][  0]LogConfig: Setting CVar [[r.DefaultBackBufferPixelFormat:4]]
[2020.09.17-11.34.40:140][  0]LogConfig: Setting CVar [[r.Shadow.UnbuiltPreviewInGame:1]]
[2020.09.17-11.34.40:140][  0]LogConfig: Setting CVar [[r.StencilForLODDither:0]]
[2020.09.17-11.34.40:140][  0]LogConfig: Setting CVar [[r.EarlyZPass:3]]
[2020.09.17-11.34.40:140][  0]LogConfig: Setting CVar [[r.EarlyZPassOnlyMaterialMasking:0]]
[2020.09.17-11.34.40:140][  0]LogConfig: Setting CVar [[r.DBuffer:1]]
[2020.09.17-11.34.40:140][  0]LogConfig: Setting CVar [[r.ClearSceneMethod:1]]
[2020.09.17-11.34.40:140][  0]LogConfig: Setting CVar [[r.BasePassOutputsVelocity:0]]
[2020.09.17-11.34.40:140][  0]LogConfig: Setting CVar [[r.SelectiveBasePassOutputs:0]]
[2020.09.17-11.34.40:140][  0]LogConfig: Setting CVar [[fx.GPUSimulationTextureSizeX:1024]]
[2020.09.17-11.34.40:140][  0]LogConfig: Setting CVar [[fx.GPUSimulationTextureSizeY:1024]]
[2020.09.17-11.34.40:140][  0]LogConfig: Setting CVar [[r.AllowGlobalClipPlane:0]]
[2020.09.17-11.34.40:140][  0]LogConfig: Setting CVar [[r.GBufferFormat:1]]
[2020.09.17-11.34.40:140][  0]LogConfig: Setting CVar [[r.MorphTarget.Mode:1]]
[2020.09.17-11.34.40:141][  0]LogConfig: Setting CVar [[vr.InstancedStereo:0]]
[2020.09.17-11.34.40:141][  0]LogConfig: Setting CVar [[vr.MultiView:0]]
[2020.09.17-11.34.40:141][  0]LogConfig: Setting CVar [[vr.MobileMultiView:0]]
[2020.09.17-11.34.40:141][  0]LogConfig: Setting CVar [[vr.MobileMultiView.Direct:0]]
[2020.09.17-11.34.40:141][  0]LogConfig: Setting CVar [[vr.RoundRobinOcclusion:0]]
[2020.09.17-11.34.40:141][  0]LogConfig: Setting CVar [[vr.ODSCapture:0]]
[2020.09.17-11.34.40:141][  0]LogConfig: Setting CVar [[r.WireframeCullThreshold:5.000000]]
[2020.09.17-11.34.40:141][  0]LogConfig: Setting CVar [[r.RayTracing:0]]
[2020.09.17-11.34.40:141][  0]LogConfig: Setting CVar [[r.RayTracing.UseTextureLod:0]]
[2020.09.17-11.34.40:141][  0]LogConfig: Setting CVar [[r.SupportStationarySkylight:1]]
[2020.09.17-11.34.40:141][  0]LogConfig: Setting CVar [[r.SupportLowQualityLightmaps:1]]
[2020.09.17-11.34.40:141][  0]LogConfig: Setting CVar [[r.SupportPointLightWholeSceneShadows:1]]
[2020.09.17-11.34.40:141][  0]LogConfig: Setting CVar [[r.SupportAtmosphericFog:1]]
[2020.09.17-11.34.40:141][  0]LogConfig: Setting CVar [[r.SupportSkyAtmosphere:1]]
[2020.09.17-11.34.40:141][  0]LogConfig: Setting CVar [[r.SupportSkyAtmosphereAffectsHeightFog:0]]
[2020.09.17-11.34.40:141][  0]LogConfig: Setting CVar [[r.SkinCache.CompileShaders:0]]
[2020.09.17-11.34.40:141][  0]LogConfig: Setting CVar [[r.Mobile.EnableStaticAndCSMShadowReceivers:1]]
[2020.09.17-11.34.40:141][  0]LogConfig: Setting CVar [[r.Mobile.EnableMovableLightCSMShaderCulling:1]]
[2020.09.17-11.34.40:141][  0]LogConfig: Setting CVar [[r.Mobile.AllowDistanceFieldShadows:1]]
[2020.09.17-11.34.40:141][  0]LogConfig: Setting CVar [[r.Mobile.AllowMovableDirectionalLights:1]]
[2020.09.17-11.34.40:141][  0]LogConfig: Setting CVar [[r.MobileNumDynamicPointLights:4]]
[2020.09.17-11.34.40:141][  0]LogConfig: Setting CVar [[r.MobileDynamicPointLightsUseStaticBranch:1]]
[2020.09.17-11.34.40:141][  0]LogConfig: Setting CVar [[r.Mobile.EnableMovableSpotlights:0]]
[2020.09.17-11.34.40:141][  0]LogConfig: Setting CVar [[r.SkinCache.SceneMemoryLimitInMB:128.000000]]
[2020.09.17-11.34.40:141][  0]LogConfig: Setting CVar [[r.GPUSkin.Limit2BoneInfluences:0]]
[2020.09.17-11.34.40:141][  0]LogConfig: Setting CVar [[r.SupportDepthOnlyIndexBuffers:1]]
[2020.09.17-11.34.40:141][  0]LogConfig: Setting CVar [[r.SupportReversedIndexBuffers:1]]
[2020.09.17-11.34.40:141][  0]LogConfig: Setting CVar [[r.SupportMaterialLayers:0]]
[2020.09.17-11.34.40:141][  0]LogConfig: Setting CVar [[r.LightPropagationVolume:0]]
[2020.09.17-11.34.40:141][  0]LogConfig: Applying CVar settings from Section [/Script/Engine.RendererOverrideSettings] File [C:/Users/ken/Desktop/BU/FYP/FYP/Saved/Config/Windows/Engine.ini]
[2020.09.17-11.34.40:141][  0]LogConfig: Applying CVar settings from Section [/Script/Engine.StreamingSettings] File [C:/Users/ken/Desktop/BU/FYP/FYP/Saved/Config/Windows/Engine.ini]
[2020.09.17-11.34.40:141][  0]LogConfig: Setting CVar [[s.MinBulkDataSizeForAsyncLoading:131072]]
[2020.09.17-11.34.40:141][  0]LogConfig: Setting CVar [[s.AsyncLoadingThreadEnabled:0]]
[2020.09.17-11.34.40:141][  0]LogConfig: Setting CVar [[s.EventDrivenLoaderEnabled:1]]
[2020.09.17-11.34.40:141][  0]LogConfig: Setting CVar [[s.WarnIfTimeLimitExceeded:0]]
[2020.09.17-11.34.40:141][  0]LogConfig: Setting CVar [[s.TimeLimitExceededMultiplier:1.5]]
[2020.09.17-11.34.40:141][  0]LogConfig: Setting CVar [[s.TimeLimitExceededMinTime:0.005]]
[2020.09.17-11.34.40:141][  0]LogConfig: Setting CVar [[s.UseBackgroundLevelStreaming:1]]
[2020.09.17-11.34.40:141][  0]LogConfig: Setting CVar [[s.PriorityAsyncLoadingExtraTime:15.0]]
[2020.09.17-11.34.40:141][  0]LogConfig: Setting CVar [[s.LevelStreamingActorsUpdateTimeLimit:5.0]]
[2020.09.17-11.34.40:141][  0]LogConfig: Setting CVar [[s.PriorityLevelStreamingActorsUpdateExtraTime:5.0]]
[2020.09.17-11.34.40:141][  0]LogConfig: Setting CVar [[s.LevelStreamingComponentsRegistrationGranularity:10]]
[2020.09.17-11.34.40:141][  0]LogConfig: Setting CVar [[s.UnregisterComponentsTimeLimit:1.0]]
[2020.09.17-11.34.40:141][  0]LogConfig: Setting CVar [[s.LevelStreamingComponentsUnregistrationGranularity:5]]
[2020.09.17-11.34.40:141][  0]LogConfig: Setting CVar [[s.FlushStreamingOnExit:1]]
[2020.09.17-11.34.40:141][  0]LogConfig: Applying CVar settings from Section [/Script/Engine.GarbageCollectionSettings] File [C:/Users/ken/Desktop/BU/FYP/FYP/Saved/Config/Windows/Engine.ini]
[2020.09.17-11.34.40:141][  0]LogConfig: Setting CVar [[gc.MaxObjectsNotConsideredByGC:1]]
[2020.09.17-11.34.40:141][  0]LogConfig: Setting CVar [[gc.SizeOfPermanentObjectPool:0]]
[2020.09.17-11.34.40:141][  0]LogConfig: Setting CVar [[gc.FlushStreamingOnGC:0]]
[2020.09.17-11.34.40:141][  0]LogConfig: Setting CVar [[gc.NumRetriesBeforeForcingGC:10]]
[2020.09.17-11.34.40:141][  0]LogConfig: Setting CVar [[gc.AllowParallelGC:1]]
[2020.09.17-11.34.40:141][  0]LogConfig: Setting CVar [[gc.TimeBetweenPurgingPendingKillObjects:61.1]]
[2020.09.17-11.34.40:141][  0]LogConfig: Setting CVar [[gc.MaxObjectsInEditor:25165824]]
[2020.09.17-11.34.40:141][  0]LogConfig: Setting CVar [[gc.IncrementalBeginDestroyEnabled:1]]
[2020.09.17-11.34.40:141][  0]LogConfig: Setting CVar [[gc.CreateGCClusters:1]]
[2020.09.17-11.34.40:141][  0]LogConfig: Setting CVar [[gc.MinGCClusterSize:5]]
[2020.09.17-11.34.40:141][  0]LogConfig: Setting CVar [[gc.ActorClusteringEnabled:0]]
[2020.09.17-11.34.40:141][  0]LogConfig: Setting CVar [[gc.BlueprintClusteringEnabled:0]]
[2020.09.17-11.34.40:141][  0]LogConfig: Setting CVar [[gc.UseDisregardForGCOnDedicatedServers:0]]
[2020.09.17-11.34.40:141][  0]LogConfig: Applying CVar settings from Section [/Script/Engine.NetworkSettings] File [C:/Users/ken/Desktop/BU/FYP/FYP/Saved/Config/Windows/Engine.ini]
[2020.09.17-11.34.40:141][  0]LogConfig: Applying CVar settings from Section [/Script/UnrealEd.CookerSettings] File [C:/Users/ken/Desktop/BU/FYP/FYP/Saved/Config/Windows/Engine.ini]
[2020.09.17-11.34.40:148][  0]LogConfig: Applying CVar settings from Section [ViewDistanceQuality@3] File [C:/Users/ken/Desktop/BU/FYP/FYP/Saved/Config/Windows/Scalability.ini]
[2020.09.17-11.34.40:148][  0]LogConfig: Setting CVar [[r.SkeletalMeshLODBias:0]]
[2020.09.17-11.34.40:148][  0]LogConfig: Setting CVar [[r.ViewDistanceScale:1.0]]
[2020.09.17-11.34.40:148][  0]LogConfig: Applying CVar settings from Section [AntiAliasingQuality@3] File [C:/Users/ken/Desktop/BU/FYP/FYP/Saved/Config/Windows/Scalability.ini]
[2020.09.17-11.34.40:148][  0]LogConfig: Setting CVar [[r.PostProcessAAQuality:4]]
[2020.09.17-11.34.40:148][  0]LogConfig: Applying CVar settings from Section [ShadowQuality@3] File [C:/Users/ken/Desktop/BU/FYP/FYP/Saved/Config/Windows/Scalability.ini]
[2020.09.17-11.34.40:148][  0]LogConfig: Setting CVar [[r.LightFunctionQuality:1]]
[2020.09.17-11.34.40:148][  0]LogConfig: Setting CVar [[r.ShadowQuality:5]]
[2020.09.17-11.34.40:148][  0]LogConfig: Setting CVar [[r.Shadow.CSM.MaxCascades:10]]
[2020.09.17-11.34.40:148][  0]LogConfig: Setting CVar [[r.Shadow.MaxResolution:2048]]
[2020.09.17-11.34.40:148][  0]LogConfig: Setting CVar [[r.Shadow.MaxCSMResolution:2048]]
[2020.09.17-11.34.40:148][  0]LogConfig: Setting CVar [[r.Shadow.RadiusThreshold:0.01]]
[2020.09.17-11.34.40:148][  0]LogConfig: Setting CVar [[r.Shadow.DistanceScale:1.0]]
[2020.09.17-11.34.40:148][  0]LogConfig: Setting CVar [[r.Shadow.CSM.TransitionScale:1.0]]
[2020.09.17-11.34.40:148][  0]LogConfig: Setting CVar [[r.Shadow.PreShadowResolutionFactor:1.0]]
[2020.09.17-11.34.40:148][  0]LogConfig: Setting CVar [[r.DistanceFieldShadowing:1]]
[2020.09.17-11.34.40:148][  0]LogConfig: Setting CVar [[r.DistanceFieldAO:1]]
[2020.09.17-11.34.40:148][  0]LogConfig: Setting CVar [[r.AOQuality:2]]
[2020.09.17-11.34.40:148][  0]LogConfig: Setting CVar [[r.VolumetricFog:1]]
[2020.09.17-11.34.40:148][  0]LogConfig: Setting CVar [[r.VolumetricFog.GridPixelSize:8]]
[2020.09.17-11.34.40:148][  0]LogConfig: Setting CVar [[r.VolumetricFog.GridSizeZ:128]]
[2020.09.17-11.34.40:148][  0]LogConfig: Setting CVar [[r.VolumetricFog.HistoryMissSupersampleCount:4]]
[2020.09.17-11.34.40:148][  0]LogConfig: Setting CVar [[r.LightMaxDrawDistanceScale:1]]
[2020.09.17-11.34.40:148][  0]LogConfig: Setting CVar [[r.CapsuleShadows:1]]
[2020.09.17-11.34.40:148][  0]LogConfig: Applying CVar settings from Section [PostProcessQuality@3] File [C:/Users/ken/Desktop/BU/FYP/FYP/Saved/Config/Windows/Scalability.ini]
[2020.09.17-11.34.40:148][  0]LogConfig: Setting CVar [[r.MotionBlurQuality:4]]
[2020.09.17-11.34.40:148][  0]LogConfig: Setting CVar [[r.AmbientOcclusionMipLevelFactor:0.4]]
[2020.09.17-11.34.40:148][  0]LogConfig: Setting CVar [[r.AmbientOcclusionMaxQuality:100]]
[2020.09.17-11.34.40:148][  0]LogConfig: Setting CVar [[r.AmbientOcclusionLevels:-1]]
[2020.09.17-11.34.40:148][  0]LogConfig: Setting CVar [[r.AmbientOcclusionRadiusScale:1.0]]
[2020.09.17-11.34.40:148][  0]LogConfig: Setting CVar [[r.DepthOfFieldQuality:2]]
[2020.09.17-11.34.40:148][  0]LogConfig: Setting CVar [[r.RenderTargetPoolMin:400]]
[2020.09.17-11.34.40:148][  0]LogConfig: Setting CVar [[r.LensFlareQuality:2]]
[2020.09.17-11.34.40:148][  0]LogConfig: Setting CVar [[r.SceneColorFringeQuality:1]]
[2020.09.17-11.34.40:148][  0]LogConfig: Setting CVar [[r.EyeAdaptationQuality:2]]
[2020.09.17-11.34.40:148][  0]LogConfig: Setting CVar [[r.BloomQuality:5]]
[2020.09.17-11.34.40:148][  0]LogConfig: Setting CVar [[r.FastBlurThreshold:100]]
[2020.09.17-11.34.40:148][  0]LogConfig: Setting CVar [[r.Upscale.Quality:3]]
[2020.09.17-11.34.40:148][  0]LogConfig: Setting CVar [[r.Tonemapper.GrainQuantization:1]]
[2020.09.17-11.34.40:148][  0]LogConfig: Setting CVar [[r.LightShaftQuality:1]]
[2020.09.17-11.34.40:148][  0]LogConfig: Setting CVar [[r.Filter.SizeScale:1]]
[2020.09.17-11.34.40:148][  0]LogConfig: Setting CVar [[r.Tonemapper.Quality:5]]
[2020.09.17-11.34.40:149][  0]LogConfig: Setting CVar [[r.DOF.Gather.AccumulatorQuality:1        ; higher gathering accumulator quality]]
[2020.09.17-11.34.40:149][  0]LogConfig: Setting CVar [[r.DOF.Gather.PostfilterMethod:1          ; Median3x3 postfilering method]]
[2020.09.17-11.34.40:149][  0]LogConfig: Setting CVar [[r.DOF.Gather.EnableBokehSettings:0       ; no bokeh simulation when gathering]]
[2020.09.17-11.34.40:149][  0]LogConfig: Setting CVar [[r.DOF.Gather.RingCount:4                 ; medium number of samples when gathering]]
[2020.09.17-11.34.40:149][  0]LogConfig: Setting CVar [[r.DOF.Scatter.ForegroundCompositing:1    ; additive foreground scattering]]
[2020.09.17-11.34.40:149][  0]LogConfig: Setting CVar [[r.DOF.Scatter.BackgroundCompositing:2    ; additive background scattering]]
[2020.09.17-11.34.40:149][  0]LogConfig: Setting CVar [[r.DOF.Scatter.EnableBokehSettings:1      ; bokeh simulation when scattering]]
[2020.09.17-11.34.40:149][  0]LogConfig: Setting CVar [[r.DOF.Scatter.MaxSpriteRatio:0.1         ; only a maximum of 10% of scattered bokeh]]
[2020.09.17-11.34.40:149][  0]LogConfig: Setting CVar [[r.DOF.Recombine.Quality:1                ; cheap slight out of focus]]
[2020.09.17-11.34.40:149][  0]LogConfig: Setting CVar [[r.DOF.Recombine.EnableBokehSettings:0    ; no bokeh simulation on slight out of focus]]
[2020.09.17-11.34.40:149][  0]LogConfig: Setting CVar [[r.DOF.TemporalAAQuality:1                ; more stable temporal accumulation]]
[2020.09.17-11.34.40:149][  0]LogConfig: Setting CVar [[r.DOF.Kernel.MaxForegroundRadius:0.025]]
[2020.09.17-11.34.40:149][  0]LogConfig: Setting CVar [[r.DOF.Kernel.MaxBackgroundRadius:0.025]]
[2020.09.17-11.34.40:149][  0]LogConfig: Applying CVar settings from Section [TextureQuality@3] File [C:/Users/ken/Desktop/BU/FYP/FYP/Saved/Config/Windows/Scalability.ini]
[2020.09.17-11.34.40:149][  0]LogConfig: Setting CVar [[r.Streaming.MipBias:0]]
[2020.09.17-11.34.40:149][  0]LogConfig: Setting CVar [[r.Streaming.AmortizeCPUToGPUCopy:0]]
[2020.09.17-11.34.40:149][  0]LogConfig: Setting CVar [[r.Streaming.MaxNumTexturesToStreamPerFrame:0]]
[2020.09.17-11.34.40:149][  0]LogConfig: Setting CVar [[r.Streaming.Boost:1]]
[2020.09.17-11.34.40:149][  0]LogConfig: Setting CVar [[r.MaxAnisotropy:8]]
[2020.09.17-11.34.40:149][  0]LogConfig: Setting CVar [[r.VT.MaxAnisotropy:8]]
[2020.09.17-11.34.40:149][  0]LogConfig: Setting CVar [[r.Streaming.LimitPoolSizeToVRAM:0]]
[2020.09.17-11.34.40:149][  0]LogConfig: Setting CVar [[r.Streaming.PoolSize:1000]]
[2020.09.17-11.34.40:149][  0]LogConfig: Setting CVar [[r.Streaming.MaxEffectiveScreenSize:0]]
[2020.09.17-11.34.40:149][  0]LogConfig: Applying CVar settings from Section [EffectsQuality@3] File [C:/Users/ken/Desktop/BU/FYP/FYP/Saved/Config/Windows/Scalability.ini]
[2020.09.17-11.34.40:149][  0]LogConfig: Setting CVar [[r.TranslucencyLightingVolumeDim:64]]
[2020.09.17-11.34.40:149][  0]LogConfig: Setting CVar [[r.RefractionQuality:2]]
[2020.09.17-11.34.40:149][  0]LogConfig: Setting CVar [[r.SSR.Quality:3]]
[2020.09.17-11.34.40:149][  0]LogConfig: Setting CVar [[r.SSR.HalfResSceneColor:0]]
[2020.09.17-11.34.40:149][  0]LogConfig: Setting CVar [[r.SceneColorFormat:4]]
[2020.09.17-11.34.40:149][  0]LogConfig: Setting CVar [[r.DetailMode:2]]
[2020.09.17-11.34.40:149][  0]LogConfig: Setting CVar [[r.TranslucencyVolumeBlur:1]]
[2020.09.17-11.34.40:149][  0]LogConfig: Setting CVar [[r.MaterialQualityLevel:1 ; High quality]]
[2020.09.17-11.34.40:149][  0]LogConfig: Setting CVar [[r.SSS.Scale:1]]
[2020.09.17-11.34.40:149][  0]LogConfig: Setting CVar [[r.SSS.SampleSet:2]]
[2020.09.17-11.34.40:149][  0]LogConfig: Setting CVar [[r.SSS.Quality:1]]
[2020.09.17-11.34.40:149][  0]LogConfig: Setting CVar [[r.SSS.HalfRes:1]]
[2020.09.17-11.34.40:149][  0]LogConfig: Setting CVar [[r.SSGI.Quality:3]]
[2020.09.17-11.34.40:149][  0]LogConfig: Setting CVar [[r.EmitterSpawnRateScale:1.0]]
[2020.09.17-11.34.40:149][  0]LogConfig: Setting CVar [[r.ParticleLightQuality:2]]
[2020.09.17-11.34.40:149][  0]LogConfig: Setting CVar [[r.SkyAtmosphere.AerialPerspectiveLUT.FastApplyOnOpaque:1 ; Always have FastSkyLUT 1 in this case to avoid wrong sky]]
[2020.09.17-11.34.40:149][  0]LogConfig: Setting CVar [[r.SkyAtmosphere.AerialPerspectiveLUT.SampleCountPerSlice:1]]
[2020.09.17-11.34.40:149][  0]LogConfig: Setting CVar [[r.SkyAtmosphere.AerialPerspectiveLUT.DepthResolution:16.0]]
[2020.09.17-11.34.40:149][  0]LogConfig: Setting CVar [[r.SkyAtmosphere.FastSkyLUT:1]]
[2020.09.17-11.34.40:149][  0]LogConfig: Setting CVar [[r.SkyAtmosphere.FastSkyLUT.SampleCountMin:4.0]]
[2020.09.17-11.34.40:149][  0]LogConfig: Setting CVar [[r.SkyAtmosphere.FastSkyLUT.SampleCountMax:32.0]]
[2020.09.17-11.34.40:149][  0]LogConfig: Setting CVar [[r.SkyAtmosphere.SampleCountMin:4.0]]
[2020.09.17-11.34.40:149][  0]LogConfig: Setting CVar [[r.SkyAtmosphere.SampleCountMax:32.0]]
[2020.09.17-11.34.40:149][  0]LogConfig: Setting CVar [[r.SkyAtmosphere.TransmittanceLUT.UseSmallFormat:0]]
[2020.09.17-11.34.40:149][  0]LogConfig: Setting CVar [[r.SkyAtmosphere.TransmittanceLUT.SampleCount:10.0]]
[2020.09.17-11.34.40:149][  0]LogConfig: Setting CVar [[r.SkyAtmosphere.MultiScatteringLUT.SampleCount:15.0]]
[2020.09.17-11.34.40:149][  0]LogConfig: Applying CVar settings from Section [FoliageQuality@3] File [C:/Users/ken/Desktop/BU/FYP/FYP/Saved/Config/Windows/Scalability.ini]
[2020.09.17-11.34.40:149][  0]LogConfig: Setting CVar [[foliage.DensityScale:1.0]]
[2020.09.17-11.34.40:149][  0]LogConfig: Setting CVar [[grass.DensityScale:1.0]]
[2020.09.17-11.34.40:149][  0]LogConfig: Applying CVar settings from Section [ShadingQuality@3] File [C:/Users/ken/Desktop/BU/FYP/FYP/Saved/Config/Windows/Scalability.ini]
[2020.09.17-11.34.40:149][  0]LogConfig: Setting CVar [[r.HairStrands.SkyLighting.SampleCount:16]]
[2020.09.17-11.34.40:149][  0]LogConfig: Setting CVar [[r.HairStrands.SkyLighting.JitterIntegration:0]]
[2020.09.17-11.34.40:149][  0]LogConfig: Setting CVar [[r.HairStrands.SkyAO.SampleCount:16]]
[2020.09.17-11.34.40:149][  0]LogInit: Selected Device Profile: [Windows]
[2020.09.17-11.34.40:149][  0]LogInit: Applying CVar settings loaded from the selected device profile: [Windows]
[2020.09.17-11.34.40:152][  0]LogHAL: Display: Platform has ~ 16 GB [17111592960 / 17179869184 / 16], which maps to Larger [LargestMinGB=32, LargerMinGB=12, DefaultMinGB=8, SmallerMinGB=6, SmallestMinGB=0)
[2020.09.17-11.34.40:152][  0]LogInit: Going up to parent DeviceProfile []
[2020.09.17-11.34.40:152][  0]LogConfig: Applying CVar settings from Section [ViewDistanceQuality@3] File [C:/Users/ken/Desktop/BU/FYP/FYP/Saved/Config/Windows/Scalability.ini]
[2020.09.17-11.34.40:152][  0]LogConfig: Setting CVar [[r.SkeletalMeshLODBias:0]]
[2020.09.17-11.34.40:152][  0]LogConfig: Setting CVar [[r.ViewDistanceScale:1.0]]
[2020.09.17-11.34.40:152][  0]LogConfig: Applying CVar settings from Section [AntiAliasingQuality@3] File [C:/Users/ken/Desktop/BU/FYP/FYP/Saved/Config/Windows/Scalability.ini]
[2020.09.17-11.34.40:152][  0]LogConfig: Setting CVar [[r.PostProcessAAQuality:4]]
[2020.09.17-11.34.40:152][  0]LogConfig: Applying CVar settings from Section [ShadowQuality@3] File [C:/Users/ken/Desktop/BU/FYP/FYP/Saved/Config/Windows/Scalability.ini]
[2020.09.17-11.34.40:152][  0]LogConfig: Setting CVar [[r.LightFunctionQuality:1]]
[2020.09.17-11.34.40:152][  0]LogConfig: Setting CVar [[r.ShadowQuality:5]]
[2020.09.17-11.34.40:152][  0]LogConfig: Setting CVar [[r.Shadow.CSM.MaxCascades:10]]
[2020.09.17-11.34.40:152][  0]LogConfig: Setting CVar [[r.Shadow.MaxResolution:2048]]
[2020.09.17-11.34.40:152][  0]LogConfig: Setting CVar [[r.Shadow.MaxCSMResolution:2048]]
[2020.09.17-11.34.40:152][  0]LogConfig: Setting CVar [[r.Shadow.RadiusThreshold:0.01]]
[2020.09.17-11.34.40:152][  0]LogConfig: Setting CVar [[r.Shadow.DistanceScale:1.0]]
[2020.09.17-11.34.40:152][  0]LogConfig: Setting CVar [[r.Shadow.CSM.TransitionScale:1.0]]
[2020.09.17-11.34.40:152][  0]LogConfig: Setting CVar [[r.Shadow.PreShadowResolutionFactor:1.0]]
[2020.09.17-11.34.40:152][  0]LogConfig: Setting CVar [[r.DistanceFieldShadowing:1]]
[2020.09.17-11.34.40:152][  0]LogConfig: Setting CVar [[r.DistanceFieldAO:1]]
[2020.09.17-11.34.40:152][  0]LogConfig: Setting CVar [[r.AOQuality:2]]
[2020.09.17-11.34.40:152][  0]LogConfig: Setting CVar [[r.VolumetricFog:1]]
[2020.09.17-11.34.40:152][  0]LogConfig: Setting CVar [[r.VolumetricFog.GridPixelSize:8]]
[2020.09.17-11.34.40:152][  0]LogConfig: Setting CVar [[r.VolumetricFog.GridSizeZ:128]]
[2020.09.17-11.34.40:152][  0]LogConfig: Setting CVar [[r.VolumetricFog.HistoryMissSupersampleCount:4]]
[2020.09.17-11.34.40:152][  0]LogConfig: Setting CVar [[r.LightMaxDrawDistanceScale:1]]
[2020.09.17-11.34.40:153][  0]LogConfig: Setting CVar [[r.CapsuleShadows:1]]
[2020.09.17-11.34.40:153][  0]LogConfig: Applying CVar settings from Section [PostProcessQuality@3] File [C:/Users/ken/Desktop/BU/FYP/FYP/Saved/Config/Windows/Scalability.ini]
[2020.09.17-11.34.40:153][  0]LogConfig: Setting CVar [[r.MotionBlurQuality:4]]
[2020.09.17-11.34.40:153][  0]LogConfig: Setting CVar [[r.AmbientOcclusionMipLevelFactor:0.4]]
[2020.09.17-11.34.40:153][  0]LogConfig: Setting CVar [[r.AmbientOcclusionMaxQuality:100]]
[2020.09.17-11.34.40:153][  0]LogConfig: Setting CVar [[r.AmbientOcclusionLevels:-1]]
[2020.09.17-11.34.40:153][  0]LogConfig: Setting CVar [[r.AmbientOcclusionRadiusScale:1.0]]
[2020.09.17-11.34.40:153][  0]LogConfig: Setting CVar [[r.DepthOfFieldQuality:2]]
[2020.09.17-11.34.40:153][  0]LogConfig: Setting CVar [[r.RenderTargetPoolMin:400]]
[2020.09.17-11.34.40:153][  0]LogConfig: Setting CVar [[r.LensFlareQuality:2]]
[2020.09.17-11.34.40:153][  0]LogConfig: Setting CVar [[r.SceneColorFringeQuality:1]]
[2020.09.17-11.34.40:153][  0]LogConfig: Setting CVar [[r.EyeAdaptationQuality:2]]
[2020.09.17-11.34.40:153][  0]LogConfig: Setting CVar [[r.BloomQuality:5]]
[2020.09.17-11.34.40:153][  0]LogConfig: Setting CVar [[r.FastBlurThreshold:100]]
[2020.09.17-11.34.40:153][  0]LogConfig: Setting CVar [[r.Upscale.Quality:3]]
[2020.09.17-11.34.40:153][  0]LogConfig: Setting CVar [[r.Tonemapper.GrainQuantization:1]]
[2020.09.17-11.34.40:153][  0]LogConfig: Setting CVar [[r.LightShaftQuality:1]]
[2020.09.17-11.34.40:153][  0]LogConfig: Setting CVar [[r.Filter.SizeScale:1]]
[2020.09.17-11.34.40:153][  0]LogConfig: Setting CVar [[r.Tonemapper.Quality:5]]
[2020.09.17-11.34.40:153][  0]LogConfig: Setting CVar [[r.DOF.Gather.AccumulatorQuality:1        ; higher gathering accumulator quality]]
[2020.09.17-11.34.40:153][  0]LogConfig: Setting CVar [[r.DOF.Gather.PostfilterMethod:1          ; Median3x3 postfilering method]]
[2020.09.17-11.34.40:153][  0]LogConfig: Setting CVar [[r.DOF.Gather.EnableBokehSettings:0       ; no bokeh simulation when gathering]]
[2020.09.17-11.34.40:153][  0]LogConfig: Setting CVar [[r.DOF.Gather.RingCount:4                 ; medium number of samples when gathering]]
[2020.09.17-11.34.40:153][  0]LogConfig: Setting CVar [[r.DOF.Scatter.ForegroundCompositing:1    ; additive foreground scattering]]
[2020.09.17-11.34.40:153][  0]LogConfig: Setting CVar [[r.DOF.Scatter.BackgroundCompositing:2    ; additive background scattering]]
[2020.09.17-11.34.40:153][  0]LogConfig: Setting CVar [[r.DOF.Scatter.EnableBokehSettings:1      ; bokeh simulation when scattering]]
[2020.09.17-11.34.40:153][  0]LogConfig: Setting CVar [[r.DOF.Scatter.MaxSpriteRatio:0.1         ; only a maximum of 10% of scattered bokeh]]
[2020.09.17-11.34.40:153][  0]LogConfig: Setting CVar [[r.DOF.Recombine.Quality:1                ; cheap slight out of focus]]
[2020.09.17-11.34.40:153][  0]LogConfig: Setting CVar [[r.DOF.Recombine.EnableBokehSettings:0    ; no bokeh simulation on slight out of focus]]
[2020.09.17-11.34.40:153][  0]LogConfig: Setting CVar [[r.DOF.TemporalAAQuality:1                ; more stable temporal accumulation]]
[2020.09.17-11.34.40:153][  0]LogConfig: Setting CVar [[r.DOF.Kernel.MaxForegroundRadius:0.025]]
[2020.09.17-11.34.40:153][  0]LogConfig: Setting CVar [[r.DOF.Kernel.MaxBackgroundRadius:0.025]]
[2020.09.17-11.34.40:153][  0]LogConfig: Applying CVar settings from Section [TextureQuality@3] File [C:/Users/ken/Desktop/BU/FYP/FYP/Saved/Config/Windows/Scalability.ini]
[2020.09.17-11.34.40:153][  0]LogConfig: Setting CVar [[r.Streaming.MipBias:0]]
[2020.09.17-11.34.40:153][  0]LogConfig: Setting CVar [[r.Streaming.AmortizeCPUToGPUCopy:0]]
[2020.09.17-11.34.40:153][  0]LogConfig: Setting CVar [[r.Streaming.MaxNumTexturesToStreamPerFrame:0]]
[2020.09.17-11.34.40:153][  0]LogConfig: Setting CVar [[r.Streaming.Boost:1]]
[2020.09.17-11.34.40:153][  0]LogConfig: Setting CVar [[r.MaxAnisotropy:8]]
[2020.09.17-11.34.40:153][  0]LogConfig: Setting CVar [[r.VT.MaxAnisotropy:8]]
[2020.09.17-11.34.40:153][  0]LogConfig: Setting CVar [[r.Streaming.LimitPoolSizeToVRAM:0]]
[2020.09.17-11.34.40:153][  0]LogConfig: Setting CVar [[r.Streaming.PoolSize:1000]]
[2020.09.17-11.34.40:153][  0]LogConfig: Setting CVar [[r.Streaming.MaxEffectiveScreenSize:0]]
[2020.09.17-11.34.40:153][  0]LogConfig: Applying CVar settings from Section [EffectsQuality@3] File [C:/Users/ken/Desktop/BU/FYP/FYP/Saved/Config/Windows/Scalability.ini]
[2020.09.17-11.34.40:153][  0]LogConfig: Setting CVar [[r.TranslucencyLightingVolumeDim:64]]
[2020.09.17-11.34.40:153][  0]LogConfig: Setting CVar [[r.RefractionQuality:2]]
[2020.09.17-11.34.40:153][  0]LogConfig: Setting CVar [[r.SSR.Quality:3]]
[2020.09.17-11.34.40:153][  0]LogConfig: Setting CVar [[r.SSR.HalfResSceneColor:0]]
[2020.09.17-11.34.40:153][  0]LogConfig: Setting CVar [[r.SceneColorFormat:4]]
[2020.09.17-11.34.40:153][  0]LogConfig: Setting CVar [[r.DetailMode:2]]
[2020.09.17-11.34.40:153][  0]LogConfig: Setting CVar [[r.TranslucencyVolumeBlur:1]]
[2020.09.17-11.34.40:153][  0]LogConfig: Setting CVar [[r.MaterialQualityLevel:1 ; High quality]]
[2020.09.17-11.34.40:153][  0]LogConfig: Setting CVar [[r.SSS.Scale:1]]
[2020.09.17-11.34.40:153][  0]LogConfig: Setting CVar [[r.SSS.SampleSet:2]]
[2020.09.17-11.34.40:153][  0]LogConfig: Setting CVar [[r.SSS.Quality:1]]
[2020.09.17-11.34.40:153][  0]LogConfig: Setting CVar [[r.SSS.HalfRes:1]]
[2020.09.17-11.34.40:153][  0]LogConfig: Setting CVar [[r.SSGI.Quality:3]]
[2020.09.17-11.34.40:153][  0]LogConfig: Setting CVar [[r.EmitterSpawnRateScale:1.0]]
[2020.09.17-11.34.40:153][  0]LogConfig: Setting CVar [[r.ParticleLightQuality:2]]
[2020.09.17-11.34.40:153][  0]LogConfig: Setting CVar [[r.SkyAtmosphere.AerialPerspectiveLUT.FastApplyOnOpaque:1 ; Always have FastSkyLUT 1 in this case to avoid wrong sky]]
[2020.09.17-11.34.40:153][  0]LogConfig: Setting CVar [[r.SkyAtmosphere.AerialPerspectiveLUT.SampleCountPerSlice:1]]
[2020.09.17-11.34.40:153][  0]LogConfig: Setting CVar [[r.SkyAtmosphere.AerialPerspectiveLUT.DepthResolution:16.0]]
[2020.09.17-11.34.40:153][  0]LogConfig: Setting CVar [[r.SkyAtmosphere.FastSkyLUT:1]]
[2020.09.17-11.34.40:153][  0]LogConfig: Setting CVar [[r.SkyAtmosphere.FastSkyLUT.SampleCountMin:4.0]]
[2020.09.17-11.34.40:153][  0]LogConfig: Setting CVar [[r.SkyAtmosphere.FastSkyLUT.SampleCountMax:32.0]]
[2020.09.17-11.34.40:153][  0]LogConfig: Setting CVar [[r.SkyAtmosphere.SampleCountMin:4.0]]
[2020.09.17-11.34.40:153][  0]LogConfig: Setting CVar [[r.SkyAtmosphere.SampleCountMax:32.0]]
[2020.09.17-11.34.40:153][  0]LogConfig: Setting CVar [[r.SkyAtmosphere.TransmittanceLUT.UseSmallFormat:0]]
[2020.09.17-11.34.40:153][  0]LogConfig: Setting CVar [[r.SkyAtmosphere.TransmittanceLUT.SampleCount:10.0]]
[2020.09.17-11.34.40:153][  0]LogConfig: Setting CVar [[r.SkyAtmosphere.MultiScatteringLUT.SampleCount:15.0]]
[2020.09.17-11.34.40:153][  0]LogConfig: Applying CVar settings from Section [FoliageQuality@3] File [C:/Users/ken/Desktop/BU/FYP/FYP/Saved/Config/Windows/Scalability.ini]
[2020.09.17-11.34.40:153][  0]LogConfig: Setting CVar [[foliage.DensityScale:1.0]]
[2020.09.17-11.34.40:153][  0]LogConfig: Setting CVar [[grass.DensityScale:1.0]]
[2020.09.17-11.34.40:153][  0]LogConfig: Applying CVar settings from Section [ShadingQuality@3] File [C:/Users/ken/Desktop/BU/FYP/FYP/Saved/Config/Windows/Scalability.ini]
[2020.09.17-11.34.40:153][  0]LogConfig: Setting CVar [[r.HairStrands.SkyLighting.SampleCount:16]]
[2020.09.17-11.34.40:153][  0]LogConfig: Setting CVar [[r.HairStrands.SkyLighting.JitterIntegration:0]]
[2020.09.17-11.34.40:153][  0]LogConfig: Setting CVar [[r.HairStrands.SkyAO.SampleCount:16]]
[2020.09.17-11.34.40:153][  0]LogConfig: Applying CVar settings from Section [Startup] File [../../../Engine/Config/ConsoleVariables.ini]
[2020.09.17-11.34.40:154][  0]LogConfig: Setting CVar [[net.UseAdaptiveNetUpdateFrequency:0]]
[2020.09.17-11.34.40:154][  0]LogConfig: Setting CVar [[p.chaos.AllowCreatePhysxBodies:1]]
[2020.09.17-11.34.40:154][  0]LogConfig: Applying CVar settings from Section [ConsoleVariables] File [C:/Users/ken/Desktop/BU/FYP/FYP/Saved/Config/Windows/Engine.ini]
[2020.09.17-11.34.40:154][  0]LogInit: Computer: DESKTOP-KENGOR
[2020.09.17-11.34.40:154][  0]LogInit: User: ken
[2020.09.17-11.34.40:154][  0]LogInit: CPU Page size=4096, Cores=4
[2020.09.17-11.34.40:154][  0]LogInit: High frequency timer resolution =10.000000 MHz
[2020.09.17-11.34.40:154][  0]LogMemory: Memory total: Physical=15.9GB (16GB approx)
[2020.09.17-11.34.40:154][  0]LogMemory: Platform Memory Stats for Windows
[2020.09.17-11.34.40:154][  0]LogMemory: Process Physical Memory: 106.45 MB used, 106.45 MB peak
[2020.09.17-11.34.40:154][  0]LogMemory: Process Virtual Memory: 100.74 MB used, 100.74 MB peak
[2020.09.17-11.34.40:154][  0]LogMemory: Physical Memory: 6747.64 MB used,  9571.25 MB free, 16318.89 MB total
[2020.09.17-11.34.40:154][  0]LogMemory: Virtual Memory: 5140.44 MB used,  134212584.00 MB free, 134217728.00 MB total
[2020.09.17-11.34.40:157][  0]LogWindows: WindowsPlatformFeatures enabled
[2020.09.17-11.34.40:177][  0]LogInit: Overriding language with editor language configuration option (en).
[2020.09.17-11.34.40:177][  0]LogInit: Overriding locale with editor locale configuration option (zh-Hant).
[2020.09.17-11.34.40:354][  0]LogInit: Setting process to per monitor DPI aware
[2020.09.17-11.34.40:404][  0]LogSlate: New Slate User Created.  User Index 0, Is Virtual User: 0
[2020.09.17-11.34.40:404][  0]LogSlate: Slate User Registered.  User Index 0, Is Virtual User: 0
[2020.09.17-11.34.40:579][  0]LogHMD: Failed to initialize OpenVR with code 110
[2020.09.17-11.34.40:579][  0]LogD3D11RHI: D3D11 min allowed feature level: 11_0
[2020.09.17-11.34.40:579][  0]LogD3D11RHI: D3D11 max allowed feature level: 11_0
[2020.09.17-11.34.40:579][  0]LogD3D11RHI: D3D11 adapters:
[2020.09.17-11.34.40:689][  0]LogD3D11RHI:    0. 'NVIDIA GeForce GTX 1060 6GB' (Feature Level 11_0)
[2020.09.17-11.34.40:690][  0]LogD3D11RHI:       6052/0/8159 MB DedicatedVideo/DedicatedSystem/SharedSystem, Outputs:2, VendorId:0x10de
[2020.09.17-11.34.40:693][  0]LogD3D11RHI:    1. 'Microsoft Basic Render Driver' (Feature Level 11_0)
[2020.09.17-11.34.40:693][  0]LogD3D11RHI:       0/0/8159 MB DedicatedVideo/DedicatedSystem/SharedSystem, Outputs:0, VendorId:0x1414
[2020.09.17-11.34.40:693][  0]LogD3D11RHI: Chosen D3D11 Adapter: 0
[2020.09.17-11.34.40:701][  0]LogD3D11RHI: Creating new Direct3DDevice
[2020.09.17-11.34.40:701][  0]LogD3D11RHI:     GPU DeviceId: 0x1c03 (for the marketing name, search the web for "GPU Device Id")
[2020.09.17-11.34.40:701][  0]LogWindows: EnumDisplayDevices:
[2020.09.17-11.34.40:701][  0]LogWindows:    0. 'NVIDIA GeForce GTX 1060 6GB' (P:1 D:1)
[2020.09.17-11.34.40:701][  0]LogWindows:    1. 'NVIDIA GeForce GTX 1060 6GB' (P:0 D:1)
[2020.09.17-11.34.40:702][  0]LogWindows:    2. 'NVIDIA GeForce GTX 1060 6GB' (P:0 D:0)
[2020.09.17-11.34.40:702][  0]LogWindows:    3. 'NVIDIA GeForce GTX 1060 6GB' (P:0 D:0)
[2020.09.17-11.34.40:702][  0]LogWindows: DebugString: FoundDriverCount:4 
[2020.09.17-11.34.40:702][  0]LogD3D11RHI:     Adapter Name: NVIDIA GeForce GTX 1060 6GB
[2020.09.17-11.34.40:702][  0]LogD3D11RHI:   Driver Version: 452.06 (internal:27.21.14.5206, unified:452.06)
[2020.09.17-11.34.40:702][  0]LogD3D11RHI:      Driver Date: 8-12-2020
[2020.09.17-11.34.40:702][  0]LogRHI: Texture pool is 4236 MB (70% of 6052 MB)
[2020.09.17-11.34.40:770][  0]LogD3D11RHI: RHI has support for 64 bit atomics
[2020.09.17-11.34.40:771][  0]LogD3D11RHI: Async texture creation enabled
[2020.09.17-11.34.40:795][  0]LogD3D11RHI: GPU Timing Frequency: 1000.000000 (Debug: 2 1)
[2020.09.17-11.34.41:110][  0]LogTargetPlatformManager: Display: Loaded TargetPlatform 'AllDesktop'
[2020.09.17-11.34.41:141][  0]LogTargetPlatformManager: Display: Loaded TargetPlatform 'Android'
[2020.09.17-11.34.41:141][  0]LogTargetPlatformManager: Display: Loaded TargetPlatform 'Android_ASTC'
[2020.09.17-11.34.41:141][  0]LogTargetPlatformManager: Display: Loaded TargetPlatform 'Android_ATC'
[2020.09.17-11.34.41:141][  0]LogTargetPlatformManager: Display: Loaded TargetPlatform 'Android_DXT'
[2020.09.17-11.34.41:141][  0]LogTargetPlatformManager: Display: Loaded TargetPlatform 'Android_ETC1'
[2020.09.17-11.34.41:141][  0]LogTargetPlatformManager: Display: Loaded TargetPlatform 'Android_ETC1a'
[2020.09.17-11.34.41:141][  0]LogTargetPlatformManager: Display: Loaded TargetPlatform 'Android_ETC2'
[2020.09.17-11.34.41:141][  0]LogTargetPlatformManager: Display: Loaded TargetPlatform 'Android_PVRTC'
[2020.09.17-11.34.41:141][  0]LogTargetPlatformManager: Display: Loaded TargetPlatform 'AndroidClient'
[2020.09.17-11.34.41:141][  0]LogTargetPlatformManager: Display: Loaded TargetPlatform 'Android_ASTCClient'
[2020.09.17-11.34.41:142][  0]LogTargetPlatformManager: Display: Loaded TargetPlatform 'Android_ATCClient'
[2020.09.17-11.34.41:142][  0]LogTargetPlatformManager: Display: Loaded TargetPlatform 'Android_DXTClient'
[2020.09.17-11.34.41:142][  0]LogTargetPlatformManager: Display: Loaded TargetPlatform 'Android_ETC1Client'
[2020.09.17-11.34.41:142][  0]LogTargetPlatformManager: Display: Loaded TargetPlatform 'Android_ETC1aClient'
[2020.09.17-11.34.41:142][  0]LogTargetPlatformManager: Display: Loaded TargetPlatform 'Android_ETC2Client'
[2020.09.17-11.34.41:142][  0]LogTargetPlatformManager: Display: Loaded TargetPlatform 'Android_PVRTCClient'
[2020.09.17-11.34.41:142][  0]LogTargetPlatformManager: Display: Loaded TargetPlatform 'Android_Multi'
[2020.09.17-11.34.41:142][  0]LogTargetPlatformManager: Display: Loaded TargetPlatform 'Android_MultiClient'
[2020.09.17-11.34.41:161][  0]LogTargetPlatformManager: Display: Loaded TargetPlatform 'IOSClient'
[2020.09.17-11.34.41:161][  0]LogTargetPlatformManager: Display: Loaded TargetPlatform 'IOS'
[2020.09.17-11.34.41:172][  0]LogTargetPlatformManager: Display: Loaded TargetPlatform 'LinuxNoEditor'
[2020.09.17-11.34.41:179][  0]LogTargetPlatformManager: Display: Loaded TargetPlatform 'LinuxClient'
[2020.09.17-11.34.41:186][  0]LogTargetPlatformManager: Display: Loaded TargetPlatform 'LinuxServer'
[2020.09.17-11.34.41:194][  0]LogTargetPlatformManager: Display: Loaded TargetPlatform 'LinuxAArch64NoEditor'
[2020.09.17-11.34.41:202][  0]LogTargetPlatformManager: Display: Loaded TargetPlatform 'LinuxAArch64Client'
[2020.09.17-11.34.41:209][  0]LogTargetPlatformManager: Display: Loaded TargetPlatform 'LinuxAArch64Server'
[2020.09.17-11.34.41:235][  0]LogTargetPlatformManager: Display: Loaded TargetPlatform 'Lumin'
[2020.09.17-11.34.41:235][  0]LogTargetPlatformManager: Display: Loaded TargetPlatform 'LuminClient'
[2020.09.17-11.34.41:250][  0]LogTargetPlatformManager: Display: Loaded TargetPlatform 'TVOSClient'
[2020.09.17-11.34.41:250][  0]LogTargetPlatformManager: Display: Loaded TargetPlatform 'TVOS'
[2020.09.17-11.34.41:258][  0]LogTargetPlatformManager: Display: Loaded TargetPlatform 'WindowsNoEditor'
[2020.09.17-11.34.41:266][  0]LogTargetPlatformManager: Display: Loaded TargetPlatform 'Windows'
[2020.09.17-11.34.41:274][  0]LogTargetPlatformManager: Display: Loaded TargetPlatform 'WindowsClient'
[2020.09.17-11.34.41:281][  0]LogTargetPlatformManager: Display: Loaded TargetPlatform 'WindowsServer'
[2020.09.17-11.34.41:281][  0]LogTargetPlatformManager: Display: Building Assets For Windows
[2020.09.17-11.34.41:284][  0]LogAudioDebug: Display: Lib vorbis DLL was dynamically loaded.
[2020.09.17-11.34.41:303][  0]LogShaderCompilers: Guid format shader working directory is 13 characters bigger than the processId version (C:/Users/ken/Desktop/BU/FYP/FYP/Intermediate/Shaders/WorkingDirectory/2588/).
[2020.09.17-11.34.41:303][  0]LogShaderCompilers: Cleaned the shader compiler working directory 'C:/Users/ken/AppData/Local/Temp/UnrealShaderWorkingDir/E38924F747AE94BFED8FFBA8DB6A6143/'.
[2020.09.17-11.34.41:304][  0]LogXGEController: Cannot use XGE Controller as Incredibuild is not installed on this machine.
[2020.09.17-11.34.41:304][  0]LogShaderCompilers: Cannot use XGE Shader Compiler as Incredibuild is not installed on this machine.
[2020.09.17-11.34.41:304][  0]LogShaderCompilers: Display: Using Local Shader Compiler.
[2020.09.17-11.34.42:078][  0]LogDerivedDataCache: Display: Max Cache Size: 512 MB
[2020.09.17-11.34.42:150][  0]LogDerivedDataCache: Loaded boot cache 0.07s 78MB C:/Users/ken/AppData/Local/UnrealEngine/4.24/DerivedDataCache/Boot.ddc.
[2020.09.17-11.34.42:150][  0]LogDerivedDataCache: Display: Loaded Boot cache: C:/Users/ken/AppData/Local/UnrealEngine/4.24/DerivedDataCache/Boot.ddc
[2020.09.17-11.34.42:150][  0]LogDerivedDataCache: FDerivedDataBackendGraph:  Pak pak cache file C:/Users/ken/Desktop/BU/FYP/FYP/DerivedDataCache/DDC.ddp not found, will not use a pak cache.
[2020.09.17-11.34.42:150][  0]LogDerivedDataCache: Unable to find inner node Pak for hierarchical cache Hierarchy.
[2020.09.17-11.34.42:151][  0]LogDerivedDataCache: FDerivedDataBackendGraph:  CompressedPak pak cache file C:/Users/ken/Desktop/BU/FYP/FYP/DerivedDataCache/Compressed.ddp not found, will not use a pak cache.
[2020.09.17-11.34.42:151][  0]LogDerivedDataCache: Unable to find inner node CompressedPak for hierarchical cache Hierarchy.
[2020.09.17-11.34.42:160][  0]LogDerivedDataCache: Display: Pak cache opened for reading ../../../Engine/DerivedDataCache/Compressed.ddp.
[2020.09.17-11.34.42:160][  0]LogDerivedDataCache: FDerivedDataBackendGraph:  EnterprisePak pak cache file ../../../Enterprise/DerivedDataCache/Compressed.ddp not found, will not use a pak cache.
[2020.09.17-11.34.42:161][  0]LogDerivedDataCache: Unable to find inner node EnterprisePak for hierarchical cache Hierarchy.
[2020.09.17-11.34.42:162][  0]LogDerivedDataCache: Using Local data cache path C:/Users/ken/AppData/Local/UnrealEngine/Common/DerivedDataCache: Writable
[2020.09.17-11.34.42:162][  0]LogDerivedDataCache: Shared data cache path not found in *engine.ini, will not use an Shared cache.
[2020.09.17-11.34.42:162][  0]LogDerivedDataCache: Unable to find inner node Shared for hierarchical cache Hierarchy.
[2020.09.17-11.34.42:190][  0]LogMaterial: Verifying Global Shaders for PCD3D_SM5
[2020.09.17-11.34.42:193][  0]LogSlate: Using FreeType 2.10.0
[2020.09.17-11.34.42:193][  0]LogSlate: SlateFontServices - WITH_FREETYPE: 1, WITH_HARFBUZZ: 1
[2020.09.17-11.34.42:250][  0]LogAssetRegistry: FAssetRegistry took 0.0027 seconds to start up
[2020.09.17-11.34.42:554][  0]LogInit: Selected Device Profile: [Windows]
[2020.09.17-11.34.42:711][  0]LogMeshReduction: Using QuadricMeshReduction for automatic static mesh reduction
[2020.09.17-11.34.42:711][  0]LogMeshReduction: Using SimplygonMeshReduction for automatic skeletal mesh reduction
[2020.09.17-11.34.42:711][  0]LogMeshReduction: Using ProxyLODMeshReduction for automatic mesh merging
[2020.09.17-11.34.42:711][  0]LogMeshReduction: No distributed automatic mesh merging module available
[2020.09.17-11.34.42:711][  0]LogMeshMerging: No distributed automatic mesh merging module available
[2020.09.17-11.34.42:729][  0]LogNetVersion: FYP 1.0.0, NetCL: 10570792, EngineNetVer: 13, GameNetVer: 0 (Checksum: 3671261973)
[2020.09.17-11.34.43:793][  0]LogPackageLocalizationCache: Processed 11 localized package path(s) for 1 prioritized culture(s) in 0.046717 seconds
[2020.09.17-11.34.43:800][  0]LogUObjectArray: 46750 objects as part of root set at end of initial load.
[2020.09.17-11.34.43:800][  0]LogUObjectAllocator: 8137160 out of 0 bytes used by permanent object pool.
[2020.09.17-11.34.43:800][  0]LogUObjectArray: CloseDisregardForGC: 0/0 objects in disregard for GC pool
[2020.09.17-11.34.44:196][  0]LogTcpMessaging: Initializing TcpMessaging bridge
[2020.09.17-11.34.44:199][  0]LogUdpMessaging: Initializing bridge on interface 172.25.31.213:0 to multicast group 230.0.0.1:6666.
[2020.09.17-11.34.44:264][  0]SourceControl: Source control is disabled
[2020.09.17-11.34.44:264][  0]SourceControl: Source control is disabled
[2020.09.17-11.34.44:265][  0]SourceControl: Source control is disabled
[2020.09.17-11.34.44:266][  0]SourceControl: Source control is disabled
[2020.09.17-11.34.44:267][  0]SourceControl: Source control is disabled
[2020.09.17-11.34.44:346][  0]LogAndroidPermission: UAndroidPermissionCallbackProxy::GetInstance
[2020.09.17-11.34.44:356][  0]LogAudioCaptureCore: Display: No Audio Capture implementations found. Audio input will be silent.
[2020.09.17-11.34.44:356][  0]LogAudioCaptureCore: Display: No Audio Capture implementations found. Audio input will be silent.
[2020.09.17-11.34.44:439][  0]LogOcInput: OculusInput pre-init called
[2020.09.17-11.34.44:448][  0]LogWindows: Failed to load 'OVRPlugin.dll' (GetLastError=126)
[2020.09.17-11.34.44:448][  0]LogWindows: File 'OVRPlugin.dll' does not exist
[2020.09.17-11.34.44:514][  0]LogEngine: Initializing Engine...
[2020.09.17-11.34.44:515][  0]LogHMD: Failed to initialize OpenVR with code 110
[2020.09.17-11.34.44:516][  0]LogStats: UGameplayTagsManager::InitializeManager -  0.000 s
[2020.09.17-11.34.44:845][  0]LogInit: Initializing FReadOnlyCVARCache
[2020.09.17-11.34.44:852][  0]LogAIModule: Creating AISystem for world Untitled
[2020.09.17-11.34.44:868][  0]LogAudioMixer: Display: Audio Mixer Platform Settings:
[2020.09.17-11.34.44:868][  0]LogAudioMixer: Display: 	Sample Rate:						  48000
[2020.09.17-11.34.44:868][  0]LogAudioMixer: Display: 	Callback Buffer Frame Size Requested: 1024
[2020.09.17-11.34.44:869][  0]LogAudioMixer: Display: 	Callback Buffer Frame Size To Use:	  1024
[2020.09.17-11.34.44:869][  0]LogAudioMixer: Display: 	Number of buffers to queue:			  2
[2020.09.17-11.34.44:869][  0]LogAudioMixer: Display: 	Max Channels (voices):				  32
[2020.09.17-11.34.44:869][  0]LogAudioMixer: Display: 	Number of Async Source Workers:		  0
[2020.09.17-11.34.44:869][  0]LogAudio: Display: AudioDevice MaxSources: 32
[2020.09.17-11.34.44:869][  0]LogAudio: Display: Using built-in audio occlusion.
[2020.09.17-11.34.44:869][  0]LogAudioMixer: Display: Initializing audio mixer.
[2020.09.17-11.34.44:987][  0]LogAudioMixer: Display: Audio Device Output Speaker Info:
[2020.09.17-11.34.44:987][  0]LogAudioMixer: Display: Name: 耳麥式耳機 (Arctis 7 Chat)
[2020.09.17-11.34.44:988][  0]LogAudioMixer: Display: Is Default: Yes
[2020.09.17-11.34.44:988][  0]LogAudioMixer: Display: Sample Rate: 48000
[2020.09.17-11.34.44:988][  0]LogAudioMixer: Display: Channel Count Used: 2
[2020.09.17-11.34.44:988][  0]LogAudioMixer: Display: Device Channel Count: 1
[2020.09.17-11.34.44:988][  0]LogAudioMixer: Display: Channel Order:
[2020.09.17-11.34.44:988][  0]LogAudioMixer: Display: 0: FrontLeft
[2020.09.17-11.34.44:988][  0]LogAudioMixer: Display: 1: FrontRight
[2020.09.17-11.34.45:016][  0]LogAudioMixer: Display: Using Audio Device 耳麥式耳機 (Arctis 7 Chat)
[2020.09.17-11.34.45:023][  0]LogInit: FAudioDevice initialized.
[2020.09.17-11.34.45:024][  0]LogNetVersion: Set ProjectVersion to 1.0.0.0. Version Checksum will be recalculated on next use.
[2020.09.17-11.34.45:138][  0]LogDerivedDataCache: Saved boot cache 0.11s 78MB C:/Users/ken/AppData/Local/UnrealEngine/4.24/DerivedDataCache/Boot.ddc.
[2020.09.17-11.34.45:139][  0]LogInit: Texture streaming: Enabled
[2020.09.17-11.34.45:148][  0]LogEngineSessionManager: EngineSessionManager initialized
[2020.09.17-11.34.45:148][  0]LogEditorSessionSummary: Verbose: Initializing EditorSessionSummaryWriter for editor session tracking
[2020.09.17-11.34.45:151][  0]LogEditorSessionSummary: EditorSessionSummaryWriter initialized
[2020.09.17-11.34.45:190][  0]LogInit: Transaction tracking system initialized
[2020.09.17-11.34.45:198][  0]BlueprintLog: New page: Editor Load
[2020.09.17-11.34.45:225][  0]LocalizationService: Localization service is disabled
[2020.09.17-11.34.45:484][  0]LogFileCache: Scanning file cache for directory 'C:/Users/ken/Desktop/BU/FYP/FYP/Content/' took 0.00s
[2020.09.17-11.34.45:484][  0]LogCook: Display: Max memory allowance for cook 16384mb min free memory 0mb
[2020.09.17-11.34.45:484][  0]LogCook: Display: Mobile HDR setting 1
[2020.09.17-11.34.46:159][  0]SourceControl: Source control is disabled
[2020.09.17-11.34.46:160][  0]Cmd: MAP LOAD FILE="C:/Users/ken/Desktop/BU/FYP/FYP/Content/Map/Index.umap" TEMPLATE=0 SHOWPROGRESS=1 FEATURELEVEL=3
[2020.09.17-11.34.46:160][  0]LightingResults: New page: Lighting Build
[2020.09.17-11.34.46:161][  0]LogWorld: UWorld::CleanupWorld for Untitled, bSessionEnded=true, bCleanupResources=true
[2020.09.17-11.34.46:161][  0]LogSlate: InvalidateAllWidgets triggered.  All widgets were invalidated
[2020.09.17-11.34.46:161][  0]MapCheck: New page: Map Check
[2020.09.17-11.34.46:161][  0]LightingResults: New page: Lighting Build
[2020.09.17-11.34.46:185][  0]LogUObjectHash: Compacting FUObjectHashTables data took   1.95ms
[2020.09.17-11.34.46:243][  0]LogAIModule: Creating AISystem for world Index
[2020.09.17-11.34.46:243][  0]LogEditorServer: Finished looking for orphan Actors (0.000 secs)
[2020.09.17-11.34.46:269][  0]LogUObjectHash: Compacting FUObjectHashTables data took   2.30ms
[2020.09.17-11.34.46:269][  0]Cmd: MAP CHECKDEP NOCLEARLOG
[2020.09.17-11.34.46:270][  0]MapCheck: Map check complete: 0 Error(s), 0 Warning(s), took 0.225ms to complete.
[2020.09.17-11.34.46:270][  0]LogFileHelpers: Loading map 'Index' took 0.110
[2020.09.17-11.34.46:374][  0]LogWindowsTextInputMethodSystem: Display: IME system now activated using TSF (Microsoft 速成).
[2020.09.17-11.34.46:425][  0]LogSlate: Updating window title bar state: overlay mode, drag disabled, window buttons hidden, title bar hidden
[2020.09.17-11.34.46:432][  0]LogSlate: Updating window title bar state: overlay mode, drag disabled, window buttons hidden, title bar hidden
[2020.09.17-11.34.46:439][  0]LogSlate: Updating window title bar state: overlay mode, drag disabled, window buttons hidden, title bar hidden
[2020.09.17-11.34.46:446][  0]LogSlate: Updating window title bar state: overlay mode, drag disabled, window buttons hidden, title bar hidden
[2020.09.17-11.34.46:450][  0]LogCollectionManager: Loaded 0 collections in 0.000771 seconds
[2020.09.17-11.34.46:462][  0]LogFileCache: Scanning file cache for directory 'C:/Users/ken/Desktop/BU/FYP/FYP/Saved/Collections/' took 0.00s
[2020.09.17-11.34.46:462][  0]LogFileCache: Scanning file cache for directory 'C:/Users/ken/Desktop/BU/FYP/FYP/Content/Developers/ken/Collections/' took 0.00s
[2020.09.17-11.34.46:462][  0]LogFileCache: Scanning file cache for directory 'C:/Users/ken/Desktop/BU/FYP/FYP/Content/Collections/' took 0.00s
[2020.09.17-11.34.46:462][  0]LogContentBrowser: Native class hierarchy populated in 0.0081 seconds. Added 3025 classes and 735 folders.
[2020.09.17-11.34.46:465][  0]LogContentBrowser: Native class hierarchy updated for 'WidgetCarousel' in 0.0004 seconds. Added 0 classes and 0 folders.
[2020.09.17-11.34.46:516][  0]LogContentBrowser: Native class hierarchy updated for 'AddContentDialog' in 0.0003 seconds. Added 0 classes and 0 folders.
[2020.09.17-11.34.46:523][  0]LogContentBrowser: Native class hierarchy updated for 'SceneOutliner' in 0.0004 seconds. Added 2 classes and 3 folders.
[2020.09.17-11.34.46:622][  0]LogSlate: Took 0.000473 seconds to synchronously load lazily loaded font '../../../Engine/Content/Slate/Fonts/Roboto-Regular.ttf' (155K)
[2020.09.17-11.34.46:627][  0]LogSlate: Took 0.000299 seconds to synchronously load lazily loaded font '../../../Engine/Content/Slate/Fonts/Roboto-Bold.ttf' (160K)
[2020.09.17-11.34.46:634][  0]LogSlate: Took 0.000182 seconds to synchronously load lazily loaded font '../../../Engine/Content/Editor/Slate/Fonts/FontAwesome.ttf' (139K)
[2020.09.17-11.34.46:717][  0]LogRenderer: Reallocating scene render targets to support 1196x548 Format 10 NumSamples 1 (Frame:1).
[2020.09.17-11.34.46:811][  0]LogContentBrowser: Native class hierarchy updated for 'HierarchicalLODOutliner' in 0.0003 seconds. Added 0 classes and 0 folders.
[2020.09.17-11.34.46:811][  0]LogLoad: (Engine Initialization) Total time: 7.86 seconds
[2020.09.17-11.34.46:811][  0]LogLoad: (Engine Initialization) Total Blueprint compile time: 0.00 seconds
[2020.09.17-11.34.46:852][  0]LogAssetRegistry: Asset discovery search completed in 4.6030 seconds
[2020.09.17-11.34.46:856][  0]LogCollectionManager: Fixed up redirectors for 0 collections in 0.000010 seconds (updated 0 objects)
[2020.09.17-11.34.46:858][  0]LogContentStreaming: Texture pool size now 1000 MB
[2020.09.17-11.34.46:888][  0]LogSlate: Took 0.000160 seconds to synchronously load lazily loaded font '../../../Engine/Content/Slate/Fonts/Roboto-Light.ttf' (167K)
[2020.09.17-11.34.47:835][111]LogConcert: Display: Admin (0A6FA5044F5ACFCA41C802A0374A8456): Remote endpoint '8BFAEBF7442F3FCEF0CC6896E8C96E85' discovered.
[2020.09.17-11.34.58:550][388]LogConcert: [Pending] Launching Unreal Multi-User Server...
[2020.09.17-11.34.58:557][388]LogConcert: [Success] Launched Unreal Multi-User Server
[2020.09.17-11.35.00:513][459]LogConcert: Display: Admin (0A6FA5044F5ACFCA41C802A0374A8456): Remote endpoint 'E1C3152F485474D6FB9A51B5C80CBBB6' discovered.
[2020.09.17-11.35.00:522][460]LogConcert: Display: Server DESKTOP-KENGOR discovered.
[2020.09.17-11.36.14:988][693]LogConcert: [Pending] Joining Session...
[2020.09.17-11.36.14:988][693]LogConcert: [Pending] Joining Session... - Validating Workspace...
[2020.09.17-11.36.15:001][693]LogSlate: Took 0.000268 seconds to synchronously load lazily loaded font '../../../Engine/Content/Slate/Fonts/Roboto-Light.ttf' (167K)
[2020.09.17-11.36.15:249][695]LogConcert: [Pending] Joining Session... - Attempting Remote Connection...
[2020.09.17-11.36.15:299][696]SourceControl: Source control is disabled
[2020.09.17-11.36.15:299][696]SourceControl: Source control is disabled
[2020.09.17-11.36.15:487][696]LogConcert: Display: Initialized Concert session 'ken' (Id: 1894DB3E4C89A3AA829D129D65FB04C6, Owner: ken).
[2020.09.17-11.36.15:487][696]LogConcert: Display: Connecting to Concert session 'ken' (Id: 1894DB3E4C89A3AA829D129D65FB04C6, Owner: ken).
[2020.09.17-11.36.15:520][697]LogConcert: Display: ken (E307C3B1485C2D6CCE7ED3AD6D9D65B3): Remote endpoint '3E0F1CAE4AA730AC57C70BBD8FB0E60B' discovered.
[2020.09.17-11.36.15:570][700]LogConcert: Display: Connected to Concert session 'ken' (Id: 1894DB3E4C89A3AA829D129D65FB04C6, Owner: ken).
[2020.09.17-11.36.15:590][703]LogConcert: Display: Synced activity '1' produced by endpoint '94B20F834703B3519EF5F68F3C60CEE9': ken joined the session.
[2020.09.17-11.36.15:590][703]LogConcert: Display: Synced activity '2' produced by endpoint '84C047A54965A0154AADB989EED5C1E9': ken joined the session.
[2020.09.17-11.36.15:597][704]LogConcert: [Success] Joined Session 'ken'
[2020.09.17-11.36.15:602][704]LogConcert: Display: Synced activity '3' produced by endpoint '94B20F834703B3519EF5F68F3C60CEE9': ken added package /Game/Widget/StartScreen.
[2020.09.17-11.36.15:603][704]LogConcert: Display: Synced activity '4' produced by endpoint '94B20F834703B3519EF5F68F3C60CEE9': ken locked /Game/Widget/StartScreen.
[2020.09.17-11.36.15:604][704]LogConcert: Display: Synced activity '5' produced by endpoint '94B20F834703B3519EF5F68F3C60CEE9': ken added package /Game/Widget/MainScreen.
[2020.09.17-11.36.15:604][704]LogConcert: Display: Synced activity '6' produced by endpoint '94B20F834703B3519EF5F68F3C60CEE9': ken locked /Game/Widget/MainScreen.
[2020.09.17-11.36.15:605][704]LogConcert: Display: Synced activity '7' produced by endpoint '94B20F834703B3519EF5F68F3C60CEE9': ken added package /Game/Widget/Registry.
[2020.09.17-11.36.15:606][704]LogConcert: Display: Synced activity '8' produced by endpoint '94B20F834703B3519EF5F68F3C60CEE9': ken locked /Game/Widget/Registry.
[2020.09.17-11.36.15:608][704]LogConcert: Display: Synced activity '9' produced by endpoint '94B20F834703B3519EF5F68F3C60CEE9': ken added package /Game/Widget/ShopMenu.
[2020.09.17-11.36.15:609][704]LogConcert: Display: Synced activity '10' produced by endpoint '94B20F834703B3519EF5F68F3C60CEE9': ken locked /Game/Widget/ShopMenu.
[2020.09.17-11.36.15:612][704]LogConcert: Display: Synced activity '11' produced by endpoint '94B20F834703B3519EF5F68F3C60CEE9': ken added package /Game/Widget/AvatarMenu.
[2020.09.17-11.36.15:612][704]LogConcert: Display: Synced activity '12' produced by endpoint '94B20F834703B3519EF5F68F3C60CEE9': ken locked /Game/Widget/AvatarMenu.
[2020.09.17-11.36.15:631][705]LogConcert: Display: Synced activity '13' produced by endpoint '94B20F834703B3519EF5F68F3C60CEE9': ken added package /Game/Widget/SettingMenu.
[2020.09.17-11.36.15:632][705]LogConcert: Display: Synced activity '14' produced by endpoint '94B20F834703B3519EF5F68F3C60CEE9': ken locked /Game/Widget/SettingMenu.
[2020.09.17-11.36.15:633][705]LogConcert: Display: Synced activity '15' produced by endpoint '94B20F834703B3519EF5F68F3C60CEE9': ken saved package /Game/Map/Index.
[2020.09.17-11.36.15:634][705]LogConcert: Display: Synced activity '16' produced by endpoint '84C047A54965A0154AADB989EED5C1E9': ken left the session.
[2020.09.17-11.36.15:635][705]LogConcert: Display: Synced activity '17' produced by endpoint '94B20F834703B3519EF5F68F3C60CEE9': ken saved package /Game/Map/Index.
[2020.09.17-11.36.15:635][705]LogConcert: Display: Synced activity '18' produced by endpoint '94B20F834703B3519EF5F68F3C60CEE9': ken unlocked /Game/Widget/StartScreen, plus 5 other resources.
[2020.09.17-11.36.15:635][705]LogConcert: Display: Synced activity '19' produced by endpoint '94B20F834703B3519EF5F68F3C60CEE9': ken left the session.
[2020.09.17-11.36.15:635][705]LogConcert: Display: Synced activity '20' produced by endpoint '0BF0E5BA4954BED6CE2CC7A56F6CBC03': ken joined the session.
[2020.09.17-11.36.15:635][705]LogConcert: Display: Synced activity '21' produced by endpoint '0BF0E5BA4954BED6CE2CC7A56F6CBC03': ken left the session.
[2020.09.17-11.36.15:636][705]LogConcert: Display: Synced activity '22' produced by endpoint '6C7C315C448E374976BE5F90BB8C9644': ken joined the session.
[2020.09.17-11.36.15:636][705]LogConcert: Display: Synced activity '23' produced by endpoint '47EABC21448060C9E8EE6A86884FC045': ken joined the session.
[2020.09.17-11.36.15:636][705]LogConcert: Display: Synced activity '24' produced by endpoint '6C7C315C448E374976BE5F90BB8C9644': ken left the session.
[2020.09.17-11.36.15:637][705]LogConcert: Display: Synced activity '25' produced by endpoint '47EABC21448060C9E8EE6A86884FC045': ken saved package /Game/Map/Index.
[2020.09.17-11.36.15:637][705]LogConcert: Display: Synced activity '26' produced by endpoint '47EABC21448060C9E8EE6A86884FC045': ken left the session.
[2020.09.17-11.36.15:638][705]LogConcert: Display: Synced activity '27' produced by endpoint 'D07C5C8946BB44D07141D9A16AF6934F': ken joined the session.
[2020.09.17-11.36.15:638][705]LogConcert: Display: Synced activity '28' produced by endpoint 'D07C5C8946BB44D07141D9A16AF6934F': ken left the session.
[2020.09.17-11.36.15:638][705]LogConcert: Display: Synced activity '29' produced by endpoint '02FEEB5C4305D018832E6987D4F972B6': ken joined the session.
[2020.09.17-11.36.15:638][705]LogConcert: Display: Synced activity '30' produced by endpoint '02FEEB5C4305D018832E6987D4F972B6': ken left the session.
[2020.09.17-11.36.15:638][705]LogConcert: Display: Synced activity '31' produced by endpoint '1876DDD5476E106AC7CD238194C5C228': ken joined the session.
[2020.09.17-11.36.15:642][705]LogConcert: Display: Synced activity '32' produced by endpoint '1876DDD5476E106AC7CD238194C5C228': ken saved package /Game/Map/Index.
[2020.09.17-11.36.15:642][705]LogConcert: Display: Synced activity '33' produced by endpoint '1876DDD5476E106AC7CD238194C5C228': ken left the session.
[2020.09.17-11.36.15:642][705]LogConcert: Display: Synced activity '34' produced by endpoint '41152D5144C80D38825836BD99E8D1E1': ken joined the session.
[2020.09.17-11.36.15:642][705]LogConcert: Display: Synced activity '35' produced by endpoint '41152D5144C80D38825836BD99E8D1E1': ken locked /Game/BluePrint/GameInfoInstance.
[2020.09.17-11.36.15:643][705]LogConcert: Display: Synced activity '36' produced by endpoint '41152D5144C80D38825836BD99E8D1E1': ken locked /Game/Widget/Registry.
[2020.09.17-11.36.15:644][705]LogConcert: Display: Synced activity '37' produced by endpoint '41152D5144C80D38825836BD99E8D1E1': ken discarded changes to package /Game/Map/UEDPIE_0_Index.
[2020.09.17-11.36.15:645][705]LogConcert: Display: Synced activity '38' produced by endpoint '41152D5144C80D38825836BD99E8D1E1': ken discarded changes to package /Game/Map/UEDPIE_0_Index.
[2020.09.17-11.36.15:646][705]LogConcert: Display: Synced activity '39' produced by endpoint '41152D5144C80D38825836BD99E8D1E1': ken discarded changes to package /Game/Map/UEDPIE_0_Index.
[2020.09.17-11.36.15:646][705]LogConcert: Display: Synced activity '40' produced by endpoint '41152D5144C80D38825836BD99E8D1E1': ken discarded changes to package /Game/Map/UEDPIE_0_Index.
[2020.09.17-11.36.15:647][705]LogConcert: Display: Synced activity '41' produced by endpoint '41152D5144C80D38825836BD99E8D1E1': ken discarded changes to package /Game/Map/UEDPIE_0_Index.
[2020.09.17-11.36.15:648][705]LogConcert: Display: Synced activity '42' produced by endpoint '41152D5144C80D38825836BD99E8D1E1': ken discarded changes to package /Game/Map/UEDPIE_0_Index.
[2020.09.17-11.36.15:649][705]LogConcert: Display: Synced activity '43' produced by endpoint '41152D5144C80D38825836BD99E8D1E1': ken discarded changes to package /Game/Map/UEDPIE_0_Index.
[2020.09.17-11.36.15:650][705]LogConcert: Display: Synced activity '44' produced by endpoint '41152D5144C80D38825836BD99E8D1E1': ken discarded changes to package /Game/Map/UEDPIE_0_Index.
[2020.09.17-11.36.15:651][705]LogConcert: Display: Synced activity '45' produced by endpoint '41152D5144C80D38825836BD99E8D1E1': ken discarded changes to package /Game/Map/UEDPIE_0_Index.
[2020.09.17-11.36.15:652][705]LogConcert: Display: Synced activity '46' produced by endpoint '41152D5144C80D38825836BD99E8D1E1': ken discarded changes to package /Game/Map/UEDPIE_0_Index.
[2020.09.17-11.36.15:665][705]LogConcert: Display: Synced activity '47' produced by endpoint '41152D5144C80D38825836BD99E8D1E1': ken saved package /Game/BluePrint/GameInfoInstance.
[2020.09.17-11.36.15:666][705]LogConcert: Display: Synced activity '48' produced by endpoint '41152D5144C80D38825836BD99E8D1E1': ken unlocked /Game/BluePrint/GameInfoInstance.
[2020.09.17-11.36.15:669][705]LogConcert: Display: Synced activity '49' produced by endpoint '41152D5144C80D38825836BD99E8D1E1': ken saved package /Game/Widget/Registry.
[2020.09.17-11.36.15:669][705]LogConcert: Display: Synced activity '50' produced by endpoint '41152D5144C80D38825836BD99E8D1E1': ken unlocked /Game/Widget/Registry.
[2020.09.17-11.36.15:670][705]LogConcert: Display: Synced activity '51' produced by endpoint '2E2AAF264680CA8E9ABBDDB0486B8173': ken joined the session.
[2020.09.17-11.36.15:670][705]LogConcert: Display: Synced activity '52' produced by endpoint '2E2AAF264680CA8E9ABBDDB0486B8173': ken locked /Game/Widget/MainScreen.
[2020.09.17-11.36.15:679][706]LogConcert: Display: Synced activity '53' produced by endpoint '2E2AAF264680CA8E9ABBDDB0486B8173': ken saved package /Game/Widget/MainScreen.
[2020.09.17-11.36.15:679][706]LogConcert: Display: Synced activity '54' produced by endpoint '2E2AAF264680CA8E9ABBDDB0486B8173': ken unlocked /Game/Widget/MainScreen.
[2020.09.17-11.36.15:680][706]LogConcert: Display: Synced activity '55' produced by endpoint '2E2AAF264680CA8E9ABBDDB0486B8173': ken left the session.
[2020.09.17-11.36.15:680][706]LogConcert: Display: Synced activity '56' produced by endpoint '7151FE234D0C5EC5C1A53BB2EAF9C448': ken joined the session.
[2020.09.17-11.36.15:680][706]LogConcert: Display: Synced activity '57' produced by endpoint '7151FE234D0C5EC5C1A53BB2EAF9C448': ken left the session.
[2020.09.17-11.36.15:681][706]LogConcert: Display: Synced activity '58' produced by endpoint 'E307C3B1485C2D6CCE7ED3AD6D9D65B3': ken joined the session.
[2020.09.17-11.36.15:698][706]LightingResults: New page: Lighting Build
[2020.09.17-11.36.15:698][706]LogWorld: UWorld::CleanupWorld for Index, bSessionEnded=true, bCleanupResources=true
[2020.09.17-11.36.15:698][706]LogSlate: InvalidateAllWidgets triggered.  All widgets were invalidated
[2020.09.17-11.36.15:698][706]MapCheck: New page: Map Check
[2020.09.17-11.36.15:699][706]LightingResults: New page: Lighting Build
[2020.09.17-11.36.15:725][706]LogUObjectHash: Compacting FUObjectHashTables data took   1.98ms
[2020.09.17-11.36.15:727][706]LogAIModule: Creating AISystem for world Untitled
[2020.09.17-11.36.15:789][706]LoadErrors: New page: New Map
[2020.09.17-11.36.15:792][706]LogUObjectGlobals: Reloading 5 Package(s):
	Asset Name: /Game/Widget/MainScreen
	Asset Name: /Game/Widget/Registry
	Asset Name: /Game/Widget/ShopMenu
	Asset Name: /Game/Widget/AvatarMenu
	Asset Name: /Game/BluePrint/GameInfoInstance
[2020.09.17-11.36.15:817][706]LogUObjectHash: Compacting FUObjectHashTables data took   1.46ms
[2020.09.17-11.36.15:963][706]LogUObjectHash: Compacting FUObjectHashTables data took   2.58ms
[2020.09.17-11.36.16:105][706]LogUObjectHash: Compacting FUObjectHashTables data took   2.28ms
[2020.09.17-11.36.16:257][706]LogUObjectHash: Compacting FUObjectHashTables data took   2.33ms
[2020.09.17-11.36.16:264][706]LogAIModule: Creating AISystem for world Index
[2020.09.17-11.36.16:264][706]LogAssetEditorSubsystem: Opening Asset editor for World /Game/Map/Index.Index
[2020.09.17-11.36.16:287][706]LogUObjectHash: Compacting FUObjectHashTables data took   2.18ms
[2020.09.17-11.36.16:289][706]Cmd: MAP LOAD FILE="C:/Users/ken/Desktop/BU/FYP/FYP/Content/Map/Index.umap" TEMPLATE=0 SHOWPROGRESS=1 FEATURELEVEL=3
[2020.09.17-11.36.16:289][706]LightingResults: New page: Lighting Build
[2020.09.17-11.36.16:289][706]LoadErrors: New page: Loading map: Index.umap
[2020.09.17-11.36.16:289][706]LogWorld: UWorld::CleanupWorld for Untitled, bSessionEnded=true, bCleanupResources=true
[2020.09.17-11.36.16:289][706]LogSlate: InvalidateAllWidgets triggered.  All widgets were invalidated
[2020.09.17-11.36.16:289][706]MapCheck: New page: Map Check
[2020.09.17-11.36.16:289][706]LightingResults: New page: Lighting Build
[2020.09.17-11.36.16:313][706]LogUObjectHash: Compacting FUObjectHashTables data took   1.68ms
[2020.09.17-11.36.16:407][706]LogEditorServer: Finished looking for orphan Actors (0.000 secs)
[2020.09.17-11.36.16:433][706]LogUObjectHash: Compacting FUObjectHashTables data took   1.45ms
[2020.09.17-11.36.16:446][706]Cmd: MAP CHECKDEP NOCLEARLOG
[2020.09.17-11.36.16:447][706]MapCheck: Map check complete: 0 Error(s), 0 Warning(s), took 0.219ms to complete.
[2020.09.17-11.36.16:447][706]LogFileHelpers: Loading map 'Index' took 0.159
[2020.09.17-11.36.28:134][ 97]LogSlate: Took 0.002523 seconds to synchronously load lazily loaded font '../../../Engine/Content/Slate/Fonts/DroidSansFallback.ttf' (3848K)
[2020.09.17-11.37.27:237][169]LogBlueprintUserMessages: Early PlayInEditor Detection: Level '/Game/Map/Index.Index:PersistentLevel' has LevelScriptBlueprint '/Game/Map/Index.Index:PersistentLevel.Index' with GeneratedClass '/Game/Map/Index.Index_C' with ClassGeneratedBy '/Game/Map/Index.Index:PersistentLevel.Index'
[2020.09.17-11.37.27:237][169]LogPlayLevel: PlayLevel: No blueprints needed recompiling
[2020.09.17-11.37.27:237][169]PIE: New page: PIE session: Index (2020年9月18日 上午3:37:27)
[2020.09.17-11.37.27:238][169]LogOnline: OSS: Creating online subsystem instance for: NULL
[2020.09.17-11.37.27:239][169]LogOnline: OSS: TryLoadSubsystemAndSetDefault: Loaded subsystem for module [NULL]
[2020.09.17-11.37.27:239][169]LogPlayLevel: Creating play world package: /Game/Map/UEDPIE_0_Index
[2020.09.17-11.37.27:241][169]LogPlayLevel: PIE: StaticDuplicateObject took: (0.001033s)
[2020.09.17-11.37.27:242][169]LogAIModule: Creating AISystem for world Index
[2020.09.17-11.37.27:242][169]LogPlayLevel: PIE: World Init took: (0.001084s)
[2020.09.17-11.37.27:242][169]LogPlayLevel: PIE: Created PIE world by copying editor world from /Game/Map/Index.Index to /Game/Map/UEDPIE_0_Index.Index (0.002508s)
[2020.09.17-11.37.27:264][169]LogUObjectHash: Compacting FUObjectHashTables data took   1.59ms
[2020.09.17-11.37.27:264][169]LogAudioMixer: Display: Audio Mixer Platform Settings:
[2020.09.17-11.37.27:264][169]LogAudioMixer: Display: 	Sample Rate:						  48000
[2020.09.17-11.37.27:264][169]LogAudioMixer: Display: 	Callback Buffer Frame Size Requested: 1024
[2020.09.17-11.37.27:264][169]LogAudioMixer: Display: 	Callback Buffer Frame Size To Use:	  1024
[2020.09.17-11.37.27:264][169]LogAudioMixer: Display: 	Number of buffers to queue:			  2
[2020.09.17-11.37.27:264][169]LogAudioMixer: Display: 	Max Channels (voices):				  32
[2020.09.17-11.37.27:264][169]LogAudioMixer: Display: 	Number of Async Source Workers:		  0
[2020.09.17-11.37.27:264][169]LogAudio: Display: AudioDevice MaxSources: 32
[2020.09.17-11.37.27:265][169]LogAudio: Display: Using built-in audio occlusion.
[2020.09.17-11.37.27:265][169]LogAudioMixer: Display: Initializing audio mixer.
[2020.09.17-11.37.27:369][169]LogAudioMixer: Display: Audio Device Output Speaker Info:
[2020.09.17-11.37.27:370][169]LogAudioMixer: Display: Name: 耳麥式耳機 (Arctis 7 Chat)
[2020.09.17-11.37.27:370][169]LogAudioMixer: Display: Is Default: Yes
[2020.09.17-11.37.27:370][169]LogAudioMixer: Display: Sample Rate: 48000
[2020.09.17-11.37.27:370][169]LogAudioMixer: Display: Channel Count Used: 2
[2020.09.17-11.37.27:370][169]LogAudioMixer: Display: Device Channel Count: 1
[2020.09.17-11.37.27:370][169]LogAudioMixer: Display: Channel Order:
[2020.09.17-11.37.27:370][169]LogAudioMixer: Display: 0: FrontLeft
[2020.09.17-11.37.27:370][169]LogAudioMixer: Display: 1: FrontRight
[2020.09.17-11.37.27:387][169]LogAudioMixer: Display: Using Audio Device 耳麥式耳機 (Arctis 7 Chat)
[2020.09.17-11.37.27:389][169]LogInit: FAudioDevice initialized.
[2020.09.17-11.37.27:437][169]LogSlate: Updating window title bar state: overlay mode, drag disabled, window buttons hidden, title bar hidden
[2020.09.17-11.37.27:438][169]LogLoad: Game class is 'GameModeBase'
[2020.09.17-11.37.27:440][169]LogWorld: Bringing World /Game/Map/UEDPIE_0_Index.Index up for play (max tick rate 0) at 2020.09.17-19.37.27
[2020.09.17-11.37.27:440][169]LogWorld: Bringing up level for play took: 0.000489
[2020.09.17-11.37.27:440][169]LogOnline: OSS: Creating online subsystem instance for: :Context_1
[2020.09.17-11.37.27:445][169]LogContentBrowser: Native class hierarchy updated for 'MovieSceneCapture' in 0.0007 seconds. Added 20 classes and 0 folders.
[2020.09.17-11.37.27:450][169]PIE: Play in editor start time for /Game/Map/UEDPIE_0_Index -0.393
[2020.09.17-11.37.27:450][169]LogBlueprintUserMessages: Late PlayInEditor Detection: Level '/Game/Map/Index.Index:PersistentLevel' has LevelScriptBlueprint '/Game/Map/Index.Index:PersistentLevel.Index' with GeneratedClass '/Game/Map/Index.Index_C' with ClassGeneratedBy '/Game/Map/Index.Index:PersistentLevel.Index'
[2020.09.17-11.37.27:508][170]LogRenderer: Reallocating scene render targets to support 1280x720 Format 10 NumSamples 1 (Frame:1).
[2020.09.17-11.37.37:439][352]LogSlate: Window 'FYP Game Preview Standalone (64-bit/PCD3D_SM5)' being destroyed
[2020.09.17-11.37.37:446][352]LogBlueprintUserMessages: Early EndPlayMap Detection: Level '/Game/Map/Index.Index:PersistentLevel' has LevelScriptBlueprint '/Game/Map/Index.Index:PersistentLevel.Index' with GeneratedClass '/Game/Map/Index.Index_C' with ClassGeneratedBy '/Game/Map/Index.Index:PersistentLevel.Index'
[2020.09.17-11.37.37:446][352]LogWorld: BeginTearingDown for /Game/Map/UEDPIE_0_Index
[2020.09.17-11.37.37:446][352]LogAudioMixer: Display: No commands were queued while flushing the source manager.
[2020.09.17-11.37.37:446][352]LogWorld: UWorld::CleanupWorld for Index, bSessionEnded=true, bCleanupResources=true
[2020.09.17-11.37.37:446][352]LogSlate: InvalidateAllWidgets triggered.  All widgets were invalidated
[2020.09.17-11.37.37:452][352]LogPlayLevel: Display: Shutting down PIE online subsystems
[2020.09.17-11.37.37:453][352]LogBlueprintUserMessages: Late EndPlayMap Detection: Level '/Game/Map/Index.Index:PersistentLevel' has LevelScriptBlueprint '/Game/Map/Index.Index:PersistentLevel.Index' with GeneratedClass '/Game/Map/Index.Index_C' with ClassGeneratedBy '/Game/Map/Index.Index:PersistentLevel.Index'
[2020.09.17-11.37.37:456][352]LogSlate: InvalidateAllWidgets triggered.  All widgets were invalidated
[2020.09.17-11.37.37:480][352]LogAudioMixer: Display: No commands were queued while flushing the source manager.
[2020.09.17-11.37.37:488][352]LogUObjectHash: Compacting FUObjectHashTables data took   2.18ms
[2020.09.17-11.37.37:501][353]LogConcert: Display: Synced activity '59' produced by endpoint 'E307C3B1485C2D6CCE7ED3AD6D9D65B3': ken discarded changes to package /Game/Map/UEDPIE_0_Index.
[2020.09.17-11.37.37:536][356]LogPlayLevel: Display: Destroying online subsystem :Context_1
[2020.09.17-11.37.57:516][677]LogSlate: Window 'Message' being destroyed
[2020.09.17-11.37.58:330][677]LogSlate: Window 'Persist & Submit Files' being destroyed
[2020.09.17-11.37.58:341][677]LogConcert: [Pending] Persisting Session Changes
[2020.09.17-11.37.58:349][677]LogConcert: [Pending] Persisting Session Changes - See Message Log
[2020.09.17-11.37.58:349][677]LogConcert: [Success] Successfully Persisted Session Changes - Succesfully persisted session files
[2020.09.17-11.37.58:356][677]LogConcert: Display: Disconnected from Concert session 'ken' (Id: 1894DB3E4C89A3AA829D129D65FB04C6, Owner: ken).
[2020.09.17-11.37.58:356][677]SourceControl: Source control is disabled
[2020.09.17-11.37.58:363][677]LogDirectoryWatcher: A directory notification for 'C:/Users/ken/Desktop/BU/FYP/FYP/Intermediate/Concert/MultiUser/C20B5B974CA9657394D40F9F370C203B/1894DB3E4C89A3AA829D129D65FB04C6/Sandbox/Engine/' was aborted.
[2020.09.17-11.37.58:363][677]LogDirectoryWatcher: A directory notification for 'C:/Users/ken/Desktop/BU/FYP/FYP/Intermediate/Concert/MultiUser/C20B5B974CA9657394D40F9F370C203B/1894DB3E4C89A3AA829D129D65FB04C6/Sandbox/FYP/' was aborted.
[2020.09.17-11.37.58:363][677]LogDirectoryWatcher: A directory notification for 'C:/Users/ken/Desktop/BU/FYP/FYP/Intermediate/Concert/MultiUser/C20B5B974CA9657394D40F9F370C203B/1894DB3E4C89A3AA829D129D65FB04C6/Sandbox/Paper2D/' was aborted.
[2020.09.17-11.37.58:363][677]LogDirectoryWatcher: A directory notification for 'C:/Users/ken/Desktop/BU/FYP/FYP/Intermediate/Concert/MultiUser/C20B5B974CA9657394D40F9F370C203B/1894DB3E4C89A3AA829D129D65FB04C6/Sandbox/AnimationSharing/' was aborted.
[2020.09.17-11.37.58:363][677]LogDirectoryWatcher: A directory notification for 'C:/Users/ken/Desktop/BU/FYP/FYP/Intermediate/Concert/MultiUser/C20B5B974CA9657394D40F9F370C203B/1894DB3E4C89A3AA829D129D65FB04C6/Sandbox/ConcertSyncClient/' was aborted.
[2020.09.17-11.37.58:363][677]LogDirectoryWatcher: A directory notification for 'C:/Users/ken/Desktop/BU/FYP/FYP/Intermediate/Concert/MultiUser/C20B5B974CA9657394D40F9F370C203B/1894DB3E4C89A3AA829D129D65FB04C6/Sandbox/DatasmithContent/' was aborted.
[2020.09.17-11.37.58:364][677]LogDirectoryWatcher: A directory notification for 'C:/Users/ken/Desktop/BU/FYP/FYP/Intermediate/Concert/MultiUser/C20B5B974CA9657394D40F9F370C203B/1894DB3E4C89A3AA829D129D65FB04C6/Sandbox/MagicLeap/' was aborted.
[2020.09.17-11.37.58:364][677]LogDirectoryWatcher: A directory notification for 'C:/Users/ken/Desktop/BU/FYP/FYP/Intermediate/Concert/MultiUser/C20B5B974CA9657394D40F9F370C203B/1894DB3E4C89A3AA829D129D65FB04C6/Sandbox/MediaCompositing/' was aborted.
[2020.09.17-11.37.58:364][677]LogDirectoryWatcher: A directory notification for 'C:/Users/ken/Desktop/BU/FYP/FYP/Intermediate/Concert/MultiUser/C20B5B974CA9657394D40F9F370C203B/1894DB3E4C89A3AA829D129D65FB04C6/Sandbox/OculusVR/' was aborted.
[2020.09.17-11.37.58:364][677]LogDirectoryWatcher: A directory notification for 'C:/Users/ken/Desktop/BU/FYP/FYP/Intermediate/Concert/MultiUser/C20B5B974CA9657394D40F9F370C203B/1894DB3E4C89A3AA829D129D65FB04C6/Sandbox/PostSplashScreen/' was aborted.
[2020.09.17-11.37.58:364][677]LogDirectoryWatcher: A directory notification for 'C:/Users/ken/Desktop/BU/FYP/FYP/Intermediate/Concert/MultiUser/C20B5B974CA9657394D40F9F370C203B/1894DB3E4C89A3AA829D129D65FB04C6/Sandbox/SteamVR/' was aborted.
[2020.09.17-11.37.58:367][677]LightingResults: New page: Lighting Build
[2020.09.17-11.37.58:367][677]LogWorld: UWorld::CleanupWorld for Index, bSessionEnded=true, bCleanupResources=true
[2020.09.17-11.37.58:368][677]LogSlate: InvalidateAllWidgets triggered.  All widgets were invalidated
[2020.09.17-11.37.58:368][677]MapCheck: New page: Map Check
[2020.09.17-11.37.58:368][677]LightingResults: New page: Lighting Build
[2020.09.17-11.37.58:394][677]LogUObjectHash: Compacting FUObjectHashTables data took   1.63ms
[2020.09.17-11.37.58:396][677]LogAIModule: Creating AISystem for world Untitled
[2020.09.17-11.37.58:494][677]LoadErrors: New page: New Map
[2020.09.17-11.37.58:497][677]LogUObjectGlobals: Reloading 5 Package(s):
	Asset Name: /Game/Widget/AvatarMenu
	Asset Name: /Game/Widget/MainScreen
	Asset Name: /Game/Widget/Registry
	Asset Name: /Game/Widget/ShopMenu
	Asset Name: /Game/BluePrint/GameInfoInstance
[2020.09.17-11.37.58:642][677]LogUObjectHash: Compacting FUObjectHashTables data took   1.55ms
[2020.09.17-11.37.58:785][677]LogUObjectHash: Compacting FUObjectHashTables data took   2.32ms
[2020.09.17-11.37.58:956][677]LogUObjectHash: Compacting FUObjectHashTables data took   2.19ms
[2020.09.17-11.37.59:132][677]LogUObjectHash: Compacting FUObjectHashTables data took   2.30ms
[2020.09.17-11.37.59:145][677]LogAIModule: Creating AISystem for world Index
[2020.09.17-11.37.59:172][677]LogAssetEditorSubsystem: Opening Asset editor for World /Game/Map/Index.Index
[2020.09.17-11.37.59:197][677]LogUObjectHash: Compacting FUObjectHashTables data took   2.04ms
[2020.09.17-11.37.59:199][677]Cmd: MAP LOAD FILE="C:/Users/ken/Desktop/BU/FYP/FYP/Content/Map/Index.umap" TEMPLATE=0 SHOWPROGRESS=1 FEATURELEVEL=3
[2020.09.17-11.37.59:199][677]LightingResults: New page: Lighting Build
[2020.09.17-11.37.59:199][677]LoadErrors: New page: Loading map: Index.umap
[2020.09.17-11.37.59:199][677]LogWorld: UWorld::CleanupWorld for Untitled, bSessionEnded=true, bCleanupResources=true
[2020.09.17-11.37.59:199][677]LogSlate: InvalidateAllWidgets triggered.  All widgets were invalidated
[2020.09.17-11.37.59:199][677]MapCheck: New page: Map Check
[2020.09.17-11.37.59:199][677]LightingResults: New page: Lighting Build
[2020.09.17-11.37.59:223][677]LogUObjectHash: Compacting FUObjectHashTables data took   1.80ms
[2020.09.17-11.37.59:362][677]LogEditorServer: Finished looking for orphan Actors (0.000 secs)
[2020.09.17-11.37.59:386][677]LogUObjectHash: Compacting FUObjectHashTables data took   1.44ms
[2020.09.17-11.37.59:399][677]Cmd: MAP CHECKDEP NOCLEARLOG
[2020.09.17-11.37.59:400][677]MapCheck: Map check complete: 0 Error(s), 0 Warning(s), took 0.189ms to complete.
[2020.09.17-11.37.59:400][677]LogFileHelpers: Loading map 'Index' took 0.202
[2020.09.17-11.37.59:422][677]LogConcert: Display: Shutdown Concert session 'ken' (Id: 1894DB3E4C89A3AA829D129D65FB04C6, Owner: ken).
[2020.09.17-11.38.00:355][677]LogConcert: Display: ken (E307C3B1485C2D6CCE7ED3AD6D9D65B3): Remote endpoint '3E0F1CAE4AA730AC57C70BBD8FB0E60B' timed-out.
[2020.09.17-11.38.00:390][679]LogConcert: Display: Server DESKTOP-KENGOR lost.
[2020.09.17-11.38.45:760][706]LogConcert: Display: Admin (0A6FA5044F5ACFCA41C802A0374A8456): Remote endpoint 'E1C3152F485474D6FB9A51B5C80CBBB6' timed-out.
[2020.09.17-11.38.45:760][706]LogConcert: Warning: Admin (0A6FA5044F5ACFCA41C802A0374A8456): Message 'CFADF54847F3EDF69D7ADCB30EAB7CFC' (ConcertAdmin_GetLiveSessionsRequest) timed-out sending to 'E1C3152F485474D6FB9A51B5C80CBBB6'.
[2020.09.17-11.38.45:760][706]LogConcert: Warning: Admin (0A6FA5044F5ACFCA41C802A0374A8456): Message '914A65064B96D430E6E950B217AFB673' (ConcertAdmin_GetArchivedSessionsRequest) timed-out sending to 'E1C3152F485474D6FB9A51B5C80CBBB6'.
[2020.09.17-11.38.45:760][706]LogConcert: Warning: Admin (0A6FA5044F5ACFCA41C802A0374A8456): Message '4149E42C4EDA2C42C96079947737275A' (ConcertAdmin_GetSessionClientsRequest) timed-out sending to 'E1C3152F485474D6FB9A51B5C80CBBB6'.
[2020.09.17-11.38.45:760][706]LogConcert: Warning: Admin (0A6FA5044F5ACFCA41C802A0374A8456): Message '20BE913D43629B51EFDF859D6852B2DB' (ConcertAdmin_GetLiveSessionsRequest) timed-out sending to 'E1C3152F485474D6FB9A51B5C80CBBB6'.
[2020.09.17-11.38.45:760][706]LogConcert: Warning: Admin (0A6FA5044F5ACFCA41C802A0374A8456): Message '3182E7A3498876127EAD3987F1D5921F' (ConcertAdmin_GetArchivedSessionsRequest) timed-out sending to 'E1C3152F485474D6FB9A51B5C80CBBB6'.
[2020.09.17-11.39.35:344][857]LogUdpMessaging: Warning: UDP messaging encountered an error. Auto repair routine started for reinitialization
[2020.09.17-11.39.37:146][863]FUdpSocketBuilder: Failed to bind UdpMessageUnicastSocket to 172.25.31.213:0
[2020.09.17-11.39.37:146][863]FUdpSocketBuilder: Failed to configure multicast for UdpMessageUnicastSocket (loopback: 1, ttl: 1)
[2020.09.17-11.39.37:146][863]FUdpSocketBuilder: Failed to create and initialize socket UdpMessageUnicastSocket (last error: 0)
[2020.09.17-11.39.37:146][863]LogUdpMessaging: Error: StartTransport failed to create unicast socket on 172.25.31.213:0
[2020.09.17-11.39.39:026][869]FUdpSocketBuilder: Failed to bind UdpMessageUnicastSocket to 172.25.31.213:0
[2020.09.17-11.39.39:026][869]FUdpSocketBuilder: Failed to configure multicast for UdpMessageUnicastSocket (loopback: 1, ttl: 1)
[2020.09.17-11.39.39:026][869]FUdpSocketBuilder: Failed to create and initialize socket UdpMessageUnicastSocket (last error: 0)
[2020.09.17-11.39.39:026][869]LogUdpMessaging: Error: StartTransport failed to create unicast socket on 172.25.31.213:0
[2020.09.17-11.39.42:046][878]FUdpSocketBuilder: Failed to bind UdpMessageUnicastSocket to 172.25.31.213:0
[2020.09.17-11.39.42:046][878]FUdpSocketBuilder: Failed to configure multicast for UdpMessageUnicastSocket (loopback: 1, ttl: 1)
[2020.09.17-11.39.42:046][878]FUdpSocketBuilder: Failed to create and initialize socket UdpMessageUnicastSocket (last error: 0)
[2020.09.17-11.39.42:046][878]LogUdpMessaging: Error: StartTransport failed to create unicast socket on 172.25.31.213:0
