Log file open, 09/20/20 06:58:18
LogWindows: Failed to load 'aqProf.dll' (GetLastError=126)
LogWindows: File 'aqProf.dll' does not exist
LogWindows: Failed to load 'VtuneApi.dll' (GetLastError=126)
LogWindows: File 'VtuneApi.dll' does not exist
LogWindows: Failed to load 'VtuneApi32e.dll' (GetLastError=126)
LogWindows: File 'VtuneApi32e.dll' does not exist
LogConsoleResponse: Display: Failed to find resolution value strings in scalability ini. Falling back to default.
LogInit: Display: Running engine for game: FYP
LogPlatformFile: Not using cached read wrapper
LogTaskGraph: Started task graph with 5 named threads and 23 total threads with 3 sets of task threads.
LogStats: Stats thread started at 0.103009
LogD3D11RHI: Loaded GFSDK_Aftermath_Lib.x64.dll
LogICUInternationalization: ICU TimeZone Detection - Raw Offset: +8:00, Platform Override: ''
LogPluginManager: Mounting plugin Paper2D
LogPluginManager: Mounting plugin AISupport
LogPluginManager: Mounting plugin LightPropagationVolume
LogPluginManager: Mounting plugin ActorLayerUtilities
LogPluginManager: Mounting plugin AnimationSharing
LogPluginManager: Mounting plugin CLionSourceCodeAccess
LogPluginManager: Mounting plugin CodeLiteSourceCodeAccess
LogPluginManager: Mounting plugin ConcertMain
LogPluginManager: Mounting plugin ConcertSyncClient
LogPluginManager: Mounting plugin ConcertSyncCore
LogPluginManager: Mounting plugin MultiUserClient
LogPluginManager: Mounting plugin GitSourceControl
LogPluginManager: Mounting plugin KDevelopSourceCodeAccess
LogPluginManager: Mounting plugin NullSourceCodeAccess
LogPluginManager: Mounting plugin PerforceSourceControl
LogPluginManager: Mounting plugin PlasticSourceControl
LogPluginManager: Mounting plugin SubversionSourceControl
LogPluginManager: Mounting plugin UObjectPlugin
LogPluginManager: Mounting plugin VisualStudioCodeSourceCodeAccess
LogPluginManager: Mounting plugin VisualStudioSourceCodeAccess
LogPluginManager: Mounting plugin XCodeSourceCodeAccess
LogPluginManager: Mounting plugin AssetManagerEditor
LogPluginManager: Mounting plugin CryptoKeys
LogPluginManager: Mounting plugin CurveEditorTools
LogPluginManager: Mounting plugin DataValidation
LogPluginManager: Mounting plugin FacialAnimation
LogPluginManager: Mounting plugin GameplayTagsEditor
LogPluginManager: Mounting plugin MacGraphicsSwitching
LogPluginManager: Mounting plugin MaterialAnalyzer
LogPluginManager: Mounting plugin MobileLauncherProfileWizard
LogPluginManager: Mounting plugin PluginBrowser
LogPluginManager: Mounting plugin SpeedTreeImporter
LogPluginManager: Mounting plugin DatasmithContent
LogPluginManager: Mounting plugin VariantManagerContent
LogPluginManager: Mounting plugin AlembicImporter
LogPluginManager: Mounting plugin AutomationUtils
LogPluginManager: Mounting plugin BackChannel
LogPluginManager: Mounting plugin CharacterAI
LogPluginManager: Mounting plugin GeometryCache
LogPluginManager: Mounting plugin PlatformCrypto
LogPluginManager: Mounting plugin ProxyLODPlugin
LogPluginManager: Mounting plugin SkeletalReduction
LogPluginManager: Mounting plugin MagicLeap
LogPluginManager: Mounting plugin MagicLeapMedia
LogPluginManager: Mounting plugin MLSDK
LogPluginManager: Mounting plugin AndroidMedia
LogPluginManager: Mounting plugin AvfMedia
LogPluginManager: Mounting plugin ImgMedia
LogPluginManager: Mounting plugin MediaCompositing
LogPluginManager: Mounting plugin MediaPlayerEditor
LogPluginManager: Mounting plugin WebMMedia
LogPluginManager: Mounting plugin WmfMedia
LogPluginManager: Mounting plugin TcpMessaging
LogPluginManager: Mounting plugin UdpMessaging
LogPluginManager: Mounting plugin ActorSequence
LogPluginManager: Mounting plugin LevelSequenceEditor
LogPluginManager: Mounting plugin MatineeToLevelSequence
LogPluginManager: Mounting plugin NetcodeUnitTest
LogPluginManager: Mounting plugin NUTUnrealEngine4
LogPluginManager: Mounting plugin OnlineSubsystemGooglePlay
LogPluginManager: Mounting plugin OnlineSubsystemIOS
LogPluginManager: Mounting plugin OnlineSubsystem
LogPluginManager: Mounting plugin OnlineSubsystemNull
LogPluginManager: Mounting plugin OnlineSubsystemUtils
LogPluginManager: Mounting plugin LauncherChunkInstaller
LogPluginManager: Mounting plugin AndroidDeviceProfileSelector
LogPluginManager: Mounting plugin AndroidMoviePlayer
LogPluginManager: Mounting plugin AndroidPermission
LogPluginManager: Mounting plugin AppleImageUtils
LogPluginManager: Mounting plugin AppleMoviePlayer
LogPluginManager: Mounting plugin ArchVisCharacter
LogPluginManager: Mounting plugin AssetTags
LogPluginManager: Mounting plugin AudioCapture
LogPluginManager: Mounting plugin CableComponent
LogPluginManager: Mounting plugin CustomMeshComponent
LogPluginManager: Mounting plugin SQLiteCore
LogPluginManager: Mounting plugin EditableMesh
LogPluginManager: Mounting plugin ExampleDeviceProfileSelector
LogPluginManager: Mounting plugin GoogleCloudMessaging
LogPluginManager: Mounting plugin IOSDeviceProfileSelector
LogPluginManager: Mounting plugin LinuxDeviceProfileSelector
LogPluginManager: Mounting plugin LocationServicesBPLibrary
LogPluginManager: Mounting plugin MobilePatchingUtils
LogPluginManager: Mounting plugin OculusVR
LogPluginManager: Mounting plugin PhysXVehicles
LogPluginManager: Mounting plugin PostSplashScreen
LogPluginManager: Mounting plugin ProceduralMeshComponent
LogPluginManager: Mounting plugin RuntimePhysXCooking
LogPluginManager: Mounting plugin SignificanceManager
LogPluginManager: Mounting plugin SteamVR
LogPluginManager: Mounting plugin WebMMoviePlayer
LogPluginManager: Mounting plugin WindowsMoviePlayer
LogPluginManager: Mounting plugin ScreenshotTools
LogInit: Using libcurl 7.55.1-DEV
LogInit:  - built for x86_64-pc-win32
LogInit:  - supports SSL with OpenSSL/1.1.1
LogInit:  - supports HTTP deflate (compression) using libz 1.2.8
LogInit:  - other features:
LogInit:      CURL_VERSION_SSL
LogInit:      CURL_VERSION_LIBZ
LogInit:      CURL_VERSION_IPV6
LogInit:      CURL_VERSION_ASYNCHDNS
LogInit:      CURL_VERSION_LARGEFILE
LogInit:      CURL_VERSION_IDN
LogInit:  CurlRequestOptions (configurable via config and command line):
LogInit:  - bVerifyPeer = true  - Libcurl will verify peer certificate
LogInit:  - bUseHttpProxy = false  - Libcurl will NOT use HTTP proxy
LogInit:  - bDontReuseConnections = false  - Libcurl will reuse connections
LogInit:  - MaxHostConnections = 16  - Libcurl will limit the number of connections to a host
LogInit:  - LocalHostAddr = Default
LogInit:  - BufferSize = 65536
LogOnline: OSS: Creating online subsystem instance for: NULL
LogInit: WinSock: version 1.1 (2.2), MaxSocks=32767, MaxUdp=65467
LogOnline: OSS: TryLoadSubsystemAndSetDefault: Loaded subsystem for module [NULL]
LogInit: Build: ++UE4+Release-4.24-CL-11590370
LogInit: Engine Version: 4.24.3-11590370+++UE4+Release-4.24
LogInit: Compatible Engine Version: 4.24.0-10570792+++UE4+Release-4.24
LogInit: Net CL: 10570792
LogInit: OS: Windows 10 (Release 2004) (), CPU: Intel(R) Core(TM) i7-4770 CPU @ 3.40GHz, GPU: NVIDIA GeForce GTX 1060 6GB
LogInit: Compiled (64-bit): Feb 24 2020 15:39:18
LogInit: Compiled with Visual C++: 19.16.27032.01
LogInit: Build Configuration: Development
LogInit: Branch Name: ++UE4+Release-4.24
LogInit: Command Line:  /Game/Map/Index -game -PIEVIACONSOLE -ResX=1280 -ResY=720 -Multiprocess -messaging -SessionName="Play in Standalone Game" -featureleveles31 -faketouches -MultiprocessSaveConfig -windowed
LogInit: Base Directory: D:/Program Files/UE_4.24/Engine/Binaries/Win64/
LogInit: Installed Engine Build: 1
LogDevObjectVersion: Number of dev versions registered: 25
LogDevObjectVersion:   Dev-Blueprints (B0D832E4-1F89-4F0D-ACCF-7EB736FD4AA2): 10
LogDevObjectVersion:   Dev-Build (E1C64328-A22C-4D53-A36C-8E866417BD8C): 0
LogDevObjectVersion:   Dev-Core (375EC13C-06E4-48FB-B500-84F0262A717E): 3
LogDevObjectVersion:   Dev-Editor (E4B068ED-F494-42E9-A231-DA0B2E46BB41): 37
LogDevObjectVersion:   Dev-Framework (CFFC743F-43B0-4480-9391-14DF171D2073): 36
LogDevObjectVersion:   Dev-Mobile (B02B49B5-BB20-44E9-A304-32B752E40360): 2
LogDevObjectVersion:   Dev-Networking (A4E4105C-59A1-49B5-A7C5-40C4547EDFEE): 0
LogDevObjectVersion:   Dev-Online (39C831C9-5AE6-47DC-9A44-9C173E1C8E7C): 0
LogDevObjectVersion:   Dev-Physics (78F01B33-EBEA-4F98-B9B4-84EACCB95AA2): 2
LogDevObjectVersion:   Dev-Platform (6631380F-2D4D-43E0-8009-CF276956A95A): 0
LogDevObjectVersion:   Dev-Rendering (12F88B9F-8875-4AFC-A67C-D90C383ABD29): 36
LogDevObjectVersion:   Dev-Sequencer (7B5AE74C-D270-4C10-A958-57980B212A5A): 11
LogDevObjectVersion:   Dev-VR (D7296918-1DD6-4BDD-9DE2-64A83CC13884): 2
LogDevObjectVersion:   Dev-LoadTimes (C2A15278-BFE7-4AFE-6C17-90FF531DF755): 1
LogDevObjectVersion:   Private-Geometry (6EACA3D4-40EC-4CC1-B786-8BED09428FC5): 3
LogDevObjectVersion:   Dev-AnimPhys (29E575DD-E0A3-4627-9D10-D276232CDCEA): 17
LogDevObjectVersion:   Dev-Anim (AF43A65D-7FD3-4947-9873-3E8ED9C1BB05): 2
LogDevObjectVersion:   Dev-ReflectionCapture (6B266CEC-1EC7-4B8F-A30B-E4D90942FC07): 1
LogDevObjectVersion:   Dev-Automation (0DF73D61-A23F-47EA-B727-89E90C41499A): 1
LogDevObjectVersion:   FortniteMain (601D1886-AC64-4F84-AA16-D3DE0DEAC7D6): 31
LogDevObjectVersion:   Dev-Enterprise (9DFFBCD6-494F-0158-E221-12823C92A888): 8
LogDevObjectVersion:   Dev-Niagara (F2AED0AC-9AFE-416F-8664-AA7FFA26D6FC): 1
LogDevObjectVersion:   Dev-Destruction (174F1F0B-B4C6-45A5-B13F-2EE8D0FB917D): 9
LogDevObjectVersion:   Dev-Physics-Ext (35F94A83-E258-406C-A318-09F59610247C): 8
LogDevObjectVersion:   Dev-CineCamera (B2E18506-4273-CFC2-A54E-F4BB758BBA07): 1
LogInit: Presizing for max 25165824 objects, including 0 objects not considered by GC, pre-allocating 0 bytes for permanent pool.
LogInit: Object subsystem initialized
LogConfig: Setting CVar [[con.DebugEarlyDefault:1]]
LogConfig: Setting CVar [[r.setres:1280x720]]
[2020.09.19-22.58.18:583][  0]LogConfig: Setting CVar [[con.DebugEarlyDefault:1]]
[2020.09.19-22.58.18:583][  0]LogConfig: Setting CVar [[r.setres:1280x720]]
[2020.09.19-22.58.18:583][  0]LogConfig: Applying CVar settings from Section [/Script/Engine.RendererSettings] File [C:/Users/ken/Desktop/BU/FYP/FYP/Saved/Config/Windows/Engine.ini]
[2020.09.19-22.58.18:583][  0]LogConfig: Setting CVar [[r.GPUCrashDebugging:0]]
[2020.09.19-22.58.18:583][  0]LogConfig: Setting CVar [[r.MobileHDR:1]]
[2020.09.19-22.58.18:583][  0]LogConfig: Setting CVar [[r.Mobile.DisableVertexFog:1]]
[2020.09.19-22.58.18:583][  0]LogConfig: Setting CVar [[r.Shadow.CSM.MaxMobileCascades:2]]
[2020.09.19-22.58.18:583][  0]LogConfig: Setting CVar [[r.MobileMSAA:1]]
[2020.09.19-22.58.18:583][  0]LogConfig: Setting CVar [[r.Mobile.UseLegacyShadingModel:0]]
[2020.09.19-22.58.18:583][  0]LogConfig: Setting CVar [[r.Mobile.UseHWsRGBEncoding:0]]
[2020.09.19-22.58.18:583][  0]LogConfig: Setting CVar [[r.Mobile.AllowDitheredLODTransition:0]]
[2020.09.19-22.58.18:583][  0]LogConfig: Setting CVar [[r.Mobile.AllowSoftwareOcclusion:0]]
[2020.09.19-22.58.18:583][  0]LogConfig: Setting CVar [[r.DiscardUnusedQuality:0]]
[2020.09.19-22.58.18:583][  0]LogConfig: Setting CVar [[r.AllowOcclusionQueries:1]]
[2020.09.19-22.58.18:583][  0]LogConfig: Setting CVar [[r.MinScreenRadiusForLights:0.030000]]
[2020.09.19-22.58.18:583][  0]LogConfig: Setting CVar [[r.MinScreenRadiusForDepthPrepass:0.030000]]
[2020.09.19-22.58.18:583][  0]LogConfig: Setting CVar [[r.MinScreenRadiusForCSMDepth:0.010000]]
[2020.09.19-22.58.18:583][  0]LogConfig: Setting CVar [[r.PrecomputedVisibilityWarning:0]]
[2020.09.19-22.58.18:583][  0]LogConfig: Setting CVar [[r.TextureStreaming:1]]
[2020.09.19-22.58.18:583][  0]LogConfig: Setting CVar [[Compat.UseDXT5NormalMaps:0]]
[2020.09.19-22.58.18:583][  0]LogConfig: Setting CVar [[r.VirtualTextures:0]]
[2020.09.19-22.58.18:583][  0]LogConfig: Setting CVar [[r.VirtualTexturedLightmaps:0]]
[2020.09.19-22.58.18:583][  0]LogConfig: Setting CVar [[r.VT.TileSize:128]]
[2020.09.19-22.58.18:583][  0]LogConfig: Setting CVar [[r.VT.TileBorderSize:4]]
[2020.09.19-22.58.18:583][  0]LogConfig: Setting CVar [[r.vt.FeedbackFactor:16]]
[2020.09.19-22.58.18:583][  0]LogConfig: Setting CVar [[r.VT.EnableCompressZlib:1]]
[2020.09.19-22.58.18:583][  0]LogConfig: Setting CVar [[r.VT.EnableCompressCrunch:0]]
[2020.09.19-22.58.18:583][  0]LogConfig: Setting CVar [[r.ClearCoatNormal:0]]
[2020.09.19-22.58.18:583][  0]LogConfig: Setting CVar [[r.ReflectionCaptureResolution:128]]
[2020.09.19-22.58.18:583][  0]LogConfig: Setting CVar [[r.ReflectionEnvironmentLightmapMixBasedOnRoughness:1]]
[2020.09.19-22.58.18:583][  0]LogConfig: Setting CVar [[r.ForwardShading:0]]
[2020.09.19-22.58.18:583][  0]LogConfig: Setting CVar [[r.VertexFoggingForOpaque:1]]
[2020.09.19-22.58.18:583][  0]LogConfig: Setting CVar [[r.AllowStaticLighting:1]]
[2020.09.19-22.58.18:584][  0]LogConfig: Setting CVar [[r.NormalMapsForStaticLighting:0]]
[2020.09.19-22.58.18:584][  0]LogConfig: Setting CVar [[r.GenerateMeshDistanceFields:0]]
[2020.09.19-22.58.18:584][  0]LogConfig: Setting CVar [[r.DistanceFieldBuild.EightBit:0]]
[2020.09.19-22.58.18:584][  0]LogConfig: Setting CVar [[r.GenerateLandscapeGIData:0]]
[2020.09.19-22.58.18:584][  0]LogConfig: Setting CVar [[r.DistanceFieldBuild.Compress:0]]
[2020.09.19-22.58.18:584][  0]LogConfig: Setting CVar [[r.TessellationAdaptivePixelsPerTriangle:48.000000]]
[2020.09.19-22.58.18:584][  0]LogConfig: Setting CVar [[r.SeparateTranslucency:0]]
[2020.09.19-22.58.18:584][  0]LogConfig: Setting CVar [[r.TranslucentSortPolicy:0]]
[2020.09.19-22.58.18:584][  0]LogConfig: Setting CVar [[r.CustomDepth:1]]
[2020.09.19-22.58.18:584][  0]LogConfig: Setting CVar [[r.CustomDepthTemporalAAJitter:1]]
[2020.09.19-22.58.18:584][  0]LogConfig: Setting CVar [[r.PostProcessing.PropagateAlpha:0]]
[2020.09.19-22.58.18:584][  0]LogConfig: Setting CVar [[r.DefaultFeature.Bloom:1]]
[2020.09.19-22.58.18:584][  0]LogConfig: Setting CVar [[r.DefaultFeature.AmbientOcclusion:0]]
[2020.09.19-22.58.18:584][  0]LogConfig: Setting CVar [[r.DefaultFeature.AmbientOcclusionStaticFraction:1]]
[2020.09.19-22.58.18:584][  0]LogConfig: Setting CVar [[r.DefaultFeature.AutoExposure:0]]
[2020.09.19-22.58.18:584][  0]LogConfig: Setting CVar [[r.DefaultFeature.AutoExposure.Method:0]]
[2020.09.19-22.58.18:584][  0]LogConfig: Setting CVar [[r.DefaultFeature.AutoExposure.ExtendDefaultLuminanceRange:0]]
[2020.09.19-22.58.18:584][  0]LogConfig: Setting CVar [[r.UsePreExposure:1]]
[2020.09.19-22.58.18:584][  0]LogConfig: Setting CVar [[r.EyeAdaptation.EditorOnly:1]]
[2020.09.19-22.58.18:584][  0]LogConfig: Setting CVar [[r.DefaultFeature.MotionBlur:0]]
[2020.09.19-22.58.18:584][  0]LogConfig: Setting CVar [[r.DefaultFeature.LensFlare:0]]
[2020.09.19-22.58.18:584][  0]LogConfig: Setting CVar [[r.TemporalAA.Upsampling:0]]
[2020.09.19-22.58.18:584][  0]LogConfig: Setting CVar [[r.SSGI.Enable:0]]
[2020.09.19-22.58.18:584][  0]LogConfig: Setting CVar [[r.DefaultFeature.AntiAliasing:0]]
[2020.09.19-22.58.18:584][  0]LogConfig: Setting CVar [[r.DefaultFeature.LightUnits:1]]
[2020.09.19-22.58.18:584][  0]LogConfig: Setting CVar [[r.DefaultBackBufferPixelFormat:4]]
[2020.09.19-22.58.18:584][  0]LogConfig: Setting CVar [[r.Shadow.UnbuiltPreviewInGame:1]]
[2020.09.19-22.58.18:584][  0]LogConfig: Setting CVar [[r.StencilForLODDither:0]]
[2020.09.19-22.58.18:584][  0]LogConfig: Setting CVar [[r.EarlyZPass:3]]
[2020.09.19-22.58.18:584][  0]LogConfig: Setting CVar [[r.EarlyZPassOnlyMaterialMasking:0]]
[2020.09.19-22.58.18:584][  0]LogConfig: Setting CVar [[r.DBuffer:1]]
[2020.09.19-22.58.18:584][  0]LogConfig: Setting CVar [[r.ClearSceneMethod:1]]
[2020.09.19-22.58.18:584][  0]LogConfig: Setting CVar [[r.BasePassOutputsVelocity:0]]
[2020.09.19-22.58.18:584][  0]LogConfig: Setting CVar [[r.SelectiveBasePassOutputs:0]]
[2020.09.19-22.58.18:584][  0]LogConfig: Setting CVar [[fx.GPUSimulationTextureSizeX:1024]]
[2020.09.19-22.58.18:584][  0]LogConfig: Setting CVar [[fx.GPUSimulationTextureSizeY:1024]]
[2020.09.19-22.58.18:584][  0]LogConfig: Setting CVar [[r.AllowGlobalClipPlane:0]]
[2020.09.19-22.58.18:584][  0]LogConfig: Setting CVar [[r.GBufferFormat:1]]
[2020.09.19-22.58.18:584][  0]LogConfig: Setting CVar [[r.MorphTarget.Mode:1]]
[2020.09.19-22.58.18:584][  0]LogConfig: Setting CVar [[vr.InstancedStereo:0]]
[2020.09.19-22.58.18:584][  0]LogConfig: Setting CVar [[vr.MultiView:0]]
[2020.09.19-22.58.18:584][  0]LogConfig: Setting CVar [[vr.MobileMultiView:0]]
[2020.09.19-22.58.18:584][  0]LogConfig: Setting CVar [[vr.MobileMultiView.Direct:0]]
[2020.09.19-22.58.18:584][  0]LogConfig: Setting CVar [[vr.RoundRobinOcclusion:0]]
[2020.09.19-22.58.18:584][  0]LogConfig: Setting CVar [[vr.ODSCapture:0]]
[2020.09.19-22.58.18:584][  0]LogConfig: Setting CVar [[r.WireframeCullThreshold:5.000000]]
[2020.09.19-22.58.18:584][  0]LogConfig: Setting CVar [[r.RayTracing:0]]
[2020.09.19-22.58.18:584][  0]LogConfig: Setting CVar [[r.RayTracing.UseTextureLod:0]]
[2020.09.19-22.58.18:584][  0]LogConfig: Setting CVar [[r.SupportStationarySkylight:1]]
[2020.09.19-22.58.18:584][  0]LogConfig: Setting CVar [[r.SupportLowQualityLightmaps:1]]
[2020.09.19-22.58.18:584][  0]LogConfig: Setting CVar [[r.SupportPointLightWholeSceneShadows:1]]
[2020.09.19-22.58.18:585][  0]LogConfig: Setting CVar [[r.SupportAtmosphericFog:1]]
[2020.09.19-22.58.18:585][  0]LogConfig: Setting CVar [[r.SupportSkyAtmosphere:1]]
[2020.09.19-22.58.18:585][  0]LogConfig: Setting CVar [[r.SupportSkyAtmosphereAffectsHeightFog:0]]
[2020.09.19-22.58.18:585][  0]LogConfig: Setting CVar [[r.SkinCache.CompileShaders:0]]
[2020.09.19-22.58.18:585][  0]LogConfig: Setting CVar [[r.Mobile.EnableStaticAndCSMShadowReceivers:1]]
[2020.09.19-22.58.18:585][  0]LogConfig: Setting CVar [[r.Mobile.EnableMovableLightCSMShaderCulling:1]]
[2020.09.19-22.58.18:585][  0]LogConfig: Setting CVar [[r.Mobile.AllowDistanceFieldShadows:1]]
[2020.09.19-22.58.18:585][  0]LogConfig: Setting CVar [[r.Mobile.AllowMovableDirectionalLights:1]]
[2020.09.19-22.58.18:585][  0]LogConfig: Setting CVar [[r.MobileNumDynamicPointLights:4]]
[2020.09.19-22.58.18:585][  0]LogConfig: Setting CVar [[r.MobileDynamicPointLightsUseStaticBranch:1]]
[2020.09.19-22.58.18:585][  0]LogConfig: Setting CVar [[r.Mobile.EnableMovableSpotlights:0]]
[2020.09.19-22.58.18:585][  0]LogConfig: Setting CVar [[r.SkinCache.SceneMemoryLimitInMB:128.000000]]
[2020.09.19-22.58.18:585][  0]LogConfig: Setting CVar [[r.GPUSkin.Limit2BoneInfluences:0]]
[2020.09.19-22.58.18:585][  0]LogConfig: Setting CVar [[r.SupportDepthOnlyIndexBuffers:1]]
[2020.09.19-22.58.18:585][  0]LogConfig: Setting CVar [[r.SupportReversedIndexBuffers:1]]
[2020.09.19-22.58.18:585][  0]LogConfig: Setting CVar [[r.SupportMaterialLayers:0]]
[2020.09.19-22.58.18:585][  0]LogConfig: Setting CVar [[r.LightPropagationVolume:0]]
[2020.09.19-22.58.18:585][  0]LogConfig: Applying CVar settings from Section [/Script/Engine.RendererOverrideSettings] File [C:/Users/ken/Desktop/BU/FYP/FYP/Saved/Config/Windows/Engine.ini]
[2020.09.19-22.58.18:585][  0]LogConfig: Applying CVar settings from Section [/Script/Engine.StreamingSettings] File [C:/Users/ken/Desktop/BU/FYP/FYP/Saved/Config/Windows/Engine.ini]
[2020.09.19-22.58.18:585][  0]LogConfig: Setting CVar [[s.MinBulkDataSizeForAsyncLoading:131072]]
[2020.09.19-22.58.18:585][  0]LogConfig: Setting CVar [[s.AsyncLoadingThreadEnabled:0]]
[2020.09.19-22.58.18:585][  0]LogConfig: Setting CVar [[s.EventDrivenLoaderEnabled:1]]
[2020.09.19-22.58.18:585][  0]LogConfig: Setting CVar [[s.WarnIfTimeLimitExceeded:0]]
[2020.09.19-22.58.18:585][  0]LogConfig: Setting CVar [[s.TimeLimitExceededMultiplier:1.5]]
[2020.09.19-22.58.18:585][  0]LogConfig: Setting CVar [[s.TimeLimitExceededMinTime:0.005]]
[2020.09.19-22.58.18:585][  0]LogConfig: Setting CVar [[s.UseBackgroundLevelStreaming:1]]
[2020.09.19-22.58.18:585][  0]LogConfig: Setting CVar [[s.PriorityAsyncLoadingExtraTime:15.0]]
[2020.09.19-22.58.18:585][  0]LogConfig: Setting CVar [[s.LevelStreamingActorsUpdateTimeLimit:5.0]]
[2020.09.19-22.58.18:585][  0]LogConfig: Setting CVar [[s.PriorityLevelStreamingActorsUpdateExtraTime:5.0]]
[2020.09.19-22.58.18:585][  0]LogConfig: Setting CVar [[s.LevelStreamingComponentsRegistrationGranularity:10]]
[2020.09.19-22.58.18:585][  0]LogConfig: Setting CVar [[s.UnregisterComponentsTimeLimit:1.0]]
[2020.09.19-22.58.18:585][  0]LogConfig: Setting CVar [[s.LevelStreamingComponentsUnregistrationGranularity:5]]
[2020.09.19-22.58.18:585][  0]LogConfig: Setting CVar [[s.FlushStreamingOnExit:1]]
[2020.09.19-22.58.18:585][  0]LogConfig: Applying CVar settings from Section [/Script/Engine.GarbageCollectionSettings] File [C:/Users/ken/Desktop/BU/FYP/FYP/Saved/Config/Windows/Engine.ini]
[2020.09.19-22.58.18:585][  0]LogConfig: Setting CVar [[gc.MaxObjectsNotConsideredByGC:1]]
[2020.09.19-22.58.18:585][  0]LogConfig: Setting CVar [[gc.SizeOfPermanentObjectPool:0]]
[2020.09.19-22.58.18:585][  0]LogConfig: Setting CVar [[gc.FlushStreamingOnGC:0]]
[2020.09.19-22.58.18:585][  0]LogConfig: Setting CVar [[gc.NumRetriesBeforeForcingGC:10]]
[2020.09.19-22.58.18:585][  0]LogConfig: Setting CVar [[gc.AllowParallelGC:1]]
[2020.09.19-22.58.18:585][  0]LogConfig: Setting CVar [[gc.TimeBetweenPurgingPendingKillObjects:61.1]]
[2020.09.19-22.58.18:585][  0]LogConfig: Setting CVar [[gc.MaxObjectsInEditor:25165824]]
[2020.09.19-22.58.18:585][  0]LogConfig: Setting CVar [[gc.IncrementalBeginDestroyEnabled:1]]
[2020.09.19-22.58.18:585][  0]LogConfig: Setting CVar [[gc.CreateGCClusters:1]]
[2020.09.19-22.58.18:585][  0]LogConfig: Setting CVar [[gc.MinGCClusterSize:5]]
[2020.09.19-22.58.18:585][  0]LogConfig: Setting CVar [[gc.ActorClusteringEnabled:0]]
[2020.09.19-22.58.18:585][  0]LogConfig: Setting CVar [[gc.BlueprintClusteringEnabled:0]]
[2020.09.19-22.58.18:585][  0]LogConfig: Setting CVar [[gc.UseDisregardForGCOnDedicatedServers:0]]
[2020.09.19-22.58.18:585][  0]LogConfig: Applying CVar settings from Section [/Script/Engine.NetworkSettings] File [C:/Users/ken/Desktop/BU/FYP/FYP/Saved/Config/Windows/Engine.ini]
[2020.09.19-22.58.18:585][  0]LogConfig: Applying CVar settings from Section [/Script/UnrealEd.CookerSettings] File [C:/Users/ken/Desktop/BU/FYP/FYP/Saved/Config/Windows/Engine.ini]
[2020.09.19-22.58.18:594][  0]LogConfig: Applying CVar settings from Section [ViewDistanceQuality@3] File [C:/Users/ken/Desktop/BU/FYP/FYP/Saved/Config/Windows/Scalability.ini]
[2020.09.19-22.58.18:594][  0]LogConfig: Setting CVar [[r.SkeletalMeshLODBias:0]]
[2020.09.19-22.58.18:594][  0]LogConfig: Setting CVar [[r.ViewDistanceScale:1.0]]
[2020.09.19-22.58.18:594][  0]LogConfig: Applying CVar settings from Section [AntiAliasingQuality@3] File [C:/Users/ken/Desktop/BU/FYP/FYP/Saved/Config/Windows/Scalability.ini]
[2020.09.19-22.58.18:594][  0]LogConfig: Setting CVar [[r.PostProcessAAQuality:4]]
[2020.09.19-22.58.18:594][  0]LogConfig: Applying CVar settings from Section [ShadowQuality@3] File [C:/Users/ken/Desktop/BU/FYP/FYP/Saved/Config/Windows/Scalability.ini]
[2020.09.19-22.58.18:594][  0]LogConfig: Setting CVar [[r.LightFunctionQuality:1]]
[2020.09.19-22.58.18:594][  0]LogConfig: Setting CVar [[r.ShadowQuality:5]]
[2020.09.19-22.58.18:594][  0]LogConfig: Setting CVar [[r.Shadow.CSM.MaxCascades:10]]
[2020.09.19-22.58.18:594][  0]LogConfig: Setting CVar [[r.Shadow.MaxResolution:2048]]
[2020.09.19-22.58.18:594][  0]LogConfig: Setting CVar [[r.Shadow.MaxCSMResolution:2048]]
[2020.09.19-22.58.18:594][  0]LogConfig: Setting CVar [[r.Shadow.RadiusThreshold:0.01]]
[2020.09.19-22.58.18:594][  0]LogConfig: Setting CVar [[r.Shadow.DistanceScale:1.0]]
[2020.09.19-22.58.18:594][  0]LogConfig: Setting CVar [[r.Shadow.CSM.TransitionScale:1.0]]
[2020.09.19-22.58.18:594][  0]LogConfig: Setting CVar [[r.Shadow.PreShadowResolutionFactor:1.0]]
[2020.09.19-22.58.18:594][  0]LogConfig: Setting CVar [[r.DistanceFieldShadowing:1]]
[2020.09.19-22.58.18:594][  0]LogConfig: Setting CVar [[r.DistanceFieldAO:1]]
[2020.09.19-22.58.18:594][  0]LogConfig: Setting CVar [[r.AOQuality:2]]
[2020.09.19-22.58.18:594][  0]LogConfig: Setting CVar [[r.VolumetricFog:1]]
[2020.09.19-22.58.18:594][  0]LogConfig: Setting CVar [[r.VolumetricFog.GridPixelSize:8]]
[2020.09.19-22.58.18:594][  0]LogConfig: Setting CVar [[r.VolumetricFog.GridSizeZ:128]]
[2020.09.19-22.58.18:594][  0]LogConfig: Setting CVar [[r.VolumetricFog.HistoryMissSupersampleCount:4]]
[2020.09.19-22.58.18:594][  0]LogConfig: Setting CVar [[r.LightMaxDrawDistanceScale:1]]
[2020.09.19-22.58.18:594][  0]LogConfig: Setting CVar [[r.CapsuleShadows:1]]
[2020.09.19-22.58.18:594][  0]LogConfig: Applying CVar settings from Section [PostProcessQuality@3] File [C:/Users/ken/Desktop/BU/FYP/FYP/Saved/Config/Windows/Scalability.ini]
[2020.09.19-22.58.18:594][  0]LogConfig: Setting CVar [[r.MotionBlurQuality:4]]
[2020.09.19-22.58.18:594][  0]LogConfig: Setting CVar [[r.AmbientOcclusionMipLevelFactor:0.4]]
[2020.09.19-22.58.18:594][  0]LogConfig: Setting CVar [[r.AmbientOcclusionMaxQuality:100]]
[2020.09.19-22.58.18:594][  0]LogConfig: Setting CVar [[r.AmbientOcclusionLevels:-1]]
[2020.09.19-22.58.18:594][  0]LogConfig: Setting CVar [[r.AmbientOcclusionRadiusScale:1.0]]
[2020.09.19-22.58.18:594][  0]LogConfig: Setting CVar [[r.DepthOfFieldQuality:2]]
[2020.09.19-22.58.18:594][  0]LogConfig: Setting CVar [[r.RenderTargetPoolMin:400]]
[2020.09.19-22.58.18:594][  0]LogConfig: Setting CVar [[r.LensFlareQuality:2]]
[2020.09.19-22.58.18:594][  0]LogConfig: Setting CVar [[r.SceneColorFringeQuality:1]]
[2020.09.19-22.58.18:594][  0]LogConfig: Setting CVar [[r.EyeAdaptationQuality:2]]
[2020.09.19-22.58.18:595][  0]LogConfig: Setting CVar [[r.BloomQuality:5]]
[2020.09.19-22.58.18:595][  0]LogConfig: Setting CVar [[r.FastBlurThreshold:100]]
[2020.09.19-22.58.18:595][  0]LogConfig: Setting CVar [[r.Upscale.Quality:3]]
[2020.09.19-22.58.18:595][  0]LogConfig: Setting CVar [[r.Tonemapper.GrainQuantization:1]]
[2020.09.19-22.58.18:595][  0]LogConfig: Setting CVar [[r.LightShaftQuality:1]]
[2020.09.19-22.58.18:595][  0]LogConfig: Setting CVar [[r.Filter.SizeScale:1]]
[2020.09.19-22.58.18:595][  0]LogConfig: Setting CVar [[r.Tonemapper.Quality:5]]
[2020.09.19-22.58.18:595][  0]LogConfig: Setting CVar [[r.DOF.Gather.AccumulatorQuality:1        ; higher gathering accumulator quality]]
[2020.09.19-22.58.18:595][  0]LogConfig: Setting CVar [[r.DOF.Gather.PostfilterMethod:1          ; Median3x3 postfilering method]]
[2020.09.19-22.58.18:595][  0]LogConfig: Setting CVar [[r.DOF.Gather.EnableBokehSettings:0       ; no bokeh simulation when gathering]]
[2020.09.19-22.58.18:595][  0]LogConfig: Setting CVar [[r.DOF.Gather.RingCount:4                 ; medium number of samples when gathering]]
[2020.09.19-22.58.18:595][  0]LogConfig: Setting CVar [[r.DOF.Scatter.ForegroundCompositing:1    ; additive foreground scattering]]
[2020.09.19-22.58.18:595][  0]LogConfig: Setting CVar [[r.DOF.Scatter.BackgroundCompositing:2    ; additive background scattering]]
[2020.09.19-22.58.18:595][  0]LogConfig: Setting CVar [[r.DOF.Scatter.EnableBokehSettings:1      ; bokeh simulation when scattering]]
[2020.09.19-22.58.18:595][  0]LogConfig: Setting CVar [[r.DOF.Scatter.MaxSpriteRatio:0.1         ; only a maximum of 10% of scattered bokeh]]
[2020.09.19-22.58.18:595][  0]LogConfig: Setting CVar [[r.DOF.Recombine.Quality:1                ; cheap slight out of focus]]
[2020.09.19-22.58.18:595][  0]LogConfig: Setting CVar [[r.DOF.Recombine.EnableBokehSettings:0    ; no bokeh simulation on slight out of focus]]
[2020.09.19-22.58.18:595][  0]LogConfig: Setting CVar [[r.DOF.TemporalAAQuality:1                ; more stable temporal accumulation]]
[2020.09.19-22.58.18:595][  0]LogConfig: Setting CVar [[r.DOF.Kernel.MaxForegroundRadius:0.025]]
[2020.09.19-22.58.18:595][  0]LogConfig: Setting CVar [[r.DOF.Kernel.MaxBackgroundRadius:0.025]]
[2020.09.19-22.58.18:595][  0]LogConfig: Applying CVar settings from Section [TextureQuality@3] File [C:/Users/ken/Desktop/BU/FYP/FYP/Saved/Config/Windows/Scalability.ini]
[2020.09.19-22.58.18:595][  0]LogConfig: Setting CVar [[r.Streaming.MipBias:0]]
[2020.09.19-22.58.18:595][  0]LogConfig: Setting CVar [[r.Streaming.AmortizeCPUToGPUCopy:0]]
[2020.09.19-22.58.18:595][  0]LogConfig: Setting CVar [[r.Streaming.MaxNumTexturesToStreamPerFrame:0]]
[2020.09.19-22.58.18:595][  0]LogConfig: Setting CVar [[r.Streaming.Boost:1]]
[2020.09.19-22.58.18:595][  0]LogConfig: Setting CVar [[r.MaxAnisotropy:8]]
[2020.09.19-22.58.18:595][  0]LogConfig: Setting CVar [[r.VT.MaxAnisotropy:8]]
[2020.09.19-22.58.18:595][  0]LogConfig: Setting CVar [[r.Streaming.LimitPoolSizeToVRAM:0]]
[2020.09.19-22.58.18:595][  0]LogConfig: Setting CVar [[r.Streaming.PoolSize:1000]]
[2020.09.19-22.58.18:595][  0]LogConfig: Setting CVar [[r.Streaming.MaxEffectiveScreenSize:0]]
[2020.09.19-22.58.18:595][  0]LogConfig: Applying CVar settings from Section [EffectsQuality@3] File [C:/Users/ken/Desktop/BU/FYP/FYP/Saved/Config/Windows/Scalability.ini]
[2020.09.19-22.58.18:595][  0]LogConfig: Setting CVar [[r.TranslucencyLightingVolumeDim:64]]
[2020.09.19-22.58.18:595][  0]LogConfig: Setting CVar [[r.RefractionQuality:2]]
[2020.09.19-22.58.18:595][  0]LogConfig: Setting CVar [[r.SSR.Quality:3]]
[2020.09.19-22.58.18:595][  0]LogConfig: Setting CVar [[r.SSR.HalfResSceneColor:0]]
[2020.09.19-22.58.18:595][  0]LogConfig: Setting CVar [[r.SceneColorFormat:4]]
[2020.09.19-22.58.18:595][  0]LogConfig: Setting CVar [[r.DetailMode:2]]
[2020.09.19-22.58.18:595][  0]LogConfig: Setting CVar [[r.TranslucencyVolumeBlur:1]]
[2020.09.19-22.58.18:595][  0]LogConfig: Setting CVar [[r.MaterialQualityLevel:1 ; High quality]]
[2020.09.19-22.58.18:595][  0]LogConfig: Setting CVar [[r.SSS.Scale:1]]
[2020.09.19-22.58.18:595][  0]LogConfig: Setting CVar [[r.SSS.SampleSet:2]]
[2020.09.19-22.58.18:595][  0]LogConfig: Setting CVar [[r.SSS.Quality:1]]
[2020.09.19-22.58.18:595][  0]LogConfig: Setting CVar [[r.SSS.HalfRes:1]]
[2020.09.19-22.58.18:595][  0]LogConfig: Setting CVar [[r.SSGI.Quality:3]]
[2020.09.19-22.58.18:595][  0]LogConfig: Setting CVar [[r.EmitterSpawnRateScale:1.0]]
[2020.09.19-22.58.18:595][  0]LogConfig: Setting CVar [[r.ParticleLightQuality:2]]
[2020.09.19-22.58.18:595][  0]LogConfig: Setting CVar [[r.SkyAtmosphere.AerialPerspectiveLUT.FastApplyOnOpaque:1 ; Always have FastSkyLUT 1 in this case to avoid wrong sky]]
[2020.09.19-22.58.18:595][  0]LogConfig: Setting CVar [[r.SkyAtmosphere.AerialPerspectiveLUT.SampleCountPerSlice:1]]
[2020.09.19-22.58.18:595][  0]LogConfig: Setting CVar [[r.SkyAtmosphere.AerialPerspectiveLUT.DepthResolution:16.0]]
[2020.09.19-22.58.18:595][  0]LogConfig: Setting CVar [[r.SkyAtmosphere.FastSkyLUT:1]]
[2020.09.19-22.58.18:595][  0]LogConfig: Setting CVar [[r.SkyAtmosphere.FastSkyLUT.SampleCountMin:4.0]]
[2020.09.19-22.58.18:595][  0]LogConfig: Setting CVar [[r.SkyAtmosphere.FastSkyLUT.SampleCountMax:32.0]]
[2020.09.19-22.58.18:595][  0]LogConfig: Setting CVar [[r.SkyAtmosphere.SampleCountMin:4.0]]
[2020.09.19-22.58.18:595][  0]LogConfig: Setting CVar [[r.SkyAtmosphere.SampleCountMax:32.0]]
[2020.09.19-22.58.18:595][  0]LogConfig: Setting CVar [[r.SkyAtmosphere.TransmittanceLUT.UseSmallFormat:0]]
[2020.09.19-22.58.18:595][  0]LogConfig: Setting CVar [[r.SkyAtmosphere.TransmittanceLUT.SampleCount:10.0]]
[2020.09.19-22.58.18:595][  0]LogConfig: Setting CVar [[r.SkyAtmosphere.MultiScatteringLUT.SampleCount:15.0]]
[2020.09.19-22.58.18:595][  0]LogConfig: Applying CVar settings from Section [FoliageQuality@3] File [C:/Users/ken/Desktop/BU/FYP/FYP/Saved/Config/Windows/Scalability.ini]
[2020.09.19-22.58.18:595][  0]LogConfig: Setting CVar [[foliage.DensityScale:1.0]]
[2020.09.19-22.58.18:595][  0]LogConfig: Setting CVar [[grass.DensityScale:1.0]]
[2020.09.19-22.58.18:595][  0]LogConfig: Applying CVar settings from Section [ShadingQuality@3] File [C:/Users/ken/Desktop/BU/FYP/FYP/Saved/Config/Windows/Scalability.ini]
[2020.09.19-22.58.18:595][  0]LogConfig: Setting CVar [[r.HairStrands.SkyLighting.SampleCount:16]]
[2020.09.19-22.58.18:595][  0]LogConfig: Setting CVar [[r.HairStrands.SkyLighting.JitterIntegration:0]]
[2020.09.19-22.58.18:595][  0]LogConfig: Setting CVar [[r.HairStrands.SkyAO.SampleCount:16]]
[2020.09.19-22.58.18:595][  0]LogInit: Selected Device Profile: [Windows]
[2020.09.19-22.58.18:595][  0]LogInit: Applying CVar settings loaded from the selected device profile: [Windows]
[2020.09.19-22.58.18:599][  0]LogHAL: Display: Platform has ~ 16 GB [17111592960 / 17179869184 / 16], which maps to Larger [LargestMinGB=32, LargerMinGB=12, DefaultMinGB=8, SmallerMinGB=6, SmallestMinGB=0)
[2020.09.19-22.58.18:599][  0]LogInit: Going up to parent DeviceProfile []
[2020.09.19-22.58.18:599][  0]LogConfig: Applying CVar settings from Section [ViewDistanceQuality@3] File [C:/Users/ken/Desktop/BU/FYP/FYP/Saved/Config/Windows/Scalability.ini]
[2020.09.19-22.58.18:599][  0]LogConfig: Setting CVar [[r.SkeletalMeshLODBias:0]]
[2020.09.19-22.58.18:599][  0]LogConfig: Setting CVar [[r.ViewDistanceScale:1.0]]
[2020.09.19-22.58.18:599][  0]LogConfig: Applying CVar settings from Section [AntiAliasingQuality@3] File [C:/Users/ken/Desktop/BU/FYP/FYP/Saved/Config/Windows/Scalability.ini]
[2020.09.19-22.58.18:599][  0]LogConfig: Setting CVar [[r.PostProcessAAQuality:4]]
[2020.09.19-22.58.18:599][  0]LogConfig: Applying CVar settings from Section [ShadowQuality@3] File [C:/Users/ken/Desktop/BU/FYP/FYP/Saved/Config/Windows/Scalability.ini]
[2020.09.19-22.58.18:599][  0]LogConfig: Setting CVar [[r.LightFunctionQuality:1]]
[2020.09.19-22.58.18:599][  0]LogConfig: Setting CVar [[r.ShadowQuality:5]]
[2020.09.19-22.58.18:599][  0]LogConfig: Setting CVar [[r.Shadow.CSM.MaxCascades:10]]
[2020.09.19-22.58.18:599][  0]LogConfig: Setting CVar [[r.Shadow.MaxResolution:2048]]
[2020.09.19-22.58.18:599][  0]LogConfig: Setting CVar [[r.Shadow.MaxCSMResolution:2048]]
[2020.09.19-22.58.18:599][  0]LogConfig: Setting CVar [[r.Shadow.RadiusThreshold:0.01]]
[2020.09.19-22.58.18:599][  0]LogConfig: Setting CVar [[r.Shadow.DistanceScale:1.0]]
[2020.09.19-22.58.18:599][  0]LogConfig: Setting CVar [[r.Shadow.CSM.TransitionScale:1.0]]
[2020.09.19-22.58.18:599][  0]LogConfig: Setting CVar [[r.Shadow.PreShadowResolutionFactor:1.0]]
[2020.09.19-22.58.18:599][  0]LogConfig: Setting CVar [[r.DistanceFieldShadowing:1]]
[2020.09.19-22.58.18:599][  0]LogConfig: Setting CVar [[r.DistanceFieldAO:1]]
[2020.09.19-22.58.18:599][  0]LogConfig: Setting CVar [[r.AOQuality:2]]
[2020.09.19-22.58.18:599][  0]LogConfig: Setting CVar [[r.VolumetricFog:1]]
[2020.09.19-22.58.18:599][  0]LogConfig: Setting CVar [[r.VolumetricFog.GridPixelSize:8]]
[2020.09.19-22.58.18:599][  0]LogConfig: Setting CVar [[r.VolumetricFog.GridSizeZ:128]]
[2020.09.19-22.58.18:599][  0]LogConfig: Setting CVar [[r.VolumetricFog.HistoryMissSupersampleCount:4]]
[2020.09.19-22.58.18:599][  0]LogConfig: Setting CVar [[r.LightMaxDrawDistanceScale:1]]
[2020.09.19-22.58.18:599][  0]LogConfig: Setting CVar [[r.CapsuleShadows:1]]
[2020.09.19-22.58.18:599][  0]LogConfig: Applying CVar settings from Section [PostProcessQuality@3] File [C:/Users/ken/Desktop/BU/FYP/FYP/Saved/Config/Windows/Scalability.ini]
[2020.09.19-22.58.18:599][  0]LogConfig: Setting CVar [[r.MotionBlurQuality:4]]
[2020.09.19-22.58.18:599][  0]LogConfig: Setting CVar [[r.AmbientOcclusionMipLevelFactor:0.4]]
[2020.09.19-22.58.18:599][  0]LogConfig: Setting CVar [[r.AmbientOcclusionMaxQuality:100]]
[2020.09.19-22.58.18:599][  0]LogConfig: Setting CVar [[r.AmbientOcclusionLevels:-1]]
[2020.09.19-22.58.18:599][  0]LogConfig: Setting CVar [[r.AmbientOcclusionRadiusScale:1.0]]
[2020.09.19-22.58.18:599][  0]LogConfig: Setting CVar [[r.DepthOfFieldQuality:2]]
[2020.09.19-22.58.18:599][  0]LogConfig: Setting CVar [[r.RenderTargetPoolMin:400]]
[2020.09.19-22.58.18:599][  0]LogConfig: Setting CVar [[r.LensFlareQuality:2]]
[2020.09.19-22.58.18:599][  0]LogConfig: Setting CVar [[r.SceneColorFringeQuality:1]]
[2020.09.19-22.58.18:599][  0]LogConfig: Setting CVar [[r.EyeAdaptationQuality:2]]
[2020.09.19-22.58.18:599][  0]LogConfig: Setting CVar [[r.BloomQuality:5]]
[2020.09.19-22.58.18:599][  0]LogConfig: Setting CVar [[r.FastBlurThreshold:100]]
[2020.09.19-22.58.18:599][  0]LogConfig: Setting CVar [[r.Upscale.Quality:3]]
[2020.09.19-22.58.18:600][  0]LogConfig: Setting CVar [[r.Tonemapper.GrainQuantization:1]]
[2020.09.19-22.58.18:600][  0]LogConfig: Setting CVar [[r.LightShaftQuality:1]]
[2020.09.19-22.58.18:600][  0]LogConfig: Setting CVar [[r.Filter.SizeScale:1]]
[2020.09.19-22.58.18:600][  0]LogConfig: Setting CVar [[r.Tonemapper.Quality:5]]
[2020.09.19-22.58.18:600][  0]LogConfig: Setting CVar [[r.DOF.Gather.AccumulatorQuality:1        ; higher gathering accumulator quality]]
[2020.09.19-22.58.18:600][  0]LogConfig: Setting CVar [[r.DOF.Gather.PostfilterMethod:1          ; Median3x3 postfilering method]]
[2020.09.19-22.58.18:600][  0]LogConfig: Setting CVar [[r.DOF.Gather.EnableBokehSettings:0       ; no bokeh simulation when gathering]]
[2020.09.19-22.58.18:600][  0]LogConfig: Setting CVar [[r.DOF.Gather.RingCount:4                 ; medium number of samples when gathering]]
[2020.09.19-22.58.18:600][  0]LogConfig: Setting CVar [[r.DOF.Scatter.ForegroundCompositing:1    ; additive foreground scattering]]
[2020.09.19-22.58.18:600][  0]LogConfig: Setting CVar [[r.DOF.Scatter.BackgroundCompositing:2    ; additive background scattering]]
[2020.09.19-22.58.18:600][  0]LogConfig: Setting CVar [[r.DOF.Scatter.EnableBokehSettings:1      ; bokeh simulation when scattering]]
[2020.09.19-22.58.18:600][  0]LogConfig: Setting CVar [[r.DOF.Scatter.MaxSpriteRatio:0.1         ; only a maximum of 10% of scattered bokeh]]
[2020.09.19-22.58.18:600][  0]LogConfig: Setting CVar [[r.DOF.Recombine.Quality:1                ; cheap slight out of focus]]
[2020.09.19-22.58.18:600][  0]LogConfig: Setting CVar [[r.DOF.Recombine.EnableBokehSettings:0    ; no bokeh simulation on slight out of focus]]
[2020.09.19-22.58.18:600][  0]LogConfig: Setting CVar [[r.DOF.TemporalAAQuality:1                ; more stable temporal accumulation]]
[2020.09.19-22.58.18:600][  0]LogConfig: Setting CVar [[r.DOF.Kernel.MaxForegroundRadius:0.025]]
[2020.09.19-22.58.18:600][  0]LogConfig: Setting CVar [[r.DOF.Kernel.MaxBackgroundRadius:0.025]]
[2020.09.19-22.58.18:600][  0]LogConfig: Applying CVar settings from Section [TextureQuality@3] File [C:/Users/ken/Desktop/BU/FYP/FYP/Saved/Config/Windows/Scalability.ini]
[2020.09.19-22.58.18:600][  0]LogConfig: Setting CVar [[r.Streaming.MipBias:0]]
[2020.09.19-22.58.18:600][  0]LogConfig: Setting CVar [[r.Streaming.AmortizeCPUToGPUCopy:0]]
[2020.09.19-22.58.18:600][  0]LogConfig: Setting CVar [[r.Streaming.MaxNumTexturesToStreamPerFrame:0]]
[2020.09.19-22.58.18:600][  0]LogConfig: Setting CVar [[r.Streaming.Boost:1]]
[2020.09.19-22.58.18:600][  0]LogConfig: Setting CVar [[r.MaxAnisotropy:8]]
[2020.09.19-22.58.18:600][  0]LogConfig: Setting CVar [[r.VT.MaxAnisotropy:8]]
[2020.09.19-22.58.18:600][  0]LogConfig: Setting CVar [[r.Streaming.LimitPoolSizeToVRAM:0]]
[2020.09.19-22.58.18:600][  0]LogConfig: Setting CVar [[r.Streaming.PoolSize:1000]]
[2020.09.19-22.58.18:600][  0]LogConfig: Setting CVar [[r.Streaming.MaxEffectiveScreenSize:0]]
[2020.09.19-22.58.18:600][  0]LogConfig: Applying CVar settings from Section [EffectsQuality@3] File [C:/Users/ken/Desktop/BU/FYP/FYP/Saved/Config/Windows/Scalability.ini]
[2020.09.19-22.58.18:600][  0]LogConfig: Setting CVar [[r.TranslucencyLightingVolumeDim:64]]
[2020.09.19-22.58.18:600][  0]LogConfig: Setting CVar [[r.RefractionQuality:2]]
[2020.09.19-22.58.18:600][  0]LogConfig: Setting CVar [[r.SSR.Quality:3]]
[2020.09.19-22.58.18:600][  0]LogConfig: Setting CVar [[r.SSR.HalfResSceneColor:0]]
[2020.09.19-22.58.18:600][  0]LogConfig: Setting CVar [[r.SceneColorFormat:4]]
[2020.09.19-22.58.18:600][  0]LogConfig: Setting CVar [[r.DetailMode:2]]
[2020.09.19-22.58.18:600][  0]LogConfig: Setting CVar [[r.TranslucencyVolumeBlur:1]]
[2020.09.19-22.58.18:600][  0]LogConfig: Setting CVar [[r.MaterialQualityLevel:1 ; High quality]]
[2020.09.19-22.58.18:600][  0]LogConfig: Setting CVar [[r.SSS.Scale:1]]
[2020.09.19-22.58.18:600][  0]LogConfig: Setting CVar [[r.SSS.SampleSet:2]]
[2020.09.19-22.58.18:600][  0]LogConfig: Setting CVar [[r.SSS.Quality:1]]
[2020.09.19-22.58.18:600][  0]LogConfig: Setting CVar [[r.SSS.HalfRes:1]]
[2020.09.19-22.58.18:600][  0]LogConfig: Setting CVar [[r.SSGI.Quality:3]]
[2020.09.19-22.58.18:600][  0]LogConfig: Setting CVar [[r.EmitterSpawnRateScale:1.0]]
[2020.09.19-22.58.18:600][  0]LogConfig: Setting CVar [[r.ParticleLightQuality:2]]
[2020.09.19-22.58.18:600][  0]LogConfig: Setting CVar [[r.SkyAtmosphere.AerialPerspectiveLUT.FastApplyOnOpaque:1 ; Always have FastSkyLUT 1 in this case to avoid wrong sky]]
[2020.09.19-22.58.18:600][  0]LogConfig: Setting CVar [[r.SkyAtmosphere.AerialPerspectiveLUT.SampleCountPerSlice:1]]
[2020.09.19-22.58.18:600][  0]LogConfig: Setting CVar [[r.SkyAtmosphere.AerialPerspectiveLUT.DepthResolution:16.0]]
[2020.09.19-22.58.18:600][  0]LogConfig: Setting CVar [[r.SkyAtmosphere.FastSkyLUT:1]]
[2020.09.19-22.58.18:600][  0]LogConfig: Setting CVar [[r.SkyAtmosphere.FastSkyLUT.SampleCountMin:4.0]]
[2020.09.19-22.58.18:600][  0]LogConfig: Setting CVar [[r.SkyAtmosphere.FastSkyLUT.SampleCountMax:32.0]]
[2020.09.19-22.58.18:600][  0]LogConfig: Setting CVar [[r.SkyAtmosphere.SampleCountMin:4.0]]
[2020.09.19-22.58.18:600][  0]LogConfig: Setting CVar [[r.SkyAtmosphere.SampleCountMax:32.0]]
[2020.09.19-22.58.18:600][  0]LogConfig: Setting CVar [[r.SkyAtmosphere.TransmittanceLUT.UseSmallFormat:0]]
[2020.09.19-22.58.18:600][  0]LogConfig: Setting CVar [[r.SkyAtmosphere.TransmittanceLUT.SampleCount:10.0]]
[2020.09.19-22.58.18:600][  0]LogConfig: Setting CVar [[r.SkyAtmosphere.MultiScatteringLUT.SampleCount:15.0]]
[2020.09.19-22.58.18:600][  0]LogConfig: Applying CVar settings from Section [FoliageQuality@3] File [C:/Users/ken/Desktop/BU/FYP/FYP/Saved/Config/Windows/Scalability.ini]
[2020.09.19-22.58.18:600][  0]LogConfig: Setting CVar [[foliage.DensityScale:1.0]]
[2020.09.19-22.58.18:600][  0]LogConfig: Setting CVar [[grass.DensityScale:1.0]]
[2020.09.19-22.58.18:600][  0]LogConfig: Applying CVar settings from Section [ShadingQuality@3] File [C:/Users/ken/Desktop/BU/FYP/FYP/Saved/Config/Windows/Scalability.ini]
[2020.09.19-22.58.18:600][  0]LogConfig: Setting CVar [[r.HairStrands.SkyLighting.SampleCount:16]]
[2020.09.19-22.58.18:600][  0]LogConfig: Setting CVar [[r.HairStrands.SkyLighting.JitterIntegration:0]]
[2020.09.19-22.58.18:600][  0]LogConfig: Setting CVar [[r.HairStrands.SkyAO.SampleCount:16]]
[2020.09.19-22.58.18:600][  0]LogConfig: Applying CVar settings from Section [Startup] File [../../../Engine/Config/ConsoleVariables.ini]
[2020.09.19-22.58.18:600][  0]LogConfig: Setting CVar [[net.UseAdaptiveNetUpdateFrequency:0]]
[2020.09.19-22.58.18:600][  0]LogConfig: Setting CVar [[p.chaos.AllowCreatePhysxBodies:1]]
[2020.09.19-22.58.18:601][  0]LogConfig: Applying CVar settings from Section [ConsoleVariables] File [C:/Users/ken/Desktop/BU/FYP/FYP/Saved/Config/Windows/Engine.ini]
[2020.09.19-22.58.18:601][  0]LogInit: Computer: DESKTOP-KENGOR
[2020.09.19-22.58.18:601][  0]LogInit: User: ken
[2020.09.19-22.58.18:601][  0]LogInit: CPU Page size=4096, Cores=4
[2020.09.19-22.58.18:601][  0]LogInit: High frequency timer resolution =10.000000 MHz
[2020.09.19-22.58.18:601][  0]LogMemory: Memory total: Physical=15.9GB (16GB approx)
[2020.09.19-22.58.18:601][  0]LogMemory: Platform Memory Stats for Windows
[2020.09.19-22.58.18:601][  0]LogMemory: Process Physical Memory: 105.54 MB used, 105.54 MB peak
[2020.09.19-22.58.18:601][  0]LogMemory: Process Virtual Memory: 100.68 MB used, 100.68 MB peak
[2020.09.19-22.58.18:601][  0]LogMemory: Physical Memory: 8455.00 MB used,  7863.89 MB free, 16318.89 MB total
[2020.09.19-22.58.18:601][  0]LogMemory: Virtual Memory: 5140.44 MB used,  134212584.00 MB free, 134217728.00 MB total
[2020.09.19-22.58.18:604][  0]LogWindows: WindowsPlatformFeatures enabled
[2020.09.19-22.58.18:660][  0]LogInit: Using OS detected language (zh-TW).
[2020.09.19-22.58.18:660][  0]LogInit: Using OS detected locale (zh-HK).
[2020.09.19-22.58.18:661][  0]LogTextLocalizationManager: No localization for 'zh-TW' exists, so 'en' will be used for the language.
[2020.09.19-22.58.18:914][  0]LogSlate: New Slate User Created.  User Index 0, Is Virtual User: 0
[2020.09.19-22.58.18:914][  0]LogSlate: Slate User Registered.  User Index 0, Is Virtual User: 0
[2020.09.19-22.58.18:931][  0]LogHMD: Failed to initialize OpenVR with code 110
[2020.09.19-22.58.18:931][  0]LogD3D11RHI: D3D11 min allowed feature level: 11_0
[2020.09.19-22.58.18:931][  0]LogD3D11RHI: D3D11 max allowed feature level: 11_0
[2020.09.19-22.58.18:931][  0]LogD3D11RHI: D3D11 adapters:
[2020.09.19-22.58.19:036][  0]LogD3D11RHI:    0. 'NVIDIA GeForce GTX 1060 6GB' (Feature Level 11_0)
[2020.09.19-22.58.19:036][  0]LogD3D11RHI:       6052/0/8159 MB DedicatedVideo/DedicatedSystem/SharedSystem, Outputs:2, VendorId:0x10de
[2020.09.19-22.58.19:040][  0]LogD3D11RHI:    1. 'Microsoft Basic Render Driver' (Feature Level 11_0)
[2020.09.19-22.58.19:040][  0]LogD3D11RHI:       0/0/8159 MB DedicatedVideo/DedicatedSystem/SharedSystem, Outputs:0, VendorId:0x1414
[2020.09.19-22.58.19:041][  0]LogD3D11RHI: Chosen D3D11 Adapter: 0
[2020.09.19-22.58.19:048][  0]LogD3D11RHI: Creating new Direct3DDevice
[2020.09.19-22.58.19:049][  0]LogD3D11RHI:     GPU DeviceId: 0x1c03 (for the marketing name, search the web for "GPU Device Id")
[2020.09.19-22.58.19:049][  0]LogWindows: EnumDisplayDevices:
[2020.09.19-22.58.19:049][  0]LogWindows:    0. 'NVIDIA GeForce GTX 1060 6GB' (P:1 D:1)
[2020.09.19-22.58.19:049][  0]LogWindows:    1. 'NVIDIA GeForce GTX 1060 6GB' (P:0 D:1)
[2020.09.19-22.58.19:050][  0]LogWindows:    2. 'NVIDIA GeForce GTX 1060 6GB' (P:0 D:0)
[2020.09.19-22.58.19:050][  0]LogWindows:    3. 'NVIDIA GeForce GTX 1060 6GB' (P:0 D:0)
[2020.09.19-22.58.19:050][  0]LogWindows: DebugString: FoundDriverCount:4 
[2020.09.19-22.58.19:050][  0]LogD3D11RHI:     Adapter Name: NVIDIA GeForce GTX 1060 6GB
[2020.09.19-22.58.19:051][  0]LogD3D11RHI:   Driver Version: 456.38 (internal:27.21.14.5638, unified:456.38)
[2020.09.19-22.58.19:051][  0]LogD3D11RHI:      Driver Date: 9-14-2020
[2020.09.19-22.58.19:051][  0]LogRHI: Texture pool is 4236 MB (70% of 6052 MB)
[2020.09.19-22.58.19:124][  0]LogD3D11RHI: RHI has support for 64 bit atomics
[2020.09.19-22.58.19:125][  0]LogD3D11RHI: Async texture creation enabled
[2020.09.19-22.58.19:150][  0]LogD3D11RHI: GPU Timing Frequency: 1000.000000 (Debug: 2 1)
[2020.09.19-22.58.19:494][  0]LogTargetPlatformManager: Display: Loaded TargetPlatform 'WindowsNoEditor'
[2020.09.19-22.58.19:497][  0]LogTargetPlatformManager: Display: Loaded TargetPlatform 'Windows'
[2020.09.19-22.58.19:504][  0]LogTargetPlatformManager: Display: Loaded TargetPlatform 'WindowsClient'
[2020.09.19-22.58.19:512][  0]LogTargetPlatformManager: Display: Loaded TargetPlatform 'WindowsServer'
[2020.09.19-22.58.19:512][  0]LogTargetPlatformManager: Display: Building Assets For Windows
[2020.09.19-22.58.19:515][  0]LogAudioDebug: Display: Lib vorbis DLL was dynamically loaded.
[2020.09.19-22.58.19:535][  0]LogShaderCompilers: Guid format shader working directory is 13 characters bigger than the processId version (C:/Users/ken/Desktop/BU/FYP/FYP/Intermediate/Shaders/WorkingDirectory/4028/).
[2020.09.19-22.58.19:536][  0]LogShaderCompilers: Cleaned the shader compiler working directory 'C:/Users/ken/AppData/Local/Temp/UnrealShaderWorkingDir/125293774DF195013D1927A8A3180375/'.
[2020.09.19-22.58.19:536][  0]LogXGEController: Cannot use XGE Controller as Incredibuild is not installed on this machine.
[2020.09.19-22.58.19:536][  0]LogShaderCompilers: Cannot use XGE Shader Compiler as Incredibuild is not installed on this machine.
[2020.09.19-22.58.19:536][  0]LogShaderCompilers: Display: Using Local Shader Compiler.
[2020.09.19-22.58.20:160][  0]LogDerivedDataCache: Display: Max Cache Size: 512 MB
[2020.09.19-22.58.20:253][  0]LogDerivedDataCache: Loaded boot cache 0.09s 101MB C:/Users/ken/AppData/Local/UnrealEngine/4.24/DerivedDataCache/Boot.ddc.
[2020.09.19-22.58.20:253][  0]LogDerivedDataCache: Display: Loaded Boot cache: C:/Users/ken/AppData/Local/UnrealEngine/4.24/DerivedDataCache/Boot.ddc
[2020.09.19-22.58.20:253][  0]LogDerivedDataCache: FDerivedDataBackendGraph:  Pak pak cache file C:/Users/ken/Desktop/BU/FYP/FYP/DerivedDataCache/DDC.ddp not found, will not use a pak cache.
[2020.09.19-22.58.20:253][  0]LogDerivedDataCache: Unable to find inner node Pak for hierarchical cache Hierarchy.
[2020.09.19-22.58.20:253][  0]LogDerivedDataCache: FDerivedDataBackendGraph:  CompressedPak pak cache file C:/Users/ken/Desktop/BU/FYP/FYP/DerivedDataCache/Compressed.ddp not found, will not use a pak cache.
[2020.09.19-22.58.20:253][  0]LogDerivedDataCache: Unable to find inner node CompressedPak for hierarchical cache Hierarchy.
[2020.09.19-22.58.20:263][  0]LogDerivedDataCache: Display: Pak cache opened for reading ../../../Engine/DerivedDataCache/Compressed.ddp.
[2020.09.19-22.58.20:263][  0]LogDerivedDataCache: FDerivedDataBackendGraph:  EnterprisePak pak cache file ../../../Enterprise/DerivedDataCache/Compressed.ddp not found, will not use a pak cache.
[2020.09.19-22.58.20:263][  0]LogDerivedDataCache: Unable to find inner node EnterprisePak for hierarchical cache Hierarchy.
[2020.09.19-22.58.20:265][  0]LogDerivedDataCache: Using Local data cache path C:/Users/ken/AppData/Local/UnrealEngine/Common/DerivedDataCache: Writable
[2020.09.19-22.58.20:265][  0]LogDerivedDataCache: Shared data cache path not found in *engine.ini, will not use an Shared cache.
[2020.09.19-22.58.20:265][  0]LogDerivedDataCache: Unable to find inner node Shared for hierarchical cache Hierarchy.
[2020.09.19-22.58.20:274][  0]LogMaterial: Verifying Global Shaders for PCD3D_ES31
[2020.09.19-22.58.20:276][  0]LogSlate: Using FreeType 2.10.0
[2020.09.19-22.58.20:276][  0]LogSlate: SlateFontServices - WITH_FREETYPE: 1, WITH_HARFBUZZ: 1
[2020.09.19-22.58.20:374][  0]LogInit: Using OS detected language (zh-TW).
[2020.09.19-22.58.20:374][  0]LogInit: Using OS detected locale (zh-HK).
[2020.09.19-22.58.20:374][  0]LogTextLocalizationManager: No localization for 'zh-TW' exists, so 'en' will be used for the language.
[2020.09.19-22.58.20:374][  0]LogTextLocalizationManager: No localization for 'zh-HK' exists, so 'en' will be used for the locale.
[2020.09.19-22.58.20:374][  0]LogSlate: FontCache flush requested. Reason: Culture for localization was changed
[2020.09.19-22.58.20:374][  0]LogSlate: FontCache flush requested. Reason: Culture for localization was changed
[2020.09.19-22.58.20:375][  0]LogTextLocalizationManager: Compacting localization data took   0.00ms
[2020.09.19-22.58.20:378][  0]LogAssetRegistry: FAssetRegistry took 0.0019 seconds to start up
[2020.09.19-22.58.20:624][  0]LogPackageLocalizationCache: Processed 11 localized package path(s) for 1 prioritized culture(s) in 0.000846 seconds
[2020.09.19-22.58.20:682][  0]LogInit: Selected Device Profile: [Windows]
[2020.09.19-22.58.20:795][  0]LogMeshReduction: Using QuadricMeshReduction for automatic static mesh reduction
[2020.09.19-22.58.20:795][  0]LogMeshReduction: Using SimplygonMeshReduction for automatic skeletal mesh reduction
[2020.09.19-22.58.20:795][  0]LogMeshReduction: Using ProxyLODMeshReduction for automatic mesh merging
[2020.09.19-22.58.20:795][  0]LogMeshReduction: No distributed automatic mesh merging module available
[2020.09.19-22.58.20:795][  0]LogMeshMerging: No distributed automatic mesh merging module available
[2020.09.19-22.58.20:811][  0]LogNetVersion: FYP 1.0.0, NetCL: 10570792, EngineNetVer: 13, GameNetVer: 0 (Checksum: 3671261973)
[2020.09.19-22.58.21:306][  0]LogMoviePlayer: Initializing movie player
[2020.09.19-22.58.21:401][  0]LogTcpMessaging: Initializing TcpMessaging bridge
[2020.09.19-22.58.21:403][  0]LogUdpMessaging: Initializing bridge on interface 172.25.31.213:0 to multicast group 230.0.0.1:6666.
[2020.09.19-22.58.21:440][  0]SourceControl: Source control is disabled
[2020.09.19-22.58.21:440][  0]SourceControl: Source control is disabled
[2020.09.19-22.58.21:441][  0]SourceControl: Source control is disabled
[2020.09.19-22.58.21:469][  0]LogAndroidPermission: UAndroidPermissionCallbackProxy::GetInstance
[2020.09.19-22.58.21:474][  0]LogAudioCaptureCore: Display: No Audio Capture implementations found. Audio input will be silent.
[2020.09.19-22.58.21:474][  0]LogAudioCaptureCore: Display: No Audio Capture implementations found. Audio input will be silent.
[2020.09.19-22.58.21:530][  0]LogOcInput: OculusInput pre-init called
[2020.09.19-22.58.21:540][  0]LogUObjectArray: 53352 objects as part of root set at end of initial load.
[2020.09.19-22.58.21:540][  0]LogUObjectAllocator: 9450344 out of 0 bytes used by permanent object pool.
[2020.09.19-22.58.21:540][  0]LogUObjectArray: CloseDisregardForGC: 0/0 objects in disregard for GC pool
[2020.09.19-22.58.21:592][  0]LogEngine: Initializing Engine...
[2020.09.19-22.58.21:593][  0]LogHMD: Failed to initialize OpenVR with code 110
[2020.09.19-22.58.21:594][  0]LogStats: UGameplayTagsManager::InitializeManager -  0.000 s
[2020.09.19-22.58.21:779][  0]LogInit: Initializing FReadOnlyCVARCache
[2020.09.19-22.58.21:781][  0]LogAudioMixer: Display: Audio Mixer Platform Settings:
[2020.09.19-22.58.21:781][  0]LogAudioMixer: Display: 	Sample Rate:						  48000
[2020.09.19-22.58.21:781][  0]LogAudioMixer: Display: 	Callback Buffer Frame Size Requested: 1024
[2020.09.19-22.58.21:781][  0]LogAudioMixer: Display: 	Callback Buffer Frame Size To Use:	  1024
[2020.09.19-22.58.21:781][  0]LogAudioMixer: Display: 	Number of buffers to queue:			  2
[2020.09.19-22.58.21:781][  0]LogAudioMixer: Display: 	Max Channels (voices):				  32
[2020.09.19-22.58.21:781][  0]LogAudioMixer: Display: 	Number of Async Source Workers:		  0
[2020.09.19-22.58.21:781][  0]LogAudio: Display: AudioDevice MaxSources: 32
[2020.09.19-22.58.21:781][  0]LogAudio: Display: Using built-in audio occlusion.
[2020.09.19-22.58.21:781][  0]LogAudioMixer: Display: Initializing audio mixer.
[2020.09.19-22.58.21:904][  0]LogAudioMixer: Display: Audio Device Output Speaker Info:
[2020.09.19-22.58.21:904][  0]LogAudioMixer: Display: Name: 耳麥式耳機 (Arctis 7 Chat)
[2020.09.19-22.58.21:904][  0]LogAudioMixer: Display: Is Default: Yes
[2020.09.19-22.58.21:904][  0]LogAudioMixer: Display: Sample Rate: 48000
[2020.09.19-22.58.21:904][  0]LogAudioMixer: Display: Channel Count Used: 2
[2020.09.19-22.58.21:904][  0]LogAudioMixer: Display: Device Channel Count: 1
[2020.09.19-22.58.21:904][  0]LogAudioMixer: Display: Channel Order:
[2020.09.19-22.58.21:904][  0]LogAudioMixer: Display: 0: FrontLeft
[2020.09.19-22.58.21:904][  0]LogAudioMixer: Display: 1: FrontRight
[2020.09.19-22.58.21:928][  0]LogAudioMixer: Display: Using Audio Device 耳麥式耳機 (Arctis 7 Chat)
[2020.09.19-22.58.21:937][  0]LogInit: FAudioDevice initialized.
[2020.09.19-22.58.21:938][  0]LogNetVersion: Set ProjectVersion to 1.0.0.0. Version Checksum will be recalculated on next use.
[2020.09.19-22.58.21:944][  0]LogInit: Texture streaming: Enabled
[2020.09.19-22.58.22:075][  0]LogProperty: Error: UStructProperty::Serialize Loading: Property 'StructProperty /Game/BluePrints/UserSaveObject.UserSaveObject_C:S_UserData'. Unknown structure.
[2020.09.19-22.58.22:075][  0]LogClass: Warning: Property S_UserData of S_UserData has a struct type mismatch (tag STRUCT_REINST_UserData_2 != prop FallbackStruct) in package:  C:/Users/ken/Desktop/BU/FYP/FYP/Content/BluePrints/UserSaveObject.uasset. If that struct got renamed, add an entry to ActiveStructRedirects.
[2020.09.19-22.58.22:107][  0]LogBlueprint: Error: [Compiler GameInfoInstance] In use pin  SettingMenuWB  no longer exists on node  Set . Please refresh node or break links to remove pin.
[2020.09.19-22.58.22:107][  0]LogBlueprint: Error: [Compiler GameInfoInstance] In use pin  <Unnamed>  no longer exists on node  Set . Please refresh node or break links to remove pin.
[2020.09.19-22.58.22:107][  0]LogBlueprint: Error: [Compiler GameInfoInstance] In use pin  SettingMenuWB  no longer exists on node  Get . Please refresh node or break links to remove pin.
[2020.09.19-22.58.22:119][  0]LogClass: Warning: Property S_UserData of S_UserData has a struct type mismatch (tag FallbackStruct != prop UserData) in package:  FObjectReader. If that struct got renamed, add an entry to ActiveStructRedirects.
[2020.09.19-22.58.22:127][  0]LogSlate: Updating window title bar state: overlay mode, drag disabled, window buttons hidden, title bar hidden
[2020.09.19-22.58.22:129][  0]LogInit: Display: Game Engine Initialized.
[2020.09.19-22.58.22:140][  0]LogInit: Display: Starting Game.
[2020.09.19-22.58.22:140][  0]LogNet: Browse: /Game/Map/Index?Name=Player
[2020.09.19-22.58.22:140][  0]LogLoad: LoadMap: /Game/Map/Index?Name=Player
[2020.09.19-22.58.22:140][  0]LogWorld: BeginTearingDown for /Temp/Untitled_0
[2020.09.19-22.58.22:141][  0]LogWorld: UWorld::CleanupWorld for Untitled, bSessionEnded=true, bCleanupResources=true
[2020.09.19-22.58.22:142][  0]LogSlate: InvalidateAllWidgets triggered.  All widgets were invalidated
[2020.09.19-22.58.22:165][  0]LogAudioMixer: Display: No commands were queued while flushing the source manager.
[2020.09.19-22.58.22:167][  0]LogUObjectHash: Compacting FUObjectHashTables data took   2.35ms
[2020.09.19-22.58.22:179][  0]LogAIModule: Creating AISystem for world Index
[2020.09.19-22.58.22:180][  0]LogLoad: Game class is 'GameModeBase'
[2020.09.19-22.58.22:181][  0]LogWorld: Bringing World /Game/Map/Index.Index up for play (max tick rate 0) at 2020.09.20-06.58.22
[2020.09.19-22.58.22:181][  0]LogWorld: Bringing up level for play took: 0.000350
[2020.09.19-22.58.22:181][  0]LogGameMode: FindPlayerStart: PATHS NOT DEFINED or NO PLAYERSTART with positive rating
[2020.09.19-22.58.22:183][  0]LogLoad: Took 0.042647 seconds to LoadMap(/Game/Map/Index)
[2020.09.19-22.58.22:232][  0]LogRenderer: Reallocating scene render targets to support 1280x720 Format 10 NumSamples 1 (Frame:1).
[2020.09.19-22.58.22:232][  0]LogLoad: (Engine Initialization) Total time: 4.97 seconds
[2020.09.19-22.58.22:232][  0]LogLoad: (Engine Initialization) Total Blueprint compile time: 0.00 seconds
[2020.09.19-22.58.22:235][  0]LogContentStreaming: Texture pool size now 1000 MB
[2020.09.19-22.58.22:237][  0]LogSlate: InvalidateAllWidgets triggered.  All widgets were invalidated
[2020.09.19-22.58.37:532][789]LogSlate: Window 'FYP (64-bit Development PCD3D_ES31) ' being destroyed
[2020.09.19-22.58.37:537][789]LogSlate: Updating window title bar state: overlay mode, drag disabled, window buttons hidden, title bar hidden
[2020.09.19-22.58.37:537][789]LogEngine: All Windows Closed
[2020.09.19-22.58.37:537][789]LogWindows: FPlatformMisc::RequestExit(0)
[2020.09.19-22.58.37:537][789]LogCore: Engine exit requested (reason: Win RequestExit)
[2020.09.19-22.58.37:537][790]LogCore: Engine exit requested (reason: EngineExit() was called; note: exit was already requested)
[2020.09.19-22.58.37:538][790]LogAudioMixer: Display: No commands were queued while flushing the source manager.
[2020.09.19-22.58.37:542][790]LogInit: Display: PreExit Game.
[2020.09.19-22.58.37:574][790]LogWorld: BeginTearingDown for /Game/Map/Index
[2020.09.19-22.58.37:574][790]LogWorld: UWorld::CleanupWorld for Index, bSessionEnded=true, bCleanupResources=true
[2020.09.19-22.58.37:574][790]LogSlate: InvalidateAllWidgets triggered.  All widgets were invalidated
[2020.09.19-22.58.37:609][790]LogExit: Preparing to exit.
[2020.09.19-22.58.39:412][790]LogMoviePlayer: Shutting down movie player
[2020.09.19-22.58.39:578][790]LogSlate: Updating window title bar state: overlay mode, drag disabled, window buttons hidden, title bar hidden
[2020.09.19-22.58.39:578][790]LogDemo: Cleaned up 0 splitscreen connections with owner deletion
[2020.09.19-22.58.39:587][790]LogExit: Game engine shut down
[2020.09.19-22.58.39:671][790]LogExit: Object subsystem successfully closed.
[2020.09.19-22.58.39:696][790]LogShaderCompilers: Display: Shaders left to compile 0
[2020.09.19-22.58.39:704][790]LogModuleManager: Shutting down and abandoning module SequenceRecorderSections (450)
[2020.09.19-22.58.39:704][790]LogModuleManager: Shutting down and abandoning module SequenceRecorder (448)
[2020.09.19-22.58.39:704][790]LogModuleManager: Shutting down and abandoning module AutomationController (446)
[2020.09.19-22.58.39:704][790]LogModuleManager: Shutting down and abandoning module AutomationWorker (444)
[2020.09.19-22.58.39:704][790]LogModuleManager: Shutting down and abandoning module Voice (442)
[2020.09.19-22.58.39:704][790]LogModuleManager: Shutting down and abandoning module AIModule (440)
[2020.09.19-22.58.39:704][790]LogModuleManager: Shutting down and abandoning module GameplayDebugger (439)
[2020.09.19-22.58.39:704][790]LogModuleManager: Shutting down and abandoning module AITestSuite (437)
[2020.09.19-22.58.39:704][790]LogModuleManager: Shutting down and abandoning module NavigationSystem (435)
[2020.09.19-22.58.39:704][790]LogModuleManager: Shutting down and abandoning module OculusMR (432)
[2020.09.19-22.58.39:704][790]LogModuleManager: Shutting down and abandoning module WmfMediaFactory (430)
[2020.09.19-22.58.39:704][790]LogModuleManager: Shutting down and abandoning module WebMMediaFactory (428)
[2020.09.19-22.58.39:704][790]LogModuleManager: Shutting down and abandoning module WebMMedia (426)
[2020.09.19-22.58.39:704][790]LogModuleManager: Shutting down and abandoning module OpenExrWrapper (424)
[2020.09.19-22.58.39:705][790]LogModuleManager: Shutting down and abandoning module ImgMediaFactory (422)
[2020.09.19-22.58.39:705][790]LogModuleManager: Shutting down and abandoning module AvfMediaFactory (420)
[2020.09.19-22.58.39:705][790]LogModuleManager: Shutting down and abandoning module MagicLeapMediaCodecFactory (418)
[2020.09.19-22.58.39:705][790]LogModuleManager: Shutting down and abandoning module MagicLeapMediaFactory (416)
[2020.09.19-22.58.39:705][790]LogModuleManager: Shutting down and abandoning module CharacterAI (414)
[2020.09.19-22.58.39:705][790]LogModuleManager: Shutting down and abandoning module SessionServices (412)
[2020.09.19-22.58.39:705][790]LogModuleManager: Shutting down and abandoning module MovieSceneCapture (410)
[2020.09.19-22.58.39:705][790]LogModuleManager: Shutting down and abandoning module LiveCoding (408)
[2020.09.19-22.58.39:705][790]LogModuleManager: Shutting down and abandoning module LevelSequence (406)
[2020.09.19-22.58.39:705][790]LogModuleManager: Shutting down and abandoning module MovieSceneTracks (404)
[2020.09.19-22.58.39:705][790]LogModuleManager: Shutting down and abandoning module MovieScene (402)
[2020.09.19-22.58.39:705][790]LogModuleManager: Shutting down and abandoning module StreamingPauseRendering (400)
[2020.09.19-22.58.39:705][790]LogModuleManager: Shutting down and abandoning module PortalServices (398)
[2020.09.19-22.58.39:705][790]LogModuleManager: Shutting down and abandoning module PortalRpc (396)
[2020.09.19-22.58.39:705][790]LogModuleManager: Shutting down and abandoning module MessagingRpc (394)
[2020.09.19-22.58.39:705][790]LogModuleManager: Shutting down and abandoning module AudioMixerXAudio2 (392)
[2020.09.19-22.58.39:705][790]LogModuleManager: Shutting down and abandoning module ImageWriteQueue (390)
[2020.09.19-22.58.39:708][790]LogModuleManager: Shutting down and abandoning module ProfilerService (388)
[2020.09.19-22.58.39:823][790]LogModuleManager: Shutting down and abandoning module TaskGraph (386)
[2020.09.19-22.58.39:823][790]LogModuleManager: Shutting down and abandoning module ProceduralMeshComponent (384)
[2020.09.19-22.58.39:823][790]LogModuleManager: Shutting down and abandoning module OculusInput (382)
[2020.09.19-22.58.39:823][790]LogModuleManager: Shutting down and abandoning module MobilePatchingUtils (380)
[2020.09.19-22.58.39:823][790]LogModuleManager: Shutting down and abandoning module EditableMesh (378)
[2020.09.19-22.58.39:823][790]LogModuleManager: Shutting down and abandoning module CustomMeshComponent (376)
[2020.09.19-22.58.39:823][790]LogModuleManager: Shutting down and abandoning module CableComponent (374)
[2020.09.19-22.58.39:823][790]LogModuleManager: Shutting down and abandoning module AudioCapture (372)
[2020.09.19-22.58.39:823][790]LogModuleManager: Shutting down and abandoning module AudioCaptureRtAudio (371)
[2020.09.19-22.58.39:823][790]LogModuleManager: Shutting down and abandoning module AssetTags (368)
[2020.09.19-22.58.39:823][790]LogModuleManager: Shutting down and abandoning module ArchVisCharacter (366)
[2020.09.19-22.58.39:824][790]LogModuleManager: Shutting down and abandoning module AppleImageUtilsBlueprintSupport (364)
[2020.09.19-22.58.39:824][790]LogModuleManager: Shutting down and abandoning module AppleImageUtils (362)
[2020.09.19-22.58.39:824][790]LogModuleManager: Shutting down and abandoning module AndroidPermission (360)
[2020.09.19-22.58.39:824][790]LogModuleManager: Shutting down and abandoning module NUTUnrealEngine4 (358)
[2020.09.19-22.58.39:824][790]LogModuleManager: Shutting down and abandoning module NetcodeUnitTest (356)
[2020.09.19-22.58.39:824][790]LogModuleManager: Shutting down and abandoning module MediaCompositing (354)
[2020.09.19-22.58.39:824][790]LogModuleManager: Shutting down and abandoning module ImgMedia (352)
[2020.09.19-22.58.39:824][790]LogModuleManager: Shutting down and abandoning module MagicLeapHelperVulkan (350)
[2020.09.19-22.58.39:824][790]LogModuleManager: Shutting down and abandoning module MagicLeapHelperOpenGL (348)
[2020.09.19-22.58.39:824][790]LogModuleManager: Shutting down and abandoning module MagicLeapAudio (346)
[2020.09.19-22.58.39:824][790]LogModuleManager: Shutting down and abandoning module GeometryCacheTracks (344)
[2020.09.19-22.58.39:824][790]LogModuleManager: Shutting down and abandoning module GeometryCacheSequencer (343)
[2020.09.19-22.58.39:824][790]LogModuleManager: Shutting down and abandoning module GeometryCache (340)
[2020.09.19-22.58.39:824][790]LogModuleManager: Shutting down and abandoning module GeometryCacheEd (339)
[2020.09.19-22.58.39:824][790]LogModuleManager: Shutting down and abandoning module BackChannel (336)
[2020.09.19-22.58.39:824][790]LogModuleManager: Shutting down and abandoning module AutomationUtils (334)
[2020.09.19-22.58.39:824][790]LogModuleManager: Shutting down and abandoning module VisualStudioSourceCodeAccess (332)
[2020.09.19-22.58.39:824][790]LogModuleManager: Shutting down and abandoning module HotReload (331)
[2020.09.19-22.58.39:824][790]LogModuleManager: Shutting down and abandoning module DirectoryWatcher (330)
[2020.09.19-22.58.39:824][790]LogModuleManager: Shutting down and abandoning module VisualStudioCodeSourceCodeAccess (326)
[2020.09.19-22.58.39:824][790]LogModuleManager: Shutting down and abandoning module UObjectPlugin (324)
[2020.09.19-22.58.39:824][790]LogModuleManager: Shutting down and abandoning module SubversionSourceControl (322)
[2020.09.19-22.58.39:824][790]LogModuleManager: Shutting down and abandoning module PerforceSourceControl (320)
[2020.09.19-22.58.39:824][790]LogModuleManager: Shutting down and abandoning module SourceControl (319)
[2020.09.19-22.58.39:824][790]LogModuleManager: Shutting down and abandoning module MultiUserClientLibrary (316)
[2020.09.19-22.58.39:824][790]LogModuleManager: Shutting down and abandoning module MultiUserClient (314)
[2020.09.19-22.58.39:824][790]LogModuleManager: Shutting down and abandoning module ConcertSyncUI (312)
[2020.09.19-22.58.39:824][790]LogModuleManager: Shutting down and abandoning module ConcertSyncClient (310)
[2020.09.19-22.58.39:824][790]LogModuleManager: Shutting down and abandoning module CLionSourceCodeAccess (308)
[2020.09.19-22.58.39:824][790]LogModuleManager: Shutting down and abandoning module ActorLayerUtilities (306)
[2020.09.19-22.58.39:824][790]LogModuleManager: Shutting down and abandoning module SignificanceManager (304)
[2020.09.19-22.58.39:824][790]LogModuleManager: Shutting down and abandoning module RuntimePhysXCooking (302)
[2020.09.19-22.58.39:824][790]LogModuleManager: Shutting down and abandoning module PhysXVehiclesEditor (300)
[2020.09.19-22.58.39:824][790]LogModuleManager: Shutting down and abandoning module LocationServicesBPLibrary (296)
[2020.09.19-22.58.39:824][790]LogModuleManager: Shutting down and abandoning module SQLiteCore (294)
[2020.09.19-22.58.39:824][790]LogModuleManager: Shutting down and abandoning module ActorSequence (292)
[2020.09.19-22.58.39:825][790]LogModuleManager: Shutting down and abandoning module UdpMessaging (290)
[2020.09.19-22.58.39:926][790]LogModuleManager: Shutting down and abandoning module TcpMessaging (288)
[2020.09.19-22.58.40:412][790]LogModuleManager: Shutting down and abandoning module MagicLeapPrivileges (286)
[2020.09.19-22.58.40:412][790]LogModuleManager: Shutting down and abandoning module MagicLeapPlanes (284)
[2020.09.19-22.58.40:412][790]LogMagicLeapPlanes: Planes tracker already destroyed.
[2020.09.19-22.58.40:412][790]LogModuleManager: Shutting down and abandoning module MagicLeapIdentity (282)
[2020.09.19-22.58.40:412][790]LogModuleManager: Shutting down and abandoning module MagicLeapSecureStorage (280)
[2020.09.19-22.58.40:412][790]LogModuleManager: Shutting down and abandoning module MagicLeapImageTracker (278)
[2020.09.19-22.58.40:412][790]LogModuleManager: Shutting down and abandoning module MagicLeapHandTracking (276)
[2020.09.19-22.58.40:412][790]LogModuleManager: Shutting down and abandoning module MagicLeapHandMeshing (274)
[2020.09.19-22.58.40:412][790]LogModuleManager: Shutting down and abandoning module MagicLeapEyeTracker (272)
[2020.09.19-22.58.40:412][790]LogModuleManager: Shutting down and abandoning module MagicLeapController (270)
[2020.09.19-22.58.40:412][790]LogSlate: Slate User Destroyed.  User Index 0, Is Virtual User: 0
[2020.09.19-22.58.40:412][790]LogModuleManager: Shutting down and abandoning module MagicLeapARPin (268)
[2020.09.19-22.58.40:412][790]LogModuleManager: Shutting down and abandoning module MagicLeapAR (266)
[2020.09.19-22.58.40:412][790]LogModuleManager: Shutting down and abandoning module AugmentedReality (265)
[2020.09.19-22.58.40:412][790]LogModuleManager: Shutting down and abandoning module GameplayTagsEditor (262)
[2020.09.19-22.58.40:412][790]LogModuleManager: Shutting down and abandoning module FacialAnimation (260)
[2020.09.19-22.58.40:412][790]LogModuleManager: Shutting down and abandoning module AssetManagerEditor (258)
[2020.09.19-22.58.40:412][790]LogModuleManager: Shutting down and abandoning module TreeMap (257)
[2020.09.19-22.58.40:412][790]LogModuleManager: Shutting down and abandoning module ConcertSyncCore (254)
[2020.09.19-22.58.40:413][790]LogModuleManager: Shutting down and abandoning module Concert (252)
[2020.09.19-22.58.40:413][790]LogModuleManager: Shutting down and abandoning module ConcertTransport (251)
[2020.09.19-22.58.40:413][790]LogModuleManager: Shutting down and abandoning module AnimationSharing (248)
[2020.09.19-22.58.40:413][790]LogModuleManager: Shutting down and abandoning module LightPropagationVolumeRuntime (246)
[2020.09.19-22.58.40:413][790]LogModuleManager: Shutting down and abandoning module Paper2D (244)
[2020.09.19-22.58.40:413][790]LogModuleManager: Shutting down and abandoning module WindowsMoviePlayer (242)
[2020.09.19-22.58.40:414][790]LogModuleManager: Shutting down and abandoning module WebMMoviePlayer (240)
[2020.09.19-22.58.40:414][790]LogModuleManager: Shutting down and abandoning module NetworkReplayStreaming (238)
[2020.09.19-22.58.40:414][790]LogModuleManager: Shutting down and abandoning module PacketHandler (236)
[2020.09.19-22.58.40:414][790]LogModuleManager: Shutting down and abandoning module ClothingSystemEditor (234)
[2020.09.19-22.58.40:414][790]LogModuleManager: Shutting down and abandoning module ClothingSystemRuntimeNv (232)
[2020.09.19-22.58.40:414][790]LogModuleManager: Shutting down and abandoning module MediaAssets (230)
[2020.09.19-22.58.40:414][790]LogModuleManager: Shutting down and abandoning module Overlay (228)
[2020.09.19-22.58.40:414][790]LogModuleManager: Shutting down and abandoning module OverlayEditor (227)
[2020.09.19-22.58.40:414][790]LogModuleManager: Shutting down and abandoning module VREditor (224)
[2020.09.19-22.58.40:414][790]LogModuleManager: Shutting down and abandoning module StringTableEditor (222)
[2020.09.19-22.58.40:414][790]LogModuleManager: Shutting down and abandoning module GameplayTasksEditor (220)
[2020.09.19-22.58.40:414][790]LogModuleManager: Shutting down and abandoning module BehaviorTreeEditor (218)
[2020.09.19-22.58.40:414][790]LogModuleManager: Shutting down and abandoning module FunctionalTesting (216)
[2020.09.19-22.58.40:414][790]LogModuleManager: Shutting down and abandoning module CollisionAnalyzer (214)
[2020.09.19-22.58.40:414][790]LogModuleManager: Shutting down and abandoning module WorkspaceMenuStructure (213)
[2020.09.19-22.58.40:414][790]LogModuleManager: Shutting down and abandoning module UMG (210)
[2020.09.19-22.58.40:414][790]LogModuleManager: Shutting down and abandoning module UMGEditor (209)
[2020.09.19-22.58.40:414][790]LogModuleManager: Shutting down and abandoning module Sequencer (208)
[2020.09.19-22.58.40:414][790]LogModuleManager: Shutting down and abandoning module MessageLog (205)
[2020.09.19-22.58.40:414][790]LogModuleManager: Shutting down and abandoning module SlateReflector (200)
[2020.09.19-22.58.40:414][790]LogModuleManager: Shutting down and abandoning module Slate (198)
[2020.09.19-22.58.40:414][790]LogModuleManager: Shutting down and abandoning module SlateCore (196)
[2020.09.19-22.58.40:414][790]LogModuleManager: Shutting down and abandoning module LandscapeEditorUtilities (194)
[2020.09.19-22.58.40:414][790]LogModuleManager: Shutting down and abandoning module EditorStyle (192)
[2020.09.19-22.58.40:415][790]LogModuleManager: Shutting down and abandoning module UnrealEd (190)
[2020.09.19-22.58.40:415][790]LogModuleManager: Shutting down and abandoning module MRMesh (188)
[2020.09.19-22.58.40:415][790]LogModuleManager: Shutting down and abandoning module Messaging (186)
[2020.09.19-22.58.40:415][790]LogModuleManager: Shutting down and abandoning module SourceCodeAccess (184)
[2020.09.19-22.58.40:415][790]LogModuleManager: Shutting down and abandoning module HeadMountedDisplay (182)
[2020.09.19-22.58.40:415][790]LogModuleManager: Shutting down and abandoning module XAudio2 (180)
[2020.09.19-22.58.40:415][790]LogModuleManager: Shutting down and abandoning module Networking (178)
[2020.09.19-22.58.40:415][790]LogModuleManager: Shutting down and abandoning module Core (176)
[2020.09.19-22.58.40:415][790]LogModuleManager: Shutting down and abandoning module MovieSceneTools (174)
[2020.09.19-22.58.40:415][790]LogModuleManager: Shutting down and abandoning module KismetCompiler (172)
[2020.09.19-22.58.40:415][790]LogModuleManager: Shutting down and abandoning module MeshUtilities (170)
[2020.09.19-22.58.40:415][790]LogModuleManager: Shutting down and abandoning module MeshMergeUtilities (169)
[2020.09.19-22.58.40:415][790]LogModuleManager: Shutting down and abandoning module MeshReductionInterface (168)
[2020.09.19-22.58.40:415][790]LogModuleManager: Shutting down and abandoning module MeshBoneReduction (167)
[2020.09.19-22.58.40:415][790]LogModuleManager: Shutting down and abandoning module SkeletalMeshReduction (165)
[2020.09.19-22.58.40:415][790]LogModuleManager: Shutting down and abandoning module ProxyLODMeshReduction (163)
[2020.09.19-22.58.40:415][790]LogModuleManager: Shutting down and abandoning module QuadricMeshReduction (161)
[2020.09.19-22.58.40:415][790]LogModuleManager: Shutting down and abandoning module MaterialBaking (157)
[2020.09.19-22.58.40:415][790]LogModuleManager: Shutting down and abandoning module NullInstallBundleManager (152)
[2020.09.19-22.58.40:415][790]LogModuleManager: Shutting down and abandoning module PIEPreviewDeviceProfileSelector (150)
[2020.09.19-22.58.40:415][790]LogModuleManager: Shutting down and abandoning module DerivedDataCache (148)
[2020.09.19-22.58.40:415][790]LogDerivedDataCache: Shutdown
[2020.09.19-22.58.40:415][790]LogModuleManager: Shutting down and abandoning module XGEController (146)
[2020.09.19-22.58.40:415][790]LogModuleManager: Shutting down and abandoning module TargetPlatform (144)
[2020.09.19-22.58.40:415][790]LogModuleManager: Shutting down and abandoning module VulkanShaderFormat (143)
[2020.09.19-22.58.40:415][790]LogModuleManager: Shutting down and abandoning module ShaderFormatVectorVM (141)
[2020.09.19-22.58.40:415][790]LogModuleManager: Shutting down and abandoning module ShaderFormatOpenGL (139)
[2020.09.19-22.58.40:416][790]LogModuleManager: Shutting down and abandoning module ShaderFormatD3D (137)
[2020.09.19-22.58.40:416][790]LogModuleManager: Shutting down and abandoning module MetalShaderFormat (135)
[2020.09.19-22.58.40:416][790]LogModuleManager: Shutting down and abandoning module TextureFormatUncompressed (133)
[2020.09.19-22.58.40:416][790]LogModuleManager: Shutting down and abandoning module TextureFormatPVR (131)
[2020.09.19-22.58.40:416][790]LogModuleManager: Shutting down and abandoning module TextureFormatDXT (129)
[2020.09.19-22.58.40:416][790]LogModuleManager: Shutting down and abandoning module TextureFormatIntelISPCTexComp (127)
[2020.09.19-22.58.40:416][790]LogModuleManager: Shutting down and abandoning module TextureFormatASTC (125)
[2020.09.19-22.58.40:416][790]LogModuleManager: Shutting down and abandoning module ImageWrapper (124)
[2020.09.19-22.58.40:416][790]LogModuleManager: Shutting down and abandoning module TextureFormatAndroid (121)
[2020.09.19-22.58.40:416][790]LogModuleManager: Shutting down and abandoning module AudioFormatOpus (119)
[2020.09.19-22.58.40:416][790]LogModuleManager: Shutting down and abandoning module AudioFormatOgg (117)
[2020.09.19-22.58.40:416][790]LogModuleManager: Shutting down and abandoning module AudioFormatADPCM (115)
[2020.09.19-22.58.40:416][790]LogModuleManager: Shutting down and abandoning module WindowsServerTargetPlatform (113)
[2020.09.19-22.58.40:416][790]LogModuleManager: Shutting down and abandoning module WindowsClientTargetPlatform (111)
[2020.09.19-22.58.40:416][790]LogModuleManager: Shutting down and abandoning module WindowsTargetPlatform (109)
[2020.09.19-22.58.40:416][790]LogModuleManager: Shutting down and abandoning module WindowsNoEditorTargetPlatform (107)
[2020.09.19-22.58.40:416][790]LogModuleManager: Shutting down and abandoning module InputCore (104)
[2020.09.19-22.58.40:416][790]LogModuleManager: Shutting down and abandoning module Settings (102)
[2020.09.19-22.58.40:416][790]LogModuleManager: Shutting down and abandoning module PhysXCooking (100)
[2020.09.19-22.58.40:416][790]LogModuleManager: Shutting down and abandoning module ChaosSolvers (98)
[2020.09.19-22.58.40:416][790]LogModuleManager: Shutting down and abandoning module FieldSystemEngine (97)
[2020.09.19-22.58.40:416][790]LogModuleManager: Shutting down and abandoning module Chaos (94)
[2020.09.19-22.58.40:416][790]LogModuleManager: Shutting down and abandoning module WindowsPlatformFeatures (92)
[2020.09.19-22.58.40:416][790]LogModuleManager: Shutting down and abandoning module GameplayMediaEncoder (91)
[2020.09.19-22.58.40:416][790]LogModuleManager: Shutting down and abandoning module SteamVRInputDevice (88)
[2020.09.19-22.58.40:416][790]LogModuleManager: Shutting down and abandoning module SteamVRInput (86)
[2020.09.19-22.58.40:416][790]LogModuleManager: Shutting down and abandoning module SteamVR (84)
[2020.09.19-22.58.40:416][790]LogHMD: Freeing OpenVRDLLHandle.
[2020.09.19-22.58.40:416][790]LogModuleManager: Shutting down and abandoning module OculusHMD (82)
[2020.09.19-22.58.40:416][790]LogModuleManager: Shutting down and abandoning module ExampleDeviceProfileSelector (80)
[2020.09.19-22.58.40:416][790]LogModuleManager: Shutting down and abandoning module LauncherChunkInstaller (78)
[2020.09.19-22.58.40:416][790]LogModuleManager: Shutting down and abandoning module OnlineBlueprintSupport (76)
[2020.09.19-22.58.40:416][790]LogModuleManager: Shutting down and abandoning module OnlineSubsystem (72)
[2020.09.19-22.58.40:417][790]LogModuleManager: Shutting down and abandoning module XMPP (67)
[2020.09.19-22.58.40:417][790]LogModuleManager: Shutting down and abandoning module WebSockets (66)
[2020.09.19-22.58.40:446][790]LogModuleManager: Shutting down and abandoning module HTTP (63)
[2020.09.19-22.58.40:454][790]LogModuleManager: Shutting down and abandoning module SSL (62)
[2020.09.19-22.58.40:455][790]LogModuleManager: Shutting down and abandoning module WmfMedia (58)
[2020.09.19-22.58.40:456][790]LogModuleManager: Shutting down and abandoning module Media (57)
[2020.09.19-22.58.40:457][790]LogModuleManager: Shutting down and abandoning module MagicLeap (54)
[2020.09.19-22.58.40:457][790]LogModuleManager: Shutting down and abandoning module VariantManagerContent (52)
[2020.09.19-22.58.40:457][790]LogModuleManager: Shutting down and abandoning module DatasmithContent (50)
[2020.09.19-22.58.40:457][790]LogModuleManager: Shutting down and abandoning module AISupportModule (48)
[2020.09.19-22.58.40:457][790]LogModuleManager: Shutting down and abandoning module DesktopPlatform (46)
[2020.09.19-22.58.40:457][790]LogModuleManager: Shutting down and abandoning module PlatformCryptoOpenSSL (44)
[2020.09.19-22.58.40:457][790]LogModuleManager: Shutting down and abandoning module PlatformCryptoTypes (42)
[2020.09.19-22.58.40:457][790]LogModuleManager: Shutting down and abandoning module PlatformCrypto (40)
[2020.09.19-22.58.40:457][790]LogModuleManager: Shutting down and abandoning module AnimationModifiers (38)
[2020.09.19-22.58.40:457][790]LogModuleManager: Shutting down and abandoning module PropertyEditor (37)
[2020.09.19-22.58.40:457][790]LogModuleManager: Shutting down and abandoning module AudioEditor (34)
[2020.09.19-22.58.40:458][790]LogModuleManager: Shutting down and abandoning module TextureCompressor (32)
[2020.09.19-22.58.40:458][790]LogModuleManager: Shutting down and abandoning module RenderCore (30)
[2020.09.19-22.58.40:458][790]LogModuleManager: Shutting down and abandoning module Landscape (28)
[2020.09.19-22.58.40:458][790]LogModuleManager: Shutting down and abandoning module SlateRHIRenderer (26)
[2020.09.19-22.58.40:458][790]LogModuleManager: Shutting down and abandoning module OpenGLDrv (24)
[2020.09.19-22.58.40:458][790]LogModuleManager: Shutting down and abandoning module D3D11RHI (22)
[2020.09.19-22.58.40:458][790]LogModuleManager: Shutting down and abandoning module AnimGraphRuntime (20)
[2020.09.19-22.58.40:459][790]LogModuleManager: Shutting down and abandoning module Renderer (18)
[2020.09.19-22.58.40:459][790]LogModuleManager: Shutting down and abandoning module Engine (16)
[2020.09.19-22.58.40:459][790]LogModuleManager: Shutting down and abandoning module CoreUObject (14)
[2020.09.19-22.58.40:459][790]LogModuleManager: Shutting down and abandoning module NetworkFile (12)
[2020.09.19-22.58.40:459][790]LogModuleManager: Shutting down and abandoning module CookedIterativeFile (10)
[2020.09.19-22.58.40:459][790]LogModuleManager: Shutting down and abandoning module StreamingFile (8)
[2020.09.19-22.58.40:459][790]LogModuleManager: Shutting down and abandoning module SandboxFile (6)
[2020.09.19-22.58.40:459][790]LogModuleManager: Shutting down and abandoning module PakFile (4)
[2020.09.19-22.58.40:459][790]LogModuleManager: Shutting down and abandoning module RSA (3)
[2020.09.19-22.58.40:459][790]LogD3D11RHI: Shutdown
[2020.09.19-22.58.40:459][790]LogD3D11RHI: CleanupD3DDevice
[2020.09.19-22.58.40:465][790]LogExit: Exiting.
[2020.09.19-22.58.40:473][790]Log file closed, 09/20/20 06:58:40
