Log file open, 09/12/20 12:03:55
LogWindows: Failed to load 'aqProf.dll' (GetLastError=126)
LogWindows: File 'aqProf.dll' does not exist
LogWindows: Failed to load 'VtuneApi.dll' (GetLastError=126)
LogWindows: File 'VtuneApi.dll' does not exist
LogWindows: Failed to load 'VtuneApi32e.dll' (GetLastError=126)
LogWindows: File 'VtuneApi32e.dll' does not exist
LogConsoleResponse: Display: Failed to find resolution value strings in scalability ini. Falling back to default.
LogInit: Display: Running engine for game: FYP
LogPlatformFile: Not using cached read wrapper
LogTaskGraph: Started task graph with 5 named threads and 23 total threads with 3 sets of task threads.
LogStats: Stats thread started at 0.099857
LogD3D11RHI: Loaded GFSDK_Aftermath_Lib.x64.dll
LogICUInternationalization: ICU TimeZone Detection - Raw Offset: +8:00, Platform Override: ''
LogPluginManager: Mounting plugin Paper2D
LogPluginManager: Mounting plugin AISupport
LogPluginManager: Mounting plugin LightPropagationVolume
LogPluginManager: Mounting plugin ActorLayerUtilities
LogPluginManager: Mounting plugin AnimationSharing
LogPluginManager: Mounting plugin CLionSourceCodeAccess
LogPluginManager: Mounting plugin CodeLiteSourceCodeAccess
LogPluginManager: Mounting plugin ConcertMain
LogPluginManager: Mounting plugin ConcertSyncClient
LogPluginManager: Mounting plugin ConcertSyncCore
LogPluginManager: Mounting plugin MultiUserClient
LogPluginManager: Mounting plugin GitSourceControl
LogPluginManager: Mounting plugin KDevelopSourceCodeAccess
LogPluginManager: Mounting plugin NullSourceCodeAccess
LogPluginManager: Mounting plugin PerforceSourceControl
LogPluginManager: Mounting plugin PlasticSourceControl
LogPluginManager: Mounting plugin SubversionSourceControl
LogPluginManager: Mounting plugin UObjectPlugin
LogPluginManager: Mounting plugin VisualStudioCodeSourceCodeAccess
LogPluginManager: Mounting plugin VisualStudioSourceCodeAccess
LogPluginManager: Mounting plugin XCodeSourceCodeAccess
LogPluginManager: Mounting plugin AssetManagerEditor
LogPluginManager: Mounting plugin CryptoKeys
LogPluginManager: Mounting plugin CurveEditorTools
LogPluginManager: Mounting plugin DataValidation
LogPluginManager: Mounting plugin FacialAnimation
LogPluginManager: Mounting plugin GameplayTagsEditor
LogPluginManager: Mounting plugin MacGraphicsSwitching
LogPluginManager: Mounting plugin MaterialAnalyzer
LogPluginManager: Mounting plugin MobileLauncherProfileWizard
LogPluginManager: Mounting plugin PluginBrowser
LogPluginManager: Mounting plugin SpeedTreeImporter
LogPluginManager: Mounting plugin DatasmithContent
LogPluginManager: Mounting plugin VariantManagerContent
LogPluginManager: Mounting plugin AlembicImporter
LogPluginManager: Mounting plugin AutomationUtils
LogPluginManager: Mounting plugin BackChannel
LogPluginManager: Mounting plugin CharacterAI
LogPluginManager: Mounting plugin GeometryCache
LogPluginManager: Mounting plugin PlatformCrypto
LogPluginManager: Mounting plugin ProxyLODPlugin
LogPluginManager: Mounting plugin SkeletalReduction
LogPluginManager: Mounting plugin MagicLeap
LogPluginManager: Mounting plugin MagicLeapMedia
LogPluginManager: Mounting plugin MLSDK
LogPluginManager: Mounting plugin AndroidMedia
LogPluginManager: Mounting plugin AvfMedia
LogPluginManager: Mounting plugin ImgMedia
LogPluginManager: Mounting plugin MediaCompositing
LogPluginManager: Mounting plugin MediaPlayerEditor
LogPluginManager: Mounting plugin WebMMedia
LogPluginManager: Mounting plugin WmfMedia
LogPluginManager: Mounting plugin TcpMessaging
LogPluginManager: Mounting plugin UdpMessaging
LogPluginManager: Mounting plugin ActorSequence
LogPluginManager: Mounting plugin LevelSequenceEditor
LogPluginManager: Mounting plugin MatineeToLevelSequence
LogPluginManager: Mounting plugin NetcodeUnitTest
LogPluginManager: Mounting plugin NUTUnrealEngine4
LogPluginManager: Mounting plugin OnlineSubsystemGooglePlay
LogPluginManager: Mounting plugin OnlineSubsystemIOS
LogPluginManager: Mounting plugin OnlineSubsystem
LogPluginManager: Mounting plugin OnlineSubsystemNull
LogPluginManager: Mounting plugin OnlineSubsystemUtils
LogPluginManager: Mounting plugin LauncherChunkInstaller
LogPluginManager: Mounting plugin AndroidDeviceProfileSelector
LogPluginManager: Mounting plugin AndroidMoviePlayer
LogPluginManager: Mounting plugin AndroidPermission
LogPluginManager: Mounting plugin AppleImageUtils
LogPluginManager: Mounting plugin AppleMoviePlayer
LogPluginManager: Mounting plugin ArchVisCharacter
LogPluginManager: Mounting plugin AssetTags
LogPluginManager: Mounting plugin AudioCapture
LogPluginManager: Mounting plugin CableComponent
LogPluginManager: Mounting plugin CustomMeshComponent
LogPluginManager: Mounting plugin SQLiteCore
LogPluginManager: Mounting plugin EditableMesh
LogPluginManager: Mounting plugin ExampleDeviceProfileSelector
LogPluginManager: Mounting plugin GoogleCloudMessaging
LogPluginManager: Mounting plugin IOSDeviceProfileSelector
LogPluginManager: Mounting plugin LinuxDeviceProfileSelector
LogPluginManager: Mounting plugin LocationServicesBPLibrary
LogPluginManager: Mounting plugin MobilePatchingUtils
LogPluginManager: Mounting plugin OculusVR
LogPluginManager: Mounting plugin PhysXVehicles
LogPluginManager: Mounting plugin PostSplashScreen
LogPluginManager: Mounting plugin ProceduralMeshComponent
LogPluginManager: Mounting plugin RuntimePhysXCooking
LogPluginManager: Mounting plugin SignificanceManager
LogPluginManager: Mounting plugin SteamVR
LogPluginManager: Mounting plugin WebMMoviePlayer
LogPluginManager: Mounting plugin WindowsMoviePlayer
LogPluginManager: Mounting plugin ScreenshotTools
LogInit: Using libcurl 7.55.1-DEV
LogInit:  - built for x86_64-pc-win32
LogInit:  - supports SSL with OpenSSL/1.1.1
LogInit:  - supports HTTP deflate (compression) using libz 1.2.8
LogInit:  - other features:
LogInit:      CURL_VERSION_SSL
LogInit:      CURL_VERSION_LIBZ
LogInit:      CURL_VERSION_IPV6
LogInit:      CURL_VERSION_ASYNCHDNS
LogInit:      CURL_VERSION_LARGEFILE
LogInit:      CURL_VERSION_IDN
LogInit:  CurlRequestOptions (configurable via config and command line):
LogInit:  - bVerifyPeer = true  - Libcurl will verify peer certificate
LogInit:  - bUseHttpProxy = false  - Libcurl will NOT use HTTP proxy
LogInit:  - bDontReuseConnections = false  - Libcurl will reuse connections
LogInit:  - MaxHostConnections = 16  - Libcurl will limit the number of connections to a host
LogInit:  - LocalHostAddr = Default
LogInit:  - BufferSize = 65536
LogOnline: OSS: Creating online subsystem instance for: NULL
LogInit: WinSock: version 1.1 (2.2), MaxSocks=32767, MaxUdp=65467
LogOnline: OSS: TryLoadSubsystemAndSetDefault: Loaded subsystem for module [NULL]
LogInit: Build: ++UE4+Release-4.24-CL-11590370
LogInit: Engine Version: 4.24.3-11590370+++UE4+Release-4.24
LogInit: Compatible Engine Version: 4.24.0-10570792+++UE4+Release-4.24
LogInit: Net CL: 10570792
LogInit: OS: Windows 10 (Release 2004) (), CPU: Intel(R) Core(TM) i7-4770 CPU @ 3.40GHz, GPU: NVIDIA GeForce GTX 1060 6GB
LogInit: Compiled (64-bit): Feb 24 2020 15:39:18
LogInit: Compiled with Visual C++: 19.16.27032.01
LogInit: Build Configuration: Development
LogInit: Branch Name: ++UE4+Release-4.24
LogInit: Command Line: 
LogInit: Base Directory: D:/Program Files/UE_4.24/Engine/Binaries/Win64/
LogInit: Installed Engine Build: 1
LogDevObjectVersion: Number of dev versions registered: 25
LogDevObjectVersion:   Dev-Blueprints (B0D832E4-1F89-4F0D-ACCF-7EB736FD4AA2): 10
LogDevObjectVersion:   Dev-Build (E1C64328-A22C-4D53-A36C-8E866417BD8C): 0
LogDevObjectVersion:   Dev-Core (375EC13C-06E4-48FB-B500-84F0262A717E): 3
LogDevObjectVersion:   Dev-Editor (E4B068ED-F494-42E9-A231-DA0B2E46BB41): 37
LogDevObjectVersion:   Dev-Framework (CFFC743F-43B0-4480-9391-14DF171D2073): 36
LogDevObjectVersion:   Dev-Mobile (B02B49B5-BB20-44E9-A304-32B752E40360): 2
LogDevObjectVersion:   Dev-Networking (A4E4105C-59A1-49B5-A7C5-40C4547EDFEE): 0
LogDevObjectVersion:   Dev-Online (39C831C9-5AE6-47DC-9A44-9C173E1C8E7C): 0
LogDevObjectVersion:   Dev-Physics (78F01B33-EBEA-4F98-B9B4-84EACCB95AA2): 2
LogDevObjectVersion:   Dev-Platform (6631380F-2D4D-43E0-8009-CF276956A95A): 0
LogDevObjectVersion:   Dev-Rendering (12F88B9F-8875-4AFC-A67C-D90C383ABD29): 36
LogDevObjectVersion:   Dev-Sequencer (7B5AE74C-D270-4C10-A958-57980B212A5A): 11
LogDevObjectVersion:   Dev-VR (D7296918-1DD6-4BDD-9DE2-64A83CC13884): 2
LogDevObjectVersion:   Dev-LoadTimes (C2A15278-BFE7-4AFE-6C17-90FF531DF755): 1
LogDevObjectVersion:   Private-Geometry (6EACA3D4-40EC-4CC1-B786-8BED09428FC5): 3
LogDevObjectVersion:   Dev-AnimPhys (29E575DD-E0A3-4627-9D10-D276232CDCEA): 17
LogDevObjectVersion:   Dev-Anim (AF43A65D-7FD3-4947-9873-3E8ED9C1BB05): 2
LogDevObjectVersion:   Dev-ReflectionCapture (6B266CEC-1EC7-4B8F-A30B-E4D90942FC07): 1
LogDevObjectVersion:   Dev-Automation (0DF73D61-A23F-47EA-B727-89E90C41499A): 1
LogDevObjectVersion:   FortniteMain (601D1886-AC64-4F84-AA16-D3DE0DEAC7D6): 31
LogDevObjectVersion:   Dev-Enterprise (9DFFBCD6-494F-0158-E221-12823C92A888): 8
LogDevObjectVersion:   Dev-Niagara (F2AED0AC-9AFE-416F-8664-AA7FFA26D6FC): 1
LogDevObjectVersion:   Dev-Destruction (174F1F0B-B4C6-45A5-B13F-2EE8D0FB917D): 9
LogDevObjectVersion:   Dev-Physics-Ext (35F94A83-E258-406C-A318-09F59610247C): 8
LogDevObjectVersion:   Dev-CineCamera (B2E18506-4273-CFC2-A54E-F4BB758BBA07): 1
LogInit: Presizing for max 25165824 objects, including 0 objects not considered by GC, pre-allocating 0 bytes for permanent pool.
LogInit: Object subsystem initialized
LogConfig: Setting CVar [[con.DebugEarlyDefault:1]]
LogConfig: Setting CVar [[r.setres:1280x720]]
[2020.09.12-04.03.55:431][  0]LogConfig: Setting CVar [[r.VSync:0]]
[2020.09.12-04.03.55:431][  0]LogConfig: Setting CVar [[r.RHICmdBypass:0]]
[2020.09.12-04.03.55:431][  0]LogConfig: Applying CVar settings from Section [/Script/Engine.RendererSettings] File [C:/Users/ken/Documents/Unreal Projects/FYP/Saved/Config/Windows/Engine.ini]
[2020.09.12-04.03.55:431][  0]LogConfig: Setting CVar [[r.GPUCrashDebugging:0]]
[2020.09.12-04.03.55:431][  0]LogConfig: Setting CVar [[r.MobileHDR:1]]
[2020.09.12-04.03.55:431][  0]LogConfig: Setting CVar [[r.Mobile.DisableVertexFog:1]]
[2020.09.12-04.03.55:431][  0]LogConfig: Setting CVar [[r.Shadow.CSM.MaxMobileCascades:2]]
[2020.09.12-04.03.55:431][  0]LogConfig: Setting CVar [[r.MobileMSAA:1]]
[2020.09.12-04.03.55:431][  0]LogConfig: Setting CVar [[r.Mobile.UseLegacyShadingModel:0]]
[2020.09.12-04.03.55:431][  0]LogConfig: Setting CVar [[r.Mobile.UseHWsRGBEncoding:0]]
[2020.09.12-04.03.55:431][  0]LogConfig: Setting CVar [[r.Mobile.AllowDitheredLODTransition:0]]
[2020.09.12-04.03.55:431][  0]LogConfig: Setting CVar [[r.Mobile.AllowSoftwareOcclusion:0]]
[2020.09.12-04.03.55:431][  0]LogConfig: Setting CVar [[r.DiscardUnusedQuality:0]]
[2020.09.12-04.03.55:431][  0]LogConfig: Setting CVar [[r.AllowOcclusionQueries:1]]
[2020.09.12-04.03.55:431][  0]LogConfig: Setting CVar [[r.MinScreenRadiusForLights:0.030000]]
[2020.09.12-04.03.55:431][  0]LogConfig: Setting CVar [[r.MinScreenRadiusForDepthPrepass:0.030000]]
[2020.09.12-04.03.55:431][  0]LogConfig: Setting CVar [[r.MinScreenRadiusForCSMDepth:0.010000]]
[2020.09.12-04.03.55:431][  0]LogConfig: Setting CVar [[r.PrecomputedVisibilityWarning:0]]
[2020.09.12-04.03.55:431][  0]LogConfig: Setting CVar [[r.TextureStreaming:1]]
[2020.09.12-04.03.55:431][  0]LogConfig: Setting CVar [[Compat.UseDXT5NormalMaps:0]]
[2020.09.12-04.03.55:431][  0]LogConfig: Setting CVar [[r.VirtualTextures:0]]
[2020.09.12-04.03.55:431][  0]LogConfig: Setting CVar [[r.VirtualTexturedLightmaps:0]]
[2020.09.12-04.03.55:431][  0]LogConfig: Setting CVar [[r.VT.TileSize:128]]
[2020.09.12-04.03.55:431][  0]LogConfig: Setting CVar [[r.VT.TileBorderSize:4]]
[2020.09.12-04.03.55:431][  0]LogConfig: Setting CVar [[r.vt.FeedbackFactor:16]]
[2020.09.12-04.03.55:431][  0]LogConfig: Setting CVar [[r.VT.EnableCompressZlib:1]]
[2020.09.12-04.03.55:431][  0]LogConfig: Setting CVar [[r.VT.EnableCompressCrunch:0]]
[2020.09.12-04.03.55:431][  0]LogConfig: Setting CVar [[r.ClearCoatNormal:0]]
[2020.09.12-04.03.55:431][  0]LogConfig: Setting CVar [[r.ReflectionCaptureResolution:128]]
[2020.09.12-04.03.55:431][  0]LogConfig: Setting CVar [[r.ReflectionEnvironmentLightmapMixBasedOnRoughness:1]]
[2020.09.12-04.03.55:431][  0]LogConfig: Setting CVar [[r.ForwardShading:0]]
[2020.09.12-04.03.55:431][  0]LogConfig: Setting CVar [[r.VertexFoggingForOpaque:1]]
[2020.09.12-04.03.55:431][  0]LogConfig: Setting CVar [[r.AllowStaticLighting:1]]
[2020.09.12-04.03.55:431][  0]LogConfig: Setting CVar [[r.NormalMapsForStaticLighting:0]]
[2020.09.12-04.03.55:431][  0]LogConfig: Setting CVar [[r.GenerateMeshDistanceFields:0]]
[2020.09.12-04.03.55:431][  0]LogConfig: Setting CVar [[r.DistanceFieldBuild.EightBit:0]]
[2020.09.12-04.03.55:431][  0]LogConfig: Setting CVar [[r.GenerateLandscapeGIData:0]]
[2020.09.12-04.03.55:431][  0]LogConfig: Setting CVar [[r.DistanceFieldBuild.Compress:0]]
[2020.09.12-04.03.55:431][  0]LogConfig: Setting CVar [[r.TessellationAdaptivePixelsPerTriangle:48.000000]]
[2020.09.12-04.03.55:431][  0]LogConfig: Setting CVar [[r.SeparateTranslucency:0]]
[2020.09.12-04.03.55:431][  0]LogConfig: Setting CVar [[r.TranslucentSortPolicy:0]]
[2020.09.12-04.03.55:431][  0]LogConfig: Setting CVar [[r.CustomDepth:1]]
[2020.09.12-04.03.55:431][  0]LogConfig: Setting CVar [[r.CustomDepthTemporalAAJitter:1]]
[2020.09.12-04.03.55:431][  0]LogConfig: Setting CVar [[r.PostProcessing.PropagateAlpha:0]]
[2020.09.12-04.03.55:431][  0]LogConfig: Setting CVar [[r.DefaultFeature.Bloom:1]]
[2020.09.12-04.03.55:431][  0]LogConfig: Setting CVar [[r.DefaultFeature.AmbientOcclusion:0]]
[2020.09.12-04.03.55:431][  0]LogConfig: Setting CVar [[r.DefaultFeature.AmbientOcclusionStaticFraction:1]]
[2020.09.12-04.03.55:431][  0]LogConfig: Setting CVar [[r.DefaultFeature.AutoExposure:0]]
[2020.09.12-04.03.55:431][  0]LogConfig: Setting CVar [[r.DefaultFeature.AutoExposure.Method:0]]
[2020.09.12-04.03.55:431][  0]LogConfig: Setting CVar [[r.DefaultFeature.AutoExposure.ExtendDefaultLuminanceRange:0]]
[2020.09.12-04.03.55:432][  0]LogConfig: Setting CVar [[r.UsePreExposure:1]]
[2020.09.12-04.03.55:432][  0]LogConfig: Setting CVar [[r.EyeAdaptation.EditorOnly:1]]
[2020.09.12-04.03.55:432][  0]LogConfig: Setting CVar [[r.DefaultFeature.MotionBlur:0]]
[2020.09.12-04.03.55:432][  0]LogConfig: Setting CVar [[r.DefaultFeature.LensFlare:0]]
[2020.09.12-04.03.55:432][  0]LogConfig: Setting CVar [[r.TemporalAA.Upsampling:0]]
[2020.09.12-04.03.55:432][  0]LogConfig: Setting CVar [[r.SSGI.Enable:0]]
[2020.09.12-04.03.55:432][  0]LogConfig: Setting CVar [[r.DefaultFeature.AntiAliasing:0]]
[2020.09.12-04.03.55:432][  0]LogConfig: Setting CVar [[r.DefaultFeature.LightUnits:1]]
[2020.09.12-04.03.55:432][  0]LogConfig: Setting CVar [[r.DefaultBackBufferPixelFormat:4]]
[2020.09.12-04.03.55:432][  0]LogConfig: Setting CVar [[r.Shadow.UnbuiltPreviewInGame:1]]
[2020.09.12-04.03.55:432][  0]LogConfig: Setting CVar [[r.StencilForLODDither:0]]
[2020.09.12-04.03.55:432][  0]LogConfig: Setting CVar [[r.EarlyZPass:3]]
[2020.09.12-04.03.55:432][  0]LogConfig: Setting CVar [[r.EarlyZPassOnlyMaterialMasking:0]]
[2020.09.12-04.03.55:432][  0]LogConfig: Setting CVar [[r.DBuffer:1]]
[2020.09.12-04.03.55:432][  0]LogConfig: Setting CVar [[r.ClearSceneMethod:1]]
[2020.09.12-04.03.55:432][  0]LogConfig: Setting CVar [[r.BasePassOutputsVelocity:0]]
[2020.09.12-04.03.55:432][  0]LogConfig: Setting CVar [[r.SelectiveBasePassOutputs:0]]
[2020.09.12-04.03.55:432][  0]LogConfig: Setting CVar [[fx.GPUSimulationTextureSizeX:1024]]
[2020.09.12-04.03.55:432][  0]LogConfig: Setting CVar [[fx.GPUSimulationTextureSizeY:1024]]
[2020.09.12-04.03.55:432][  0]LogConfig: Setting CVar [[r.AllowGlobalClipPlane:0]]
[2020.09.12-04.03.55:432][  0]LogConfig: Setting CVar [[r.GBufferFormat:1]]
[2020.09.12-04.03.55:432][  0]LogConfig: Setting CVar [[r.MorphTarget.Mode:1]]
[2020.09.12-04.03.55:432][  0]LogConfig: Setting CVar [[vr.InstancedStereo:0]]
[2020.09.12-04.03.55:432][  0]LogConfig: Setting CVar [[vr.MultiView:0]]
[2020.09.12-04.03.55:432][  0]LogConfig: Setting CVar [[vr.MobileMultiView:0]]
[2020.09.12-04.03.55:432][  0]LogConfig: Setting CVar [[vr.MobileMultiView.Direct:0]]
[2020.09.12-04.03.55:432][  0]LogConfig: Setting CVar [[vr.RoundRobinOcclusion:0]]
[2020.09.12-04.03.55:432][  0]LogConfig: Setting CVar [[vr.ODSCapture:0]]
[2020.09.12-04.03.55:432][  0]LogConfig: Setting CVar [[r.WireframeCullThreshold:5.000000]]
[2020.09.12-04.03.55:432][  0]LogConfig: Setting CVar [[r.RayTracing:0]]
[2020.09.12-04.03.55:432][  0]LogConfig: Setting CVar [[r.RayTracing.UseTextureLod:0]]
[2020.09.12-04.03.55:432][  0]LogConfig: Setting CVar [[r.SupportStationarySkylight:1]]
[2020.09.12-04.03.55:432][  0]LogConfig: Setting CVar [[r.SupportLowQualityLightmaps:1]]
[2020.09.12-04.03.55:432][  0]LogConfig: Setting CVar [[r.SupportPointLightWholeSceneShadows:1]]
[2020.09.12-04.03.55:432][  0]LogConfig: Setting CVar [[r.SupportAtmosphericFog:1]]
[2020.09.12-04.03.55:432][  0]LogConfig: Setting CVar [[r.SupportSkyAtmosphere:1]]
[2020.09.12-04.03.55:432][  0]LogConfig: Setting CVar [[r.SupportSkyAtmosphereAffectsHeightFog:0]]
[2020.09.12-04.03.55:432][  0]LogConfig: Setting CVar [[r.SkinCache.CompileShaders:0]]
[2020.09.12-04.03.55:432][  0]LogConfig: Setting CVar [[r.Mobile.EnableStaticAndCSMShadowReceivers:1]]
[2020.09.12-04.03.55:432][  0]LogConfig: Setting CVar [[r.Mobile.EnableMovableLightCSMShaderCulling:1]]
[2020.09.12-04.03.55:432][  0]LogConfig: Setting CVar [[r.Mobile.AllowDistanceFieldShadows:1]]
[2020.09.12-04.03.55:432][  0]LogConfig: Setting CVar [[r.Mobile.AllowMovableDirectionalLights:1]]
[2020.09.12-04.03.55:432][  0]LogConfig: Setting CVar [[r.MobileNumDynamicPointLights:4]]
[2020.09.12-04.03.55:432][  0]LogConfig: Setting CVar [[r.MobileDynamicPointLightsUseStaticBranch:1]]
[2020.09.12-04.03.55:432][  0]LogConfig: Setting CVar [[r.Mobile.EnableMovableSpotlights:0]]
[2020.09.12-04.03.55:432][  0]LogConfig: Setting CVar [[r.SkinCache.SceneMemoryLimitInMB:128.000000]]
[2020.09.12-04.03.55:432][  0]LogConfig: Setting CVar [[r.GPUSkin.Limit2BoneInfluences:0]]
[2020.09.12-04.03.55:432][  0]LogConfig: Setting CVar [[r.SupportDepthOnlyIndexBuffers:1]]
[2020.09.12-04.03.55:432][  0]LogConfig: Setting CVar [[r.SupportReversedIndexBuffers:1]]
[2020.09.12-04.03.55:432][  0]LogConfig: Setting CVar [[r.SupportMaterialLayers:0]]
[2020.09.12-04.03.55:432][  0]LogConfig: Setting CVar [[r.LightPropagationVolume:0]]
[2020.09.12-04.03.55:432][  0]LogConfig: Applying CVar settings from Section [/Script/Engine.RendererOverrideSettings] File [C:/Users/ken/Documents/Unreal Projects/FYP/Saved/Config/Windows/Engine.ini]
[2020.09.12-04.03.55:432][  0]LogConfig: Applying CVar settings from Section [/Script/Engine.StreamingSettings] File [C:/Users/ken/Documents/Unreal Projects/FYP/Saved/Config/Windows/Engine.ini]
[2020.09.12-04.03.55:432][  0]LogConfig: Setting CVar [[s.MinBulkDataSizeForAsyncLoading:131072]]
[2020.09.12-04.03.55:432][  0]LogConfig: Setting CVar [[s.AsyncLoadingThreadEnabled:0]]
[2020.09.12-04.03.55:432][  0]LogConfig: Setting CVar [[s.EventDrivenLoaderEnabled:1]]
[2020.09.12-04.03.55:432][  0]LogConfig: Setting CVar [[s.WarnIfTimeLimitExceeded:0]]
[2020.09.12-04.03.55:432][  0]LogConfig: Setting CVar [[s.TimeLimitExceededMultiplier:1.5]]
[2020.09.12-04.03.55:432][  0]LogConfig: Setting CVar [[s.TimeLimitExceededMinTime:0.005]]
[2020.09.12-04.03.55:432][  0]LogConfig: Setting CVar [[s.UseBackgroundLevelStreaming:1]]
[2020.09.12-04.03.55:432][  0]LogConfig: Setting CVar [[s.PriorityAsyncLoadingExtraTime:15.0]]
[2020.09.12-04.03.55:432][  0]LogConfig: Setting CVar [[s.LevelStreamingActorsUpdateTimeLimit:5.0]]
[2020.09.12-04.03.55:432][  0]LogConfig: Setting CVar [[s.PriorityLevelStreamingActorsUpdateExtraTime:5.0]]
[2020.09.12-04.03.55:432][  0]LogConfig: Setting CVar [[s.LevelStreamingComponentsRegistrationGranularity:10]]
[2020.09.12-04.03.55:432][  0]LogConfig: Setting CVar [[s.UnregisterComponentsTimeLimit:1.0]]
[2020.09.12-04.03.55:432][  0]LogConfig: Setting CVar [[s.LevelStreamingComponentsUnregistrationGranularity:5]]
[2020.09.12-04.03.55:432][  0]LogConfig: Setting CVar [[s.FlushStreamingOnExit:1]]
[2020.09.12-04.03.55:432][  0]LogConfig: Applying CVar settings from Section [/Script/Engine.GarbageCollectionSettings] File [C:/Users/ken/Documents/Unreal Projects/FYP/Saved/Config/Windows/Engine.ini]
[2020.09.12-04.03.55:432][  0]LogConfig: Setting CVar [[gc.MaxObjectsNotConsideredByGC:1]]
[2020.09.12-04.03.55:432][  0]LogConfig: Setting CVar [[gc.SizeOfPermanentObjectPool:0]]
[2020.09.12-04.03.55:432][  0]LogConfig: Setting CVar [[gc.FlushStreamingOnGC:0]]
[2020.09.12-04.03.55:432][  0]LogConfig: Setting CVar [[gc.NumRetriesBeforeForcingGC:10]]
[2020.09.12-04.03.55:432][  0]LogConfig: Setting CVar [[gc.AllowParallelGC:1]]
[2020.09.12-04.03.55:432][  0]LogConfig: Setting CVar [[gc.TimeBetweenPurgingPendingKillObjects:61.1]]
[2020.09.12-04.03.55:432][  0]LogConfig: Setting CVar [[gc.MaxObjectsInEditor:25165824]]
[2020.09.12-04.03.55:432][  0]LogConfig: Setting CVar [[gc.IncrementalBeginDestroyEnabled:1]]
[2020.09.12-04.03.55:432][  0]LogConfig: Setting CVar [[gc.CreateGCClusters:1]]
[2020.09.12-04.03.55:432][  0]LogConfig: Setting CVar [[gc.MinGCClusterSize:5]]
[2020.09.12-04.03.55:433][  0]LogConfig: Setting CVar [[gc.ActorClusteringEnabled:0]]
[2020.09.12-04.03.55:433][  0]LogConfig: Setting CVar [[gc.BlueprintClusteringEnabled:0]]
[2020.09.12-04.03.55:433][  0]LogConfig: Setting CVar [[gc.UseDisregardForGCOnDedicatedServers:0]]
[2020.09.12-04.03.55:433][  0]LogConfig: Applying CVar settings from Section [/Script/Engine.NetworkSettings] File [C:/Users/ken/Documents/Unreal Projects/FYP/Saved/Config/Windows/Engine.ini]
[2020.09.12-04.03.55:433][  0]LogConfig: Applying CVar settings from Section [/Script/UnrealEd.CookerSettings] File [C:/Users/ken/Documents/Unreal Projects/FYP/Saved/Config/Windows/Engine.ini]
[2020.09.12-04.03.55:439][  0]LogConfig: Applying CVar settings from Section [ViewDistanceQuality@3] File [C:/Users/ken/Documents/Unreal Projects/FYP/Saved/Config/Windows/Scalability.ini]
[2020.09.12-04.03.55:439][  0]LogConfig: Setting CVar [[r.SkeletalMeshLODBias:0]]
[2020.09.12-04.03.55:439][  0]LogConfig: Setting CVar [[r.ViewDistanceScale:1.0]]
[2020.09.12-04.03.55:439][  0]LogConfig: Applying CVar settings from Section [AntiAliasingQuality@3] File [C:/Users/ken/Documents/Unreal Projects/FYP/Saved/Config/Windows/Scalability.ini]
[2020.09.12-04.03.55:439][  0]LogConfig: Setting CVar [[r.PostProcessAAQuality:4]]
[2020.09.12-04.03.55:439][  0]LogConfig: Applying CVar settings from Section [ShadowQuality@3] File [C:/Users/ken/Documents/Unreal Projects/FYP/Saved/Config/Windows/Scalability.ini]
[2020.09.12-04.03.55:439][  0]LogConfig: Setting CVar [[r.LightFunctionQuality:1]]
[2020.09.12-04.03.55:439][  0]LogConfig: Setting CVar [[r.ShadowQuality:5]]
[2020.09.12-04.03.55:439][  0]LogConfig: Setting CVar [[r.Shadow.CSM.MaxCascades:10]]
[2020.09.12-04.03.55:439][  0]LogConfig: Setting CVar [[r.Shadow.MaxResolution:2048]]
[2020.09.12-04.03.55:439][  0]LogConfig: Setting CVar [[r.Shadow.MaxCSMResolution:2048]]
[2020.09.12-04.03.55:439][  0]LogConfig: Setting CVar [[r.Shadow.RadiusThreshold:0.01]]
[2020.09.12-04.03.55:439][  0]LogConfig: Setting CVar [[r.Shadow.DistanceScale:1.0]]
[2020.09.12-04.03.55:439][  0]LogConfig: Setting CVar [[r.Shadow.CSM.TransitionScale:1.0]]
[2020.09.12-04.03.55:439][  0]LogConfig: Setting CVar [[r.Shadow.PreShadowResolutionFactor:1.0]]
[2020.09.12-04.03.55:439][  0]LogConfig: Setting CVar [[r.DistanceFieldShadowing:1]]
[2020.09.12-04.03.55:439][  0]LogConfig: Setting CVar [[r.DistanceFieldAO:1]]
[2020.09.12-04.03.55:439][  0]LogConfig: Setting CVar [[r.AOQuality:2]]
[2020.09.12-04.03.55:439][  0]LogConfig: Setting CVar [[r.VolumetricFog:1]]
[2020.09.12-04.03.55:439][  0]LogConfig: Setting CVar [[r.VolumetricFog.GridPixelSize:8]]
[2020.09.12-04.03.55:439][  0]LogConfig: Setting CVar [[r.VolumetricFog.GridSizeZ:128]]
[2020.09.12-04.03.55:439][  0]LogConfig: Setting CVar [[r.VolumetricFog.HistoryMissSupersampleCount:4]]
[2020.09.12-04.03.55:439][  0]LogConfig: Setting CVar [[r.LightMaxDrawDistanceScale:1]]
[2020.09.12-04.03.55:439][  0]LogConfig: Setting CVar [[r.CapsuleShadows:1]]
[2020.09.12-04.03.55:439][  0]LogConfig: Applying CVar settings from Section [PostProcessQuality@3] File [C:/Users/ken/Documents/Unreal Projects/FYP/Saved/Config/Windows/Scalability.ini]
[2020.09.12-04.03.55:439][  0]LogConfig: Setting CVar [[r.MotionBlurQuality:4]]
[2020.09.12-04.03.55:439][  0]LogConfig: Setting CVar [[r.AmbientOcclusionMipLevelFactor:0.4]]
[2020.09.12-04.03.55:439][  0]LogConfig: Setting CVar [[r.AmbientOcclusionMaxQuality:100]]
[2020.09.12-04.03.55:439][  0]LogConfig: Setting CVar [[r.AmbientOcclusionLevels:-1]]
[2020.09.12-04.03.55:439][  0]LogConfig: Setting CVar [[r.AmbientOcclusionRadiusScale:1.0]]
[2020.09.12-04.03.55:439][  0]LogConfig: Setting CVar [[r.DepthOfFieldQuality:2]]
[2020.09.12-04.03.55:439][  0]LogConfig: Setting CVar [[r.RenderTargetPoolMin:400]]
[2020.09.12-04.03.55:439][  0]LogConfig: Setting CVar [[r.LensFlareQuality:2]]
[2020.09.12-04.03.55:439][  0]LogConfig: Setting CVar [[r.SceneColorFringeQuality:1]]
[2020.09.12-04.03.55:439][  0]LogConfig: Setting CVar [[r.EyeAdaptationQuality:2]]
[2020.09.12-04.03.55:439][  0]LogConfig: Setting CVar [[r.BloomQuality:5]]
[2020.09.12-04.03.55:439][  0]LogConfig: Setting CVar [[r.FastBlurThreshold:100]]
[2020.09.12-04.03.55:439][  0]LogConfig: Setting CVar [[r.Upscale.Quality:3]]
[2020.09.12-04.03.55:439][  0]LogConfig: Setting CVar [[r.Tonemapper.GrainQuantization:1]]
[2020.09.12-04.03.55:439][  0]LogConfig: Setting CVar [[r.LightShaftQuality:1]]
[2020.09.12-04.03.55:439][  0]LogConfig: Setting CVar [[r.Filter.SizeScale:1]]
[2020.09.12-04.03.55:439][  0]LogConfig: Setting CVar [[r.Tonemapper.Quality:5]]
[2020.09.12-04.03.55:439][  0]LogConfig: Setting CVar [[r.DOF.Gather.AccumulatorQuality:1        ; higher gathering accumulator quality]]
[2020.09.12-04.03.55:439][  0]LogConfig: Setting CVar [[r.DOF.Gather.PostfilterMethod:1          ; Median3x3 postfilering method]]
[2020.09.12-04.03.55:440][  0]LogConfig: Setting CVar [[r.DOF.Gather.EnableBokehSettings:0       ; no bokeh simulation when gathering]]
[2020.09.12-04.03.55:440][  0]LogConfig: Setting CVar [[r.DOF.Gather.RingCount:4                 ; medium number of samples when gathering]]
[2020.09.12-04.03.55:440][  0]LogConfig: Setting CVar [[r.DOF.Scatter.ForegroundCompositing:1    ; additive foreground scattering]]
[2020.09.12-04.03.55:440][  0]LogConfig: Setting CVar [[r.DOF.Scatter.BackgroundCompositing:2    ; additive background scattering]]
[2020.09.12-04.03.55:440][  0]LogConfig: Setting CVar [[r.DOF.Scatter.EnableBokehSettings:1      ; bokeh simulation when scattering]]
[2020.09.12-04.03.55:440][  0]LogConfig: Setting CVar [[r.DOF.Scatter.MaxSpriteRatio:0.1         ; only a maximum of 10% of scattered bokeh]]
[2020.09.12-04.03.55:440][  0]LogConfig: Setting CVar [[r.DOF.Recombine.Quality:1                ; cheap slight out of focus]]
[2020.09.12-04.03.55:440][  0]LogConfig: Setting CVar [[r.DOF.Recombine.EnableBokehSettings:0    ; no bokeh simulation on slight out of focus]]
[2020.09.12-04.03.55:440][  0]LogConfig: Setting CVar [[r.DOF.TemporalAAQuality:1                ; more stable temporal accumulation]]
[2020.09.12-04.03.55:440][  0]LogConfig: Setting CVar [[r.DOF.Kernel.MaxForegroundRadius:0.025]]
[2020.09.12-04.03.55:440][  0]LogConfig: Setting CVar [[r.DOF.Kernel.MaxBackgroundRadius:0.025]]
[2020.09.12-04.03.55:440][  0]LogConfig: Applying CVar settings from Section [TextureQuality@3] File [C:/Users/ken/Documents/Unreal Projects/FYP/Saved/Config/Windows/Scalability.ini]
[2020.09.12-04.03.55:440][  0]LogConfig: Setting CVar [[r.Streaming.MipBias:0]]
[2020.09.12-04.03.55:440][  0]LogConfig: Setting CVar [[r.Streaming.AmortizeCPUToGPUCopy:0]]
[2020.09.12-04.03.55:440][  0]LogConfig: Setting CVar [[r.Streaming.MaxNumTexturesToStreamPerFrame:0]]
[2020.09.12-04.03.55:440][  0]LogConfig: Setting CVar [[r.Streaming.Boost:1]]
[2020.09.12-04.03.55:440][  0]LogConfig: Setting CVar [[r.MaxAnisotropy:8]]
[2020.09.12-04.03.55:440][  0]LogConfig: Setting CVar [[r.VT.MaxAnisotropy:8]]
[2020.09.12-04.03.55:440][  0]LogConfig: Setting CVar [[r.Streaming.LimitPoolSizeToVRAM:0]]
[2020.09.12-04.03.55:440][  0]LogConfig: Setting CVar [[r.Streaming.PoolSize:1000]]
[2020.09.12-04.03.55:440][  0]LogConfig: Setting CVar [[r.Streaming.MaxEffectiveScreenSize:0]]
[2020.09.12-04.03.55:440][  0]LogConfig: Applying CVar settings from Section [EffectsQuality@3] File [C:/Users/ken/Documents/Unreal Projects/FYP/Saved/Config/Windows/Scalability.ini]
[2020.09.12-04.03.55:440][  0]LogConfig: Setting CVar [[r.TranslucencyLightingVolumeDim:64]]
[2020.09.12-04.03.55:440][  0]LogConfig: Setting CVar [[r.RefractionQuality:2]]
[2020.09.12-04.03.55:440][  0]LogConfig: Setting CVar [[r.SSR.Quality:3]]
[2020.09.12-04.03.55:440][  0]LogConfig: Setting CVar [[r.SSR.HalfResSceneColor:0]]
[2020.09.12-04.03.55:440][  0]LogConfig: Setting CVar [[r.SceneColorFormat:4]]
[2020.09.12-04.03.55:440][  0]LogConfig: Setting CVar [[r.DetailMode:2]]
[2020.09.12-04.03.55:440][  0]LogConfig: Setting CVar [[r.TranslucencyVolumeBlur:1]]
[2020.09.12-04.03.55:440][  0]LogConfig: Setting CVar [[r.MaterialQualityLevel:1 ; High quality]]
[2020.09.12-04.03.55:440][  0]LogConfig: Setting CVar [[r.SSS.Scale:1]]
[2020.09.12-04.03.55:440][  0]LogConfig: Setting CVar [[r.SSS.SampleSet:2]]
[2020.09.12-04.03.55:440][  0]LogConfig: Setting CVar [[r.SSS.Quality:1]]
[2020.09.12-04.03.55:440][  0]LogConfig: Setting CVar [[r.SSS.HalfRes:1]]
[2020.09.12-04.03.55:440][  0]LogConfig: Setting CVar [[r.SSGI.Quality:3]]
[2020.09.12-04.03.55:440][  0]LogConfig: Setting CVar [[r.EmitterSpawnRateScale:1.0]]
[2020.09.12-04.03.55:440][  0]LogConfig: Setting CVar [[r.ParticleLightQuality:2]]
[2020.09.12-04.03.55:440][  0]LogConfig: Setting CVar [[r.SkyAtmosphere.AerialPerspectiveLUT.FastApplyOnOpaque:1 ; Always have FastSkyLUT 1 in this case to avoid wrong sky]]
[2020.09.12-04.03.55:440][  0]LogConfig: Setting CVar [[r.SkyAtmosphere.AerialPerspectiveLUT.SampleCountPerSlice:1]]
[2020.09.12-04.03.55:440][  0]LogConfig: Setting CVar [[r.SkyAtmosphere.AerialPerspectiveLUT.DepthResolution:16.0]]
[2020.09.12-04.03.55:440][  0]LogConfig: Setting CVar [[r.SkyAtmosphere.FastSkyLUT:1]]
[2020.09.12-04.03.55:440][  0]LogConfig: Setting CVar [[r.SkyAtmosphere.FastSkyLUT.SampleCountMin:4.0]]
[2020.09.12-04.03.55:440][  0]LogConfig: Setting CVar [[r.SkyAtmosphere.FastSkyLUT.SampleCountMax:32.0]]
[2020.09.12-04.03.55:440][  0]LogConfig: Setting CVar [[r.SkyAtmosphere.SampleCountMin:4.0]]
[2020.09.12-04.03.55:440][  0]LogConfig: Setting CVar [[r.SkyAtmosphere.SampleCountMax:32.0]]
[2020.09.12-04.03.55:440][  0]LogConfig: Setting CVar [[r.SkyAtmosphere.TransmittanceLUT.UseSmallFormat:0]]
[2020.09.12-04.03.55:440][  0]LogConfig: Setting CVar [[r.SkyAtmosphere.TransmittanceLUT.SampleCount:10.0]]
[2020.09.12-04.03.55:440][  0]LogConfig: Setting CVar [[r.SkyAtmosphere.MultiScatteringLUT.SampleCount:15.0]]
[2020.09.12-04.03.55:440][  0]LogConfig: Applying CVar settings from Section [FoliageQuality@3] File [C:/Users/ken/Documents/Unreal Projects/FYP/Saved/Config/Windows/Scalability.ini]
[2020.09.12-04.03.55:440][  0]LogConfig: Setting CVar [[foliage.DensityScale:1.0]]
[2020.09.12-04.03.55:440][  0]LogConfig: Setting CVar [[grass.DensityScale:1.0]]
[2020.09.12-04.03.55:440][  0]LogConfig: Applying CVar settings from Section [ShadingQuality@3] File [C:/Users/ken/Documents/Unreal Projects/FYP/Saved/Config/Windows/Scalability.ini]
[2020.09.12-04.03.55:440][  0]LogConfig: Setting CVar [[r.HairStrands.SkyLighting.SampleCount:16]]
[2020.09.12-04.03.55:440][  0]LogConfig: Setting CVar [[r.HairStrands.SkyLighting.JitterIntegration:0]]
[2020.09.12-04.03.55:440][  0]LogConfig: Setting CVar [[r.HairStrands.SkyAO.SampleCount:16]]
[2020.09.12-04.03.55:440][  0]LogInit: Selected Device Profile: [Windows]
[2020.09.12-04.03.55:440][  0]LogInit: Applying CVar settings loaded from the selected device profile: [Windows]
[2020.09.12-04.03.55:443][  0]LogHAL: Display: Platform has ~ 16 GB [17111592960 / 17179869184 / 16], which maps to Larger [LargestMinGB=32, LargerMinGB=12, DefaultMinGB=8, SmallerMinGB=6, SmallestMinGB=0)
[2020.09.12-04.03.55:443][  0]LogInit: Going up to parent DeviceProfile []
[2020.09.12-04.03.55:443][  0]LogConfig: Applying CVar settings from Section [ViewDistanceQuality@3] File [C:/Users/ken/Documents/Unreal Projects/FYP/Saved/Config/Windows/Scalability.ini]
[2020.09.12-04.03.55:443][  0]LogConfig: Setting CVar [[r.SkeletalMeshLODBias:0]]
[2020.09.12-04.03.55:443][  0]LogConfig: Setting CVar [[r.ViewDistanceScale:1.0]]
[2020.09.12-04.03.55:443][  0]LogConfig: Applying CVar settings from Section [AntiAliasingQuality@3] File [C:/Users/ken/Documents/Unreal Projects/FYP/Saved/Config/Windows/Scalability.ini]
[2020.09.12-04.03.55:443][  0]LogConfig: Setting CVar [[r.PostProcessAAQuality:4]]
[2020.09.12-04.03.55:444][  0]LogConfig: Applying CVar settings from Section [ShadowQuality@3] File [C:/Users/ken/Documents/Unreal Projects/FYP/Saved/Config/Windows/Scalability.ini]
[2020.09.12-04.03.55:444][  0]LogConfig: Setting CVar [[r.LightFunctionQuality:1]]
[2020.09.12-04.03.55:444][  0]LogConfig: Setting CVar [[r.ShadowQuality:5]]
[2020.09.12-04.03.55:444][  0]LogConfig: Setting CVar [[r.Shadow.CSM.MaxCascades:10]]
[2020.09.12-04.03.55:444][  0]LogConfig: Setting CVar [[r.Shadow.MaxResolution:2048]]
[2020.09.12-04.03.55:444][  0]LogConfig: Setting CVar [[r.Shadow.MaxCSMResolution:2048]]
[2020.09.12-04.03.55:444][  0]LogConfig: Setting CVar [[r.Shadow.RadiusThreshold:0.01]]
[2020.09.12-04.03.55:444][  0]LogConfig: Setting CVar [[r.Shadow.DistanceScale:1.0]]
[2020.09.12-04.03.55:444][  0]LogConfig: Setting CVar [[r.Shadow.CSM.TransitionScale:1.0]]
[2020.09.12-04.03.55:444][  0]LogConfig: Setting CVar [[r.Shadow.PreShadowResolutionFactor:1.0]]
[2020.09.12-04.03.55:444][  0]LogConfig: Setting CVar [[r.DistanceFieldShadowing:1]]
[2020.09.12-04.03.55:444][  0]LogConfig: Setting CVar [[r.DistanceFieldAO:1]]
[2020.09.12-04.03.55:444][  0]LogConfig: Setting CVar [[r.AOQuality:2]]
[2020.09.12-04.03.55:444][  0]LogConfig: Setting CVar [[r.VolumetricFog:1]]
[2020.09.12-04.03.55:444][  0]LogConfig: Setting CVar [[r.VolumetricFog.GridPixelSize:8]]
[2020.09.12-04.03.55:444][  0]LogConfig: Setting CVar [[r.VolumetricFog.GridSizeZ:128]]
[2020.09.12-04.03.55:444][  0]LogConfig: Setting CVar [[r.VolumetricFog.HistoryMissSupersampleCount:4]]
[2020.09.12-04.03.55:444][  0]LogConfig: Setting CVar [[r.LightMaxDrawDistanceScale:1]]
[2020.09.12-04.03.55:444][  0]LogConfig: Setting CVar [[r.CapsuleShadows:1]]
[2020.09.12-04.03.55:444][  0]LogConfig: Applying CVar settings from Section [PostProcessQuality@3] File [C:/Users/ken/Documents/Unreal Projects/FYP/Saved/Config/Windows/Scalability.ini]
[2020.09.12-04.03.55:444][  0]LogConfig: Setting CVar [[r.MotionBlurQuality:4]]
[2020.09.12-04.03.55:444][  0]LogConfig: Setting CVar [[r.AmbientOcclusionMipLevelFactor:0.4]]
[2020.09.12-04.03.55:444][  0]LogConfig: Setting CVar [[r.AmbientOcclusionMaxQuality:100]]
[2020.09.12-04.03.55:444][  0]LogConfig: Setting CVar [[r.AmbientOcclusionLevels:-1]]
[2020.09.12-04.03.55:444][  0]LogConfig: Setting CVar [[r.AmbientOcclusionRadiusScale:1.0]]
[2020.09.12-04.03.55:444][  0]LogConfig: Setting CVar [[r.DepthOfFieldQuality:2]]
[2020.09.12-04.03.55:444][  0]LogConfig: Setting CVar [[r.RenderTargetPoolMin:400]]
[2020.09.12-04.03.55:444][  0]LogConfig: Setting CVar [[r.LensFlareQuality:2]]
[2020.09.12-04.03.55:444][  0]LogConfig: Setting CVar [[r.SceneColorFringeQuality:1]]
[2020.09.12-04.03.55:444][  0]LogConfig: Setting CVar [[r.EyeAdaptationQuality:2]]
[2020.09.12-04.03.55:444][  0]LogConfig: Setting CVar [[r.BloomQuality:5]]
[2020.09.12-04.03.55:444][  0]LogConfig: Setting CVar [[r.FastBlurThreshold:100]]
[2020.09.12-04.03.55:444][  0]LogConfig: Setting CVar [[r.Upscale.Quality:3]]
[2020.09.12-04.03.55:444][  0]LogConfig: Setting CVar [[r.Tonemapper.GrainQuantization:1]]
[2020.09.12-04.03.55:444][  0]LogConfig: Setting CVar [[r.LightShaftQuality:1]]
[2020.09.12-04.03.55:444][  0]LogConfig: Setting CVar [[r.Filter.SizeScale:1]]
[2020.09.12-04.03.55:444][  0]LogConfig: Setting CVar [[r.Tonemapper.Quality:5]]
[2020.09.12-04.03.55:444][  0]LogConfig: Setting CVar [[r.DOF.Gather.AccumulatorQuality:1        ; higher gathering accumulator quality]]
[2020.09.12-04.03.55:444][  0]LogConfig: Setting CVar [[r.DOF.Gather.PostfilterMethod:1          ; Median3x3 postfilering method]]
[2020.09.12-04.03.55:444][  0]LogConfig: Setting CVar [[r.DOF.Gather.EnableBokehSettings:0       ; no bokeh simulation when gathering]]
[2020.09.12-04.03.55:444][  0]LogConfig: Setting CVar [[r.DOF.Gather.RingCount:4                 ; medium number of samples when gathering]]
[2020.09.12-04.03.55:444][  0]LogConfig: Setting CVar [[r.DOF.Scatter.ForegroundCompositing:1    ; additive foreground scattering]]
[2020.09.12-04.03.55:444][  0]LogConfig: Setting CVar [[r.DOF.Scatter.BackgroundCompositing:2    ; additive background scattering]]
[2020.09.12-04.03.55:444][  0]LogConfig: Setting CVar [[r.DOF.Scatter.EnableBokehSettings:1      ; bokeh simulation when scattering]]
[2020.09.12-04.03.55:444][  0]LogConfig: Setting CVar [[r.DOF.Scatter.MaxSpriteRatio:0.1         ; only a maximum of 10% of scattered bokeh]]
[2020.09.12-04.03.55:444][  0]LogConfig: Setting CVar [[r.DOF.Recombine.Quality:1                ; cheap slight out of focus]]
[2020.09.12-04.03.55:444][  0]LogConfig: Setting CVar [[r.DOF.Recombine.EnableBokehSettings:0    ; no bokeh simulation on slight out of focus]]
[2020.09.12-04.03.55:444][  0]LogConfig: Setting CVar [[r.DOF.TemporalAAQuality:1                ; more stable temporal accumulation]]
[2020.09.12-04.03.55:444][  0]LogConfig: Setting CVar [[r.DOF.Kernel.MaxForegroundRadius:0.025]]
[2020.09.12-04.03.55:444][  0]LogConfig: Setting CVar [[r.DOF.Kernel.MaxBackgroundRadius:0.025]]
[2020.09.12-04.03.55:444][  0]LogConfig: Applying CVar settings from Section [TextureQuality@3] File [C:/Users/ken/Documents/Unreal Projects/FYP/Saved/Config/Windows/Scalability.ini]
[2020.09.12-04.03.55:444][  0]LogConfig: Setting CVar [[r.Streaming.MipBias:0]]
[2020.09.12-04.03.55:444][  0]LogConfig: Setting CVar [[r.Streaming.AmortizeCPUToGPUCopy:0]]
[2020.09.12-04.03.55:444][  0]LogConfig: Setting CVar [[r.Streaming.MaxNumTexturesToStreamPerFrame:0]]
[2020.09.12-04.03.55:444][  0]LogConfig: Setting CVar [[r.Streaming.Boost:1]]
[2020.09.12-04.03.55:444][  0]LogConfig: Setting CVar [[r.MaxAnisotropy:8]]
[2020.09.12-04.03.55:444][  0]LogConfig: Setting CVar [[r.VT.MaxAnisotropy:8]]
[2020.09.12-04.03.55:444][  0]LogConfig: Setting CVar [[r.Streaming.LimitPoolSizeToVRAM:0]]
[2020.09.12-04.03.55:444][  0]LogConfig: Setting CVar [[r.Streaming.PoolSize:1000]]
[2020.09.12-04.03.55:444][  0]LogConfig: Setting CVar [[r.Streaming.MaxEffectiveScreenSize:0]]
[2020.09.12-04.03.55:444][  0]LogConfig: Applying CVar settings from Section [EffectsQuality@3] File [C:/Users/ken/Documents/Unreal Projects/FYP/Saved/Config/Windows/Scalability.ini]
[2020.09.12-04.03.55:444][  0]LogConfig: Setting CVar [[r.TranslucencyLightingVolumeDim:64]]
[2020.09.12-04.03.55:444][  0]LogConfig: Setting CVar [[r.RefractionQuality:2]]
[2020.09.12-04.03.55:444][  0]LogConfig: Setting CVar [[r.SSR.Quality:3]]
[2020.09.12-04.03.55:444][  0]LogConfig: Setting CVar [[r.SSR.HalfResSceneColor:0]]
[2020.09.12-04.03.55:444][  0]LogConfig: Setting CVar [[r.SceneColorFormat:4]]
[2020.09.12-04.03.55:444][  0]LogConfig: Setting CVar [[r.DetailMode:2]]
[2020.09.12-04.03.55:444][  0]LogConfig: Setting CVar [[r.TranslucencyVolumeBlur:1]]
[2020.09.12-04.03.55:444][  0]LogConfig: Setting CVar [[r.MaterialQualityLevel:1 ; High quality]]
[2020.09.12-04.03.55:444][  0]LogConfig: Setting CVar [[r.SSS.Scale:1]]
[2020.09.12-04.03.55:444][  0]LogConfig: Setting CVar [[r.SSS.SampleSet:2]]
[2020.09.12-04.03.55:444][  0]LogConfig: Setting CVar [[r.SSS.Quality:1]]
[2020.09.12-04.03.55:444][  0]LogConfig: Setting CVar [[r.SSS.HalfRes:1]]
[2020.09.12-04.03.55:444][  0]LogConfig: Setting CVar [[r.SSGI.Quality:3]]
[2020.09.12-04.03.55:444][  0]LogConfig: Setting CVar [[r.EmitterSpawnRateScale:1.0]]
[2020.09.12-04.03.55:444][  0]LogConfig: Setting CVar [[r.ParticleLightQuality:2]]
[2020.09.12-04.03.55:444][  0]LogConfig: Setting CVar [[r.SkyAtmosphere.AerialPerspectiveLUT.FastApplyOnOpaque:1 ; Always have FastSkyLUT 1 in this case to avoid wrong sky]]
[2020.09.12-04.03.55:444][  0]LogConfig: Setting CVar [[r.SkyAtmosphere.AerialPerspectiveLUT.SampleCountPerSlice:1]]
[2020.09.12-04.03.55:444][  0]LogConfig: Setting CVar [[r.SkyAtmosphere.AerialPerspectiveLUT.DepthResolution:16.0]]
[2020.09.12-04.03.55:444][  0]LogConfig: Setting CVar [[r.SkyAtmosphere.FastSkyLUT:1]]
[2020.09.12-04.03.55:444][  0]LogConfig: Setting CVar [[r.SkyAtmosphere.FastSkyLUT.SampleCountMin:4.0]]
[2020.09.12-04.03.55:444][  0]LogConfig: Setting CVar [[r.SkyAtmosphere.FastSkyLUT.SampleCountMax:32.0]]
[2020.09.12-04.03.55:444][  0]LogConfig: Setting CVar [[r.SkyAtmosphere.SampleCountMin:4.0]]
[2020.09.12-04.03.55:444][  0]LogConfig: Setting CVar [[r.SkyAtmosphere.SampleCountMax:32.0]]
[2020.09.12-04.03.55:444][  0]LogConfig: Setting CVar [[r.SkyAtmosphere.TransmittanceLUT.UseSmallFormat:0]]
[2020.09.12-04.03.55:444][  0]LogConfig: Setting CVar [[r.SkyAtmosphere.TransmittanceLUT.SampleCount:10.0]]
[2020.09.12-04.03.55:445][  0]LogConfig: Setting CVar [[r.SkyAtmosphere.MultiScatteringLUT.SampleCount:15.0]]
[2020.09.12-04.03.55:445][  0]LogConfig: Applying CVar settings from Section [FoliageQuality@3] File [C:/Users/ken/Documents/Unreal Projects/FYP/Saved/Config/Windows/Scalability.ini]
[2020.09.12-04.03.55:445][  0]LogConfig: Setting CVar [[foliage.DensityScale:1.0]]
[2020.09.12-04.03.55:445][  0]LogConfig: Setting CVar [[grass.DensityScale:1.0]]
[2020.09.12-04.03.55:445][  0]LogConfig: Applying CVar settings from Section [ShadingQuality@3] File [C:/Users/ken/Documents/Unreal Projects/FYP/Saved/Config/Windows/Scalability.ini]
[2020.09.12-04.03.55:445][  0]LogConfig: Setting CVar [[r.HairStrands.SkyLighting.SampleCount:16]]
[2020.09.12-04.03.55:445][  0]LogConfig: Setting CVar [[r.HairStrands.SkyLighting.JitterIntegration:0]]
[2020.09.12-04.03.55:445][  0]LogConfig: Setting CVar [[r.HairStrands.SkyAO.SampleCount:16]]
[2020.09.12-04.03.55:445][  0]LogConfig: Applying CVar settings from Section [Startup] File [../../../Engine/Config/ConsoleVariables.ini]
[2020.09.12-04.03.55:445][  0]LogConfig: Setting CVar [[net.UseAdaptiveNetUpdateFrequency:0]]
[2020.09.12-04.03.55:445][  0]LogConfig: Setting CVar [[p.chaos.AllowCreatePhysxBodies:1]]
[2020.09.12-04.03.55:445][  0]LogConfig: Applying CVar settings from Section [ConsoleVariables] File [C:/Users/ken/Documents/Unreal Projects/FYP/Saved/Config/Windows/Engine.ini]
[2020.09.12-04.03.55:445][  0]LogInit: Computer: DESKTOP-KENGOR
[2020.09.12-04.03.55:445][  0]LogInit: User: ken
[2020.09.12-04.03.55:445][  0]LogInit: CPU Page size=4096, Cores=4
[2020.09.12-04.03.55:445][  0]LogInit: High frequency timer resolution =10.000000 MHz
[2020.09.12-04.03.55:445][  0]LogMemory: Memory total: Physical=15.9GB (16GB approx)
[2020.09.12-04.03.55:445][  0]LogMemory: Platform Memory Stats for Windows
[2020.09.12-04.03.55:445][  0]LogMemory: Process Physical Memory: 105.96 MB used, 105.96 MB peak
[2020.09.12-04.03.55:445][  0]LogMemory: Process Virtual Memory: 100.70 MB used, 100.70 MB peak
[2020.09.12-04.03.55:445][  0]LogMemory: Physical Memory: 7487.42 MB used,  8831.46 MB free, 16318.89 MB total
[2020.09.12-04.03.55:445][  0]LogMemory: Virtual Memory: 5140.44 MB used,  134212584.00 MB free, 134217728.00 MB total
[2020.09.12-04.03.55:448][  0]LogWindows: WindowsPlatformFeatures enabled
[2020.09.12-04.03.55:468][  0]LogInit: Overriding language with editor language configuration option (en).
[2020.09.12-04.03.55:468][  0]LogInit: Overriding locale with editor locale configuration option (zh-Hant).
[2020.09.12-04.03.55:660][  0]LogInit: Setting process to per monitor DPI aware
[2020.09.12-04.03.55:700][  0]LogSlate: New Slate User Created.  User Index 0, Is Virtual User: 0
[2020.09.12-04.03.55:700][  0]LogSlate: Slate User Registered.  User Index 0, Is Virtual User: 0
[2020.09.12-04.03.55:891][  0]LogHMD: Failed to initialize OpenVR with code 110
[2020.09.12-04.03.55:891][  0]LogD3D11RHI: D3D11 min allowed feature level: 11_0
[2020.09.12-04.03.55:891][  0]LogD3D11RHI: D3D11 max allowed feature level: 11_0
[2020.09.12-04.03.55:891][  0]LogD3D11RHI: D3D11 adapters:
[2020.09.12-04.03.55:978][  0]LogD3D11RHI:    0. 'NVIDIA GeForce GTX 1060 6GB' (Feature Level 11_0)
[2020.09.12-04.03.55:978][  0]LogD3D11RHI:       6052/0/8159 MB DedicatedVideo/DedicatedSystem/SharedSystem, Outputs:2, VendorId:0x10de
[2020.09.12-04.03.55:981][  0]LogD3D11RHI:    1. 'Microsoft Basic Render Driver' (Feature Level 11_0)
[2020.09.12-04.03.55:981][  0]LogD3D11RHI:       0/0/8159 MB DedicatedVideo/DedicatedSystem/SharedSystem, Outputs:0, VendorId:0x1414
[2020.09.12-04.03.55:981][  0]LogD3D11RHI: Chosen D3D11 Adapter: 0
[2020.09.12-04.03.55:989][  0]LogD3D11RHI: Creating new Direct3DDevice
[2020.09.12-04.03.55:989][  0]LogD3D11RHI:     GPU DeviceId: 0x1c03 (for the marketing name, search the web for "GPU Device Id")
[2020.09.12-04.03.55:989][  0]LogWindows: EnumDisplayDevices:
[2020.09.12-04.03.55:989][  0]LogWindows:    0. 'NVIDIA GeForce GTX 1060 6GB' (P:1 D:1)
[2020.09.12-04.03.55:989][  0]LogWindows:    1. 'NVIDIA GeForce GTX 1060 6GB' (P:0 D:1)
[2020.09.12-04.03.55:990][  0]LogWindows:    2. 'NVIDIA GeForce GTX 1060 6GB' (P:0 D:0)
[2020.09.12-04.03.55:990][  0]LogWindows:    3. 'NVIDIA GeForce GTX 1060 6GB' (P:0 D:0)
[2020.09.12-04.03.55:991][  0]LogWindows: DebugString: FoundDriverCount:4 
[2020.09.12-04.03.55:991][  0]LogD3D11RHI:     Adapter Name: NVIDIA GeForce GTX 1060 6GB
[2020.09.12-04.03.55:991][  0]LogD3D11RHI:   Driver Version: 452.06 (internal:27.21.14.5206, unified:452.06)
[2020.09.12-04.03.55:991][  0]LogD3D11RHI:      Driver Date: 8-12-2020
[2020.09.12-04.03.55:991][  0]LogRHI: Texture pool is 4236 MB (70% of 6052 MB)
[2020.09.12-04.03.56:057][  0]LogD3D11RHI: RHI has support for 64 bit atomics
[2020.09.12-04.03.56:057][  0]LogD3D11RHI: Async texture creation enabled
[2020.09.12-04.03.56:080][  0]LogD3D11RHI: GPU Timing Frequency: 1000.000000 (Debug: 2 1)
[2020.09.12-04.03.56:395][  0]LogTargetPlatformManager: Display: Loaded TargetPlatform 'AllDesktop'
[2020.09.12-04.03.56:428][  0]LogTargetPlatformManager: Display: Loaded TargetPlatform 'Android'
[2020.09.12-04.03.56:428][  0]LogTargetPlatformManager: Display: Loaded TargetPlatform 'Android_ASTC'
[2020.09.12-04.03.56:428][  0]LogTargetPlatformManager: Display: Loaded TargetPlatform 'Android_ATC'
[2020.09.12-04.03.56:428][  0]LogTargetPlatformManager: Display: Loaded TargetPlatform 'Android_DXT'
[2020.09.12-04.03.56:428][  0]LogTargetPlatformManager: Display: Loaded TargetPlatform 'Android_ETC1'
[2020.09.12-04.03.56:428][  0]LogTargetPlatformManager: Display: Loaded TargetPlatform 'Android_ETC1a'
[2020.09.12-04.03.56:428][  0]LogTargetPlatformManager: Display: Loaded TargetPlatform 'Android_ETC2'
[2020.09.12-04.03.56:428][  0]LogTargetPlatformManager: Display: Loaded TargetPlatform 'Android_PVRTC'
[2020.09.12-04.03.56:429][  0]LogTargetPlatformManager: Display: Loaded TargetPlatform 'AndroidClient'
[2020.09.12-04.03.56:429][  0]LogTargetPlatformManager: Display: Loaded TargetPlatform 'Android_ASTCClient'
[2020.09.12-04.03.56:429][  0]LogTargetPlatformManager: Display: Loaded TargetPlatform 'Android_ATCClient'
[2020.09.12-04.03.56:429][  0]LogTargetPlatformManager: Display: Loaded TargetPlatform 'Android_DXTClient'
[2020.09.12-04.03.56:429][  0]LogTargetPlatformManager: Display: Loaded TargetPlatform 'Android_ETC1Client'
[2020.09.12-04.03.56:429][  0]LogTargetPlatformManager: Display: Loaded TargetPlatform 'Android_ETC1aClient'
[2020.09.12-04.03.56:429][  0]LogTargetPlatformManager: Display: Loaded TargetPlatform 'Android_ETC2Client'
[2020.09.12-04.03.56:429][  0]LogTargetPlatformManager: Display: Loaded TargetPlatform 'Android_PVRTCClient'
[2020.09.12-04.03.56:429][  0]LogTargetPlatformManager: Display: Loaded TargetPlatform 'Android_Multi'
[2020.09.12-04.03.56:429][  0]LogTargetPlatformManager: Display: Loaded TargetPlatform 'Android_MultiClient'
[2020.09.12-04.03.56:449][  0]LogTargetPlatformManager: Display: Loaded TargetPlatform 'IOSClient'
[2020.09.12-04.03.56:449][  0]LogTargetPlatformManager: Display: Loaded TargetPlatform 'IOS'
[2020.09.12-04.03.56:457][  0]LogTargetPlatformManager: Display: Loaded TargetPlatform 'LinuxNoEditor'
[2020.09.12-04.03.56:464][  0]LogTargetPlatformManager: Display: Loaded TargetPlatform 'LinuxClient'
[2020.09.12-04.03.56:471][  0]LogTargetPlatformManager: Display: Loaded TargetPlatform 'LinuxServer'
[2020.09.12-04.03.56:479][  0]LogTargetPlatformManager: Display: Loaded TargetPlatform 'LinuxAArch64NoEditor'
[2020.09.12-04.03.56:486][  0]LogTargetPlatformManager: Display: Loaded TargetPlatform 'LinuxAArch64Client'
[2020.09.12-04.03.56:494][  0]LogTargetPlatformManager: Display: Loaded TargetPlatform 'LinuxAArch64Server'
[2020.09.12-04.03.56:520][  0]LogTargetPlatformManager: Display: Loaded TargetPlatform 'Lumin'
[2020.09.12-04.03.56:520][  0]LogTargetPlatformManager: Display: Loaded TargetPlatform 'LuminClient'
[2020.09.12-04.03.56:535][  0]LogTargetPlatformManager: Display: Loaded TargetPlatform 'TVOSClient'
[2020.09.12-04.03.56:535][  0]LogTargetPlatformManager: Display: Loaded TargetPlatform 'TVOS'
[2020.09.12-04.03.56:543][  0]LogTargetPlatformManager: Display: Loaded TargetPlatform 'WindowsNoEditor'
[2020.09.12-04.03.56:551][  0]LogTargetPlatformManager: Display: Loaded TargetPlatform 'Windows'
[2020.09.12-04.03.56:559][  0]LogTargetPlatformManager: Display: Loaded TargetPlatform 'WindowsClient'
[2020.09.12-04.03.56:566][  0]LogTargetPlatformManager: Display: Loaded TargetPlatform 'WindowsServer'
[2020.09.12-04.03.56:566][  0]LogTargetPlatformManager: Display: Building Assets For Windows
[2020.09.12-04.03.56:569][  0]LogAudioDebug: Display: Lib vorbis DLL was dynamically loaded.
[2020.09.12-04.03.56:588][  0]LogShaderCompilers: Guid format shader working directory is 2 characters bigger than the processId version (C:/Users/ken/Documents/Unreal Projects/FYP/Intermediate/Shaders/WorkingDirectory/7696/).
[2020.09.12-04.03.56:588][  0]LogShaderCompilers: Cleaned the shader compiler working directory 'C:/Users/ken/AppData/Local/Temp/UnrealShaderWorkingDir/2D9C2ECB4AA5EDD70E6929AF1D435613/'.
[2020.09.12-04.03.56:589][  0]LogXGEController: Cannot use XGE Controller as Incredibuild is not installed on this machine.
[2020.09.12-04.03.56:589][  0]LogShaderCompilers: Cannot use XGE Shader Compiler as Incredibuild is not installed on this machine.
[2020.09.12-04.03.56:589][  0]LogShaderCompilers: Display: Using Local Shader Compiler.
[2020.09.12-04.03.57:322][  0]LogDerivedDataCache: Display: Max Cache Size: 512 MB
[2020.09.12-04.03.57:404][  0]LogDerivedDataCache: Loaded boot cache 0.08s 101MB C:/Users/ken/AppData/Local/UnrealEngine/4.24/DerivedDataCache/Boot.ddc.
[2020.09.12-04.03.57:404][  0]LogDerivedDataCache: Display: Loaded Boot cache: C:/Users/ken/AppData/Local/UnrealEngine/4.24/DerivedDataCache/Boot.ddc
[2020.09.12-04.03.57:404][  0]LogDerivedDataCache: FDerivedDataBackendGraph:  Pak pak cache file C:/Users/ken/Documents/Unreal Projects/FYP/DerivedDataCache/DDC.ddp not found, will not use a pak cache.
[2020.09.12-04.03.57:404][  0]LogDerivedDataCache: Unable to find inner node Pak for hierarchical cache Hierarchy.
[2020.09.12-04.03.57:404][  0]LogDerivedDataCache: FDerivedDataBackendGraph:  CompressedPak pak cache file C:/Users/ken/Documents/Unreal Projects/FYP/DerivedDataCache/Compressed.ddp not found, will not use a pak cache.
[2020.09.12-04.03.57:404][  0]LogDerivedDataCache: Unable to find inner node CompressedPak for hierarchical cache Hierarchy.
[2020.09.12-04.03.57:416][  0]LogDerivedDataCache: Display: Pak cache opened for reading ../../../Engine/DerivedDataCache/Compressed.ddp.
[2020.09.12-04.03.57:416][  0]LogDerivedDataCache: FDerivedDataBackendGraph:  EnterprisePak pak cache file ../../../Enterprise/DerivedDataCache/Compressed.ddp not found, will not use a pak cache.
[2020.09.12-04.03.57:416][  0]LogDerivedDataCache: Unable to find inner node EnterprisePak for hierarchical cache Hierarchy.
[2020.09.12-04.03.57:418][  0]LogDerivedDataCache: Using Local data cache path C:/Users/ken/AppData/Local/UnrealEngine/Common/DerivedDataCache: Writable
[2020.09.12-04.03.57:418][  0]LogDerivedDataCache: Shared data cache path not found in *engine.ini, will not use an Shared cache.
[2020.09.12-04.03.57:418][  0]LogDerivedDataCache: Unable to find inner node Shared for hierarchical cache Hierarchy.
[2020.09.12-04.03.57:444][  0]LogMaterial: Verifying Global Shaders for PCD3D_SM5
[2020.09.12-04.03.57:447][  0]LogSlate: Using FreeType 2.10.0
[2020.09.12-04.03.57:447][  0]LogSlate: SlateFontServices - WITH_FREETYPE: 1, WITH_HARFBUZZ: 1
[2020.09.12-04.03.57:504][  0]LogAssetRegistry: FAssetRegistry took 0.0028 seconds to start up
[2020.09.12-04.03.57:830][  0]LogInit: Selected Device Profile: [Windows]
[2020.09.12-04.03.57:982][  0]LogMeshReduction: Using QuadricMeshReduction for automatic static mesh reduction
[2020.09.12-04.03.57:982][  0]LogMeshReduction: Using SimplygonMeshReduction for automatic skeletal mesh reduction
[2020.09.12-04.03.57:982][  0]LogMeshReduction: Using ProxyLODMeshReduction for automatic mesh merging
[2020.09.12-04.03.57:982][  0]LogMeshReduction: No distributed automatic mesh merging module available
[2020.09.12-04.03.57:982][  0]LogMeshMerging: No distributed automatic mesh merging module available
[2020.09.12-04.03.57:999][  0]LogNetVersion: FYP 1.0.0, NetCL: 10570792, EngineNetVer: 13, GameNetVer: 0 (Checksum: 3671261973)
[2020.09.12-04.03.59:055][  0]LogPackageLocalizationCache: Processed 11 localized package path(s) for 1 prioritized culture(s) in 0.042747 seconds
[2020.09.12-04.03.59:061][  0]LogUObjectArray: 46750 objects as part of root set at end of initial load.
[2020.09.12-04.03.59:062][  0]LogUObjectAllocator: 8137160 out of 0 bytes used by permanent object pool.
[2020.09.12-04.03.59:062][  0]LogUObjectArray: CloseDisregardForGC: 0/0 objects in disregard for GC pool
[2020.09.12-04.03.59:476][  0]LogTcpMessaging: Initializing TcpMessaging bridge
[2020.09.12-04.03.59:478][  0]LogUdpMessaging: Initializing bridge on interface 0.0.0.0:0 to multicast group 230.0.0.1:6666.
[2020.09.12-04.03.59:583][  0]SourceControl: Source control is disabled
[2020.09.12-04.03.59:583][  0]SourceControl: Source control is disabled
[2020.09.12-04.03.59:584][  0]SourceControl: Source control is disabled
[2020.09.12-04.03.59:585][  0]SourceControl: Source control is disabled
[2020.09.12-04.03.59:585][  0]SourceControl: Source control is disabled
[2020.09.12-04.03.59:667][  0]LogAndroidPermission: UAndroidPermissionCallbackProxy::GetInstance
[2020.09.12-04.03.59:678][  0]LogAudioCaptureCore: Display: No Audio Capture implementations found. Audio input will be silent.
[2020.09.12-04.03.59:678][  0]LogAudioCaptureCore: Display: No Audio Capture implementations found. Audio input will be silent.
[2020.09.12-04.03.59:760][  0]LogOcInput: OculusInput pre-init called
[2020.09.12-04.03.59:770][  0]LogWindows: Failed to load 'OVRPlugin.dll' (GetLastError=126)
[2020.09.12-04.03.59:770][  0]LogWindows: File 'OVRPlugin.dll' does not exist
[2020.09.12-04.03.59:840][  0]LogEngine: Initializing Engine...
[2020.09.12-04.03.59:841][  0]LogHMD: Failed to initialize OpenVR with code 110
[2020.09.12-04.03.59:842][  0]LogStats: UGameplayTagsManager::InitializeManager -  0.000 s
[2020.09.12-04.04.00:179][  0]LogInit: Initializing FReadOnlyCVARCache
[2020.09.12-04.04.00:187][  0]LogAIModule: Creating AISystem for world Untitled
[2020.09.12-04.04.00:205][  0]LogAudioMixer: Display: Audio Mixer Platform Settings:
[2020.09.12-04.04.00:205][  0]LogAudioMixer: Display: 	Sample Rate:						  48000
[2020.09.12-04.04.00:205][  0]LogAudioMixer: Display: 	Callback Buffer Frame Size Requested: 1024
[2020.09.12-04.04.00:205][  0]LogAudioMixer: Display: 	Callback Buffer Frame Size To Use:	  1024
[2020.09.12-04.04.00:205][  0]LogAudioMixer: Display: 	Number of buffers to queue:			  2
[2020.09.12-04.04.00:205][  0]LogAudioMixer: Display: 	Max Channels (voices):				  32
[2020.09.12-04.04.00:205][  0]LogAudioMixer: Display: 	Number of Async Source Workers:		  0
[2020.09.12-04.04.00:205][  0]LogAudio: Display: AudioDevice MaxSources: 32
[2020.09.12-04.04.00:206][  0]LogAudio: Display: Using built-in audio occlusion.
[2020.09.12-04.04.00:206][  0]LogAudioMixer: Display: Initializing audio mixer.
[2020.09.12-04.04.00:325][  0]LogAudioMixer: Display: Audio Device Output Speaker Info:
[2020.09.12-04.04.00:325][  0]LogAudioMixer: Display: Name: 耳麥式耳機 (Arctis 7 Chat)
[2020.09.12-04.04.00:325][  0]LogAudioMixer: Display: Is Default: Yes
[2020.09.12-04.04.00:325][  0]LogAudioMixer: Display: Sample Rate: 48000
[2020.09.12-04.04.00:325][  0]LogAudioMixer: Display: Channel Count Used: 2
[2020.09.12-04.04.00:325][  0]LogAudioMixer: Display: Device Channel Count: 1
[2020.09.12-04.04.00:325][  0]LogAudioMixer: Display: Channel Order:
[2020.09.12-04.04.00:325][  0]LogAudioMixer: Display: 0: FrontLeft
[2020.09.12-04.04.00:325][  0]LogAudioMixer: Display: 1: FrontRight
[2020.09.12-04.04.00:349][  0]LogAudioMixer: Display: Using Audio Device 耳麥式耳機 (Arctis 7 Chat)
[2020.09.12-04.04.00:354][  0]LogInit: FAudioDevice initialized.
[2020.09.12-04.04.00:354][  0]LogNetVersion: Set ProjectVersion to 1.0.0.0. Version Checksum will be recalculated on next use.
[2020.09.12-04.04.00:448][  0]LogDerivedDataCache: Saved boot cache 0.09s 78MB C:/Users/ken/AppData/Local/UnrealEngine/4.24/DerivedDataCache/Boot.ddc.
[2020.09.12-04.04.00:452][  0]LogInit: Texture streaming: Enabled
[2020.09.12-04.04.00:461][  0]LogEngineSessionManager: EngineSessionManager initialized
[2020.09.12-04.04.00:461][  0]LogEditorSessionSummary: Verbose: Initializing EditorSessionSummaryWriter for editor session tracking
[2020.09.12-04.04.00:464][  0]LogEditorSessionSummary: EditorSessionSummaryWriter initialized
[2020.09.12-04.04.00:498][  0]LogInit: Transaction tracking system initialized
[2020.09.12-04.04.00:507][  0]BlueprintLog: New page: Editor Load
[2020.09.12-04.04.00:534][  0]LocalizationService: Localization service is disabled
[2020.09.12-04.04.00:790][  0]LogFileCache: Scanning file cache for directory 'C:/Users/ken/Documents/Unreal Projects/FYP/Content/' took 0.00s
[2020.09.12-04.04.00:790][  0]LogCook: Display: Max memory allowance for cook 16384mb min free memory 0mb
[2020.09.12-04.04.00:790][  0]LogCook: Display: Mobile HDR setting 1
[2020.09.12-04.04.01:487][  0]SourceControl: Source control is disabled
[2020.09.12-04.04.01:487][  0]Cmd: MAP LOAD FILE="../../../Engine/Content/Maps/Templates/Template_Default.umap" TEMPLATE=1 SHOWPROGRESS=1 FEATURELEVEL=3
[2020.09.12-04.04.01:487][  0]LightingResults: New page: Lighting Build
[2020.09.12-04.04.01:488][  0]LogWorld: UWorld::CleanupWorld for Untitled, bSessionEnded=true, bCleanupResources=true
[2020.09.12-04.04.01:488][  0]LogSlate: InvalidateAllWidgets triggered.  All widgets were invalidated
[2020.09.12-04.04.01:488][  0]MapCheck: New page: Map Check
[2020.09.12-04.04.01:488][  0]LightingResults: New page: Lighting Build
[2020.09.12-04.04.01:513][  0]LogUObjectHash: Compacting FUObjectHashTables data took   1.96ms
[2020.09.12-04.04.01:593][  0]LogAIModule: Creating AISystem for world Untitled_1
[2020.09.12-04.04.01:597][  0]LogEditorServer: Finished looking for orphan Actors (0.000 secs)
[2020.09.12-04.04.01:623][  0]LogUObjectHash: Compacting FUObjectHashTables data took   2.69ms
[2020.09.12-04.04.01:624][  0]Cmd: MAP CHECKDEP NOCLEARLOG
[2020.09.12-04.04.01:624][  0]MapCheck: Map check complete: 0 Error(s), 0 Warning(s), took 0.281ms to complete.
[2020.09.12-04.04.01:624][  0]LogFileHelpers: Loading map 'Template_Default' took 0.137
[2020.09.12-04.04.01:725][  0]LogWindowsTextInputMethodSystem: Display: IME system now activated using TSF (Microsoft 速成).
[2020.09.12-04.04.01:771][  0]LogSlate: Updating window title bar state: overlay mode, drag disabled, window buttons hidden, title bar hidden
[2020.09.12-04.04.01:778][  0]LogSlate: Updating window title bar state: overlay mode, drag disabled, window buttons hidden, title bar hidden
[2020.09.12-04.04.01:786][  0]LogSlate: Updating window title bar state: overlay mode, drag disabled, window buttons hidden, title bar hidden
[2020.09.12-04.04.01:793][  0]LogSlate: Updating window title bar state: overlay mode, drag disabled, window buttons hidden, title bar hidden
[2020.09.12-04.04.01:797][  0]LogCollectionManager: Loaded 0 collections in 0.000818 seconds
[2020.09.12-04.04.01:810][  0]LogFileCache: Scanning file cache for directory 'C:/Users/ken/Documents/Unreal Projects/FYP/Saved/Collections/' took 0.00s
[2020.09.12-04.04.01:810][  0]LogFileCache: Scanning file cache for directory 'C:/Users/ken/Documents/Unreal Projects/FYP/Content/Developers/ken/Collections/' took 0.00s
[2020.09.12-04.04.01:810][  0]LogFileCache: Scanning file cache for directory 'C:/Users/ken/Documents/Unreal Projects/FYP/Content/Collections/' took 0.00s
[2020.09.12-04.04.01:810][  0]LogContentBrowser: Native class hierarchy populated in 0.0082 seconds. Added 3025 classes and 735 folders.
[2020.09.12-04.04.01:812][  0]LogContentBrowser: Native class hierarchy updated for 'WidgetCarousel' in 0.0003 seconds. Added 0 classes and 0 folders.
[2020.09.12-04.04.01:862][  0]LogContentBrowser: Native class hierarchy updated for 'AddContentDialog' in 0.0003 seconds. Added 0 classes and 0 folders.
[2020.09.12-04.04.01:868][  0]LogContentBrowser: Native class hierarchy updated for 'SceneOutliner' in 0.0003 seconds. Added 2 classes and 3 folders.
[2020.09.12-04.04.02:021][  0]LogSlate: Took 0.000250 seconds to synchronously load lazily loaded font '../../../Engine/Content/Slate/Fonts/Roboto-Regular.ttf' (155K)
[2020.09.12-04.04.02:024][  0]LogSlate: Took 0.000231 seconds to synchronously load lazily loaded font '../../../Engine/Content/Slate/Fonts/Roboto-Bold.ttf' (160K)
[2020.09.12-04.04.02:029][  0]LogSlate: Took 0.000166 seconds to synchronously load lazily loaded font '../../../Engine/Content/Editor/Slate/Fonts/FontAwesome.ttf' (139K)
[2020.09.12-04.04.02:112][  0]LogRenderer: Reallocating scene render targets to support 1196x548 Format 10 NumSamples 1 (Frame:1).
[2020.09.12-04.04.02:242][  0]LogContentBrowser: Native class hierarchy updated for 'HierarchicalLODOutliner' in 0.0003 seconds. Added 0 classes and 0 folders.
[2020.09.12-04.04.02:243][  0]LogLoad: (Engine Initialization) Total time: 8.04 seconds
[2020.09.12-04.04.02:243][  0]LogLoad: (Engine Initialization) Total Blueprint compile time: 0.00 seconds
[2020.09.12-04.04.02:283][  0]LogAssetRegistry: Asset discovery search completed in 4.7803 seconds
[2020.09.12-04.04.02:288][  0]LogCollectionManager: Fixed up redirectors for 0 collections in 0.000012 seconds (updated 0 objects)
[2020.09.12-04.04.02:290][  0]LogContentStreaming: Texture pool size now 1000 MB
[2020.09.12-04.04.03:280][114]LogConcert: Display: Admin (D9702C544A15823136E4E6AD9D220FB9): Remote endpoint 'D8CD66774CBC9DB4601BE9A9F1B87946' discovered.
[2020.09.12-04.04.04:533][259]LogSlate: Window 'Plugins' being destroyed
[2020.09.12-04.04.04:537][259]LogSlate: Window 'Plugins' being destroyed
[2020.09.12-04.04.04:537][259]LogDirectoryWatcher: A directory notification for '../../../Engine/Plugins/' was aborted.
[2020.09.12-04.04.18:857][823]LogMaterial: Display: Missing cached shader map for material M_MonitorScreen, compiling. 
[2020.09.12-04.04.18:886][823]LogStaticMesh: Building static mesh MonitorMesh...
[2020.09.12-04.04.18:891][823]LogSlate: Took 0.000246 seconds to synchronously load lazily loaded font '../../../Engine/Content/Slate/Fonts/Roboto-Light.ttf' (167K)
[2020.09.12-04.04.18:910][823]LogShaderCompilers: Display: Worker (1/5): shaders left to compile 23
[2020.09.12-04.04.18:910][823]LogShaderCompilers: Display: Worker (2/5): shaders left to compile 17
[2020.09.12-04.04.18:910][823]LogShaderCompilers: Display: Worker (3/5): shaders left to compile 11
[2020.09.12-04.04.18:910][823]LogShaderCompilers: Display: Worker (4/5): shaders left to compile 5
[2020.09.12-04.04.18:922][823]LogSlate: Warning: Slate: Had to block on waiting for a draw buffer
[2020.09.12-04.04.18:940][823]LogStaticMesh: Built static mesh [0.05s] /ConcertSyncClient/MonitorMesh.MonitorMesh
[2020.09.12-04.04.18:943][823]LogSlate: Warning: Slate: Had to block on waiting for a draw buffer
[2020.09.12-04.04.18:962][823]LogMaterial: Display: Missing cached shader map for material M_UE4Head_Body, compiling. 
[2020.09.12-04.04.19:019][823]LogStaticMesh: Building static mesh HeadMesh...
[2020.09.12-04.04.19:045][823]LogSlate: Warning: Slate: Had to block on waiting for a draw buffer
[2020.09.12-04.04.19:113][823]LogStaticMesh: Built static mesh [0.09s] /ConcertSyncClient/HeadMesh.HeadMesh
[2020.09.12-04.04.19:114][823]LogSlate: Warning: Slate: Had to block on waiting for a draw buffer
[2020.09.12-04.04.19:165][823]LogMaterial: Display: Missing cached shader map for material M_UE4Head_Desktop, compiling. 
[2020.09.12-04.04.19:197][823]LogMaterial: Display: Missing cached shader map for material M_ConcertClientPresence-Desktop, compiling. 
[2020.09.12-04.04.19:227][823]LogMaterial: Display: Missing cached shader map for material M_ConcertClientPresence, compiling. 
[2020.09.12-04.04.19:260][823]LogStaticMesh: Building static mesh SM_Hand-Lft-Mesh...
[2020.09.12-04.04.19:274][823]LogSlate: Warning: Slate: Had to block on waiting for a draw buffer
[2020.09.12-04.04.19:280][823]LogSlate: Warning: Slate: Had to block on waiting for a draw buffer
[2020.09.12-04.04.19:409][823]LogStaticMesh: Built static mesh [0.15s] /ConcertSyncClient/SM_Hand-Lft-Mesh.SM_Hand-Lft-Mesh
[2020.09.12-04.04.19:413][823]LogSlate: Warning: Slate: Had to block on waiting for a draw buffer
[2020.09.12-04.04.19:434][823]LogStaticMesh: Building static mesh SM_GenericHMD...
[2020.09.12-04.04.19:461][823]LogSlate: Warning: Slate: Had to block on waiting for a draw buffer
[2020.09.12-04.04.19:569][823]LogStaticMesh: Built static mesh [0.13s] /ConcertSyncClient/SM_GenericHMD.SM_GenericHMD
[2020.09.12-04.04.19:570][823]LogSlate: Warning: Slate: Had to block on waiting for a draw buffer
[2020.09.12-04.04.20:609][910]LogShaderCompilers: Display: Worker (3/5): shaders left to compile 123
[2020.09.12-04.04.20:711][913]LogShaderCompilers: Display: Worker (1/5): shaders left to compile 113
[2020.09.12-04.04.21:049][922]LogShaderCompilers: Display: Worker (2/5): shaders left to compile 103
[2020.09.12-04.04.21:358][945]LogShaderCompilers: Display: Worker (4/5): shaders left to compile 93
[2020.09.12-04.04.23:421][121]LogShaderCompilers: Display: Worker (1/5): shaders left to compile 83
[2020.09.12-04.04.23:735][149]LogShaderCompilers: Display: Worker (3/5): shaders left to compile 73
[2020.09.12-04.04.28:169][255]LogShaderCompilers: Display: Worker (4/5): shaders left to compile 63
[2020.09.12-04.04.28:169][255]LogShaderCompilers: Display: Worker (1/5): shaders left to compile 53
[2020.09.12-04.04.28:170][255]LogShaderCompilers: Display: Worker (2/5): shaders left to compile 43
[2020.09.12-04.04.28:170][255]LogShaderCompilers: Display: Worker (3/5): shaders left to compile 33
[2020.09.12-04.04.28:720][302]LogShaderCompilers: Display: Worker (1/5): shaders left to compile 24
[2020.09.12-04.04.29:173][343]LogShaderCompilers: Display: Worker (2/5): shaders left to compile 17
[2020.09.12-04.04.30:561][470]LogShaderCompilers: Display: Worker (4/5): shaders left to compile 12
[2020.09.12-04.04.30:769][487]LogShaderCompilers: Display: Worker (2/5): shaders left to compile 8
[2020.09.12-04.04.31:817][580]LogShaderCompilers: Display: Worker (3/5): shaders left to compile 5
[2020.09.12-04.04.32:541][643]LogShaderCompilers: Display: Worker (2/5): shaders left to compile 3
[2020.09.12-04.04.32:754][661]LogShaderCompilers: Display: Worker (3/5): shaders left to compile 2
[2020.09.12-04.04.32:905][674]LogShaderCompilers: Display: Worker (4/5): shaders left to compile 1
[2020.09.12-04.09.29:965][891]LogSlate: Window 'Project Settings' being destroyed
[2020.09.12-04.09.29:971][891]LogSlate: Window 'Project Settings' being destroyed
[2020.09.12-04.09.30:828][983]LogConcert: [Pending] Launching Unreal Multi-User Server...
[2020.09.12-04.09.30:844][983]LogConcert: [Success] Launched Unreal Multi-User Server
[2020.09.12-04.09.32:969][ 75]LogConcert: Display: Admin (D9702C544A15823136E4E6AD9D220FB9): Remote endpoint 'D040F9E74E1CFC14EC5859A60D036437' discovered.
[2020.09.12-04.09.32:978][ 76]LogConcert: Display: Server DESKTOP-KENGOR discovered.
[2020.09.12-04.11.45:806][306]LogUdpMessaging: Warning: Invalid UDP Messaging Static Endpoint ''
[2020.09.12-04.11.45:806][306]LogUdpMessaging: Initializing bridge on interface 0.0.0.0:0 to multicast group 230.0.0.1:6666.
[2020.09.12-04.17.01:052][376]LogUdpMessaging: Warning: Invalid UDP Messaging Static Endpoint ''
[2020.09.12-04.17.01:052][376]LogUdpMessaging: Initializing bridge on interface 192.168.1.23:0 to multicast group 230.0.0.1:6666.
[2020.09.12-04.18.36:205][272]LogUdpMessaging: Initializing bridge on interface 192.168.1.23:0 to multicast group 230.0.0.1:6666.
[2020.09.12-04.18.46:314][ 82]LogUdpMessaging: Initializing bridge on interface 10.144.31.213:0 to multicast group 230.0.0.1:6666.
[2020.09.12-04.18.46:314][ 82]FUdpSocketBuilder: Failed to bind UdpMessageUnicastSocket to 10.144.31.213:0
[2020.09.12-04.18.46:314][ 82]FUdpSocketBuilder: Failed to configure multicast for UdpMessageUnicastSocket (loopback: 1, ttl: 1)
[2020.09.12-04.18.46:314][ 82]FUdpSocketBuilder: Failed to create and initialize socket UdpMessageUnicastSocket (last error: 0)
[2020.09.12-04.18.46:314][ 82]LogUdpMessaging: Error: StartTransport failed to create unicast socket on 10.144.31.213:0
[2020.09.12-04.18.50:350][558]LogConcert: Display: Server DESKTOP-KENGOR lost.
[2020.09.12-04.18.57:800][426]LogUdpMessaging: Initializing bridge on interface 10.144.31.213:0 to multicast group 230.0.0.1:6666.
[2020.09.12-04.18.57:800][426]FUdpSocketBuilder: Failed to bind UdpMessageUnicastSocket to 10.144.31.213:0
[2020.09.12-04.18.57:800][426]FUdpSocketBuilder: Failed to configure multicast for UdpMessageUnicastSocket (loopback: 1, ttl: 1)
[2020.09.12-04.18.57:800][426]FUdpSocketBuilder: Failed to create and initialize socket UdpMessageUnicastSocket (last error: 0)
[2020.09.12-04.18.57:800][426]LogUdpMessaging: Error: StartTransport failed to create unicast socket on 10.144.31.213:0
[2020.09.12-04.19.34:908][641]LogConcert: Display: Admin (D9702C544A15823136E4E6AD9D220FB9): Remote endpoint 'D8CD66774CBC9DB4601BE9A9F1B87946' timed-out.
[2020.09.12-04.19.45:295][672]LogConcert: Display: Admin (D9702C544A15823136E4E6AD9D220FB9): Remote endpoint 'D040F9E74E1CFC14EC5859A60D036437' timed-out.
[2020.09.12-04.19.45:295][672]LogConcert: Warning: Admin (D9702C544A15823136E4E6AD9D220FB9): Message '5DBDFE0B4417683E65538AAFECA2969E' (ConcertAdmin_GetLiveSessionsRequest) timed-out sending to 'D040F9E74E1CFC14EC5859A60D036437'.
[2020.09.12-04.19.45:295][672]LogConcert: Warning: Admin (D9702C544A15823136E4E6AD9D220FB9): Message 'FA4CC463472F3AADDA9B089D3B8D5E31' (ConcertAdmin_GetArchivedSessionsRequest) timed-out sending to 'D040F9E74E1CFC14EC5859A60D036437'.
[2020.09.12-04.19.45:295][672]LogConcert: Warning: Admin (D9702C544A15823136E4E6AD9D220FB9): Message '23D43B5947A5B55A5F6E0FB7DA854698' (ConcertAdmin_GetLiveSessionsRequest) timed-out sending to 'D040F9E74E1CFC14EC5859A60D036437'.
[2020.09.12-04.19.45:295][672]LogConcert: Warning: Admin (D9702C544A15823136E4E6AD9D220FB9): Message '7D83B76B44F42F874E38C39CBB0D8EA6' (ConcertAdmin_GetArchivedSessionsRequest) timed-out sending to 'D040F9E74E1CFC14EC5859A60D036437'.
[2020.09.12-04.21.25:105][969]LogSlate: Window 'Project Settings' being destroyed
[2020.09.12-04.21.25:111][969]LogSlate: Window 'Project Settings' being destroyed
[2020.09.12-04.21.31:010][375]LogConcert: [Pending] Launching Unreal Multi-User Server...
[2020.09.12-04.21.31:019][375]LogConcert: [Success] Launched Unreal Multi-User Server
[2020.09.12-04.24.08:380][960]LogUdpMessaging: Initializing bridge on interface 25.17.140.131:0 to multicast group 230.0.0.1:6666.
[2020.09.12-04.24.08:380][960]FUdpSocketBuilder: Failed to bind UdpMessageUnicastSocket to 25.17.140.131:0
[2020.09.12-04.24.08:380][960]FUdpSocketBuilder: Failed to configure multicast for UdpMessageUnicastSocket (loopback: 1, ttl: 1)
[2020.09.12-04.24.08:380][960]FUdpSocketBuilder: Failed to create and initialize socket UdpMessageUnicastSocket (last error: 0)
[2020.09.12-04.24.08:380][960]LogUdpMessaging: Error: StartTransport failed to create unicast socket on 25.17.140.131:0
[2020.09.12-04.24.08:391][960]LogSlate: Window 'Project Settings' being destroyed
[2020.09.12-04.24.08:398][960]LogSlate: Window 'Project Settings' being destroyed
[2020.09.12-04.24.10:787][239]LogConcert: [Pending] Launching Unreal Multi-User Server...
[2020.09.12-04.24.10:794][239]LogConcert: [Success] Launched Unreal Multi-User Server
[2020.09.12-04.28.35:692][489]LogUdpMessaging: Initializing bridge on interface 192.168.194.157:0 to multicast group 230.0.0.1:6666.
[2020.09.12-04.28.36:336][563]LogConcert: Display: Admin (D9702C544A15823136E4E6AD9D220FB9): Remote endpoint 'A37AF8074331DF3F2D277EB50D304382' discovered.
[2020.09.12-04.28.42:801][271]LogUdpMessaging: Initializing bridge on interface 192.168.194.157:0 to multicast group 230.0.0.1:6666.
[2020.09.12-04.28.50:269][766]LogConcert: Warning: Admin (D9702C544A15823136E4E6AD9D220FB9): Message '299E27074049962A0B6D41BB7BC07156' (ConcertKeepAlive) discarded. Unknown remote endpoint 'D8CD66774CBC9DB4601BE9A9F1B87946'.
[2020.09.12-04.29.04:995][887]LogConcert: Warning: Admin (D9702C544A15823136E4E6AD9D220FB9): Message 'C5A4C5C44D4A4DE67635C1A7BBA3BADB' (ConcertKeepAlive) discarded. Unknown remote endpoint 'D8CD66774CBC9DB4601BE9A9F1B87946'.
[2020.09.12-04.29.08:696][325]LogSlate: Window 'Project Settings' being destroyed
[2020.09.12-04.29.08:702][325]LogSlate: Window 'Project Settings' being destroyed
[2020.09.12-04.29.09:498][414]LogConcert: [Pending] Launching Unreal Multi-User Server...
[2020.09.12-04.29.09:506][414]LogConcert: [Success] Launched Unreal Multi-User Server
[2020.09.12-04.29.11:154][485]LogConcert: Display: Admin (D9702C544A15823136E4E6AD9D220FB9): Remote endpoint '5A8C26124810AEED28BB328620332791' discovered.
[2020.09.12-04.29.11:157][486]LogConcert: Display: Server DESKTOP-KENGOR discovered.
[2020.09.12-04.29.20:190][512]LogConcert: Warning: Admin (D9702C544A15823136E4E6AD9D220FB9): Message 'B6B4BD5940BA8BEE7BA968BAE20BE38A' (ConcertKeepAlive) discarded. Unknown remote endpoint 'D8CD66774CBC9DB4601BE9A9F1B87946'.
[2020.09.12-04.29.35:283][557]LogConcert: Warning: Admin (D9702C544A15823136E4E6AD9D220FB9): Message 'CAE099F841ED4DABF200AFAC621C625E' (ConcertKeepAlive) discarded. Unknown remote endpoint 'D8CD66774CBC9DB4601BE9A9F1B87946'.
[2020.09.12-04.29.50:022][601]LogConcert: Warning: Admin (D9702C544A15823136E4E6AD9D220FB9): Message 'AF2D7ECF45574CBB8693AA862B8D5B00' (ConcertKeepAlive) discarded. Unknown remote endpoint 'D8CD66774CBC9DB4601BE9A9F1B87946'.
[2020.09.12-04.30.05:100][646]LogConcert: Warning: Admin (D9702C544A15823136E4E6AD9D220FB9): Message '0301AF2142A2FFDA9CBEA182BF17630C' (ConcertKeepAlive) discarded. Unknown remote endpoint 'D8CD66774CBC9DB4601BE9A9F1B87946'.
[2020.09.12-04.30.20:174][691]LogConcert: Warning: Admin (D9702C544A15823136E4E6AD9D220FB9): Message '1018784F4B19A85B5380D19C32C1FB1C' (ConcertKeepAlive) discarded. Unknown remote endpoint 'D8CD66774CBC9DB4601BE9A9F1B87946'.
[2020.09.12-04.30.35:247][736]LogConcert: Warning: Admin (D9702C544A15823136E4E6AD9D220FB9): Message '1AAD373B4FB5936541A237ACF190A457' (ConcertKeepAlive) discarded. Unknown remote endpoint 'D8CD66774CBC9DB4601BE9A9F1B87946'.
[2020.09.12-04.30.37:251][743]LogConcert: Display: Server DESKTOP-KENGOR lost.
[2020.09.12-04.30.50:303][781]LogConcert: Warning: Admin (D9702C544A15823136E4E6AD9D220FB9): Message 'F2BE7587427C0966C0B34FA63CE99023' (ConcertKeepAlive) discarded. Unknown remote endpoint 'D8CD66774CBC9DB4601BE9A9F1B87946'.
[2020.09.12-04.31.05:362][826]LogConcert: Warning: Admin (D9702C544A15823136E4E6AD9D220FB9): Message '318AA64F4F5AD0A3C2EE698AF4372829' (ConcertKeepAlive) discarded. Unknown remote endpoint 'D8CD66774CBC9DB4601BE9A9F1B87946'.
[2020.09.12-04.31.20:096][870]LogConcert: Warning: Admin (D9702C544A15823136E4E6AD9D220FB9): Message 'C663A91B4C4C014AB15D4DADCAFEE212' (ConcertKeepAlive) discarded. Unknown remote endpoint 'D8CD66774CBC9DB4601BE9A9F1B87946'.
